[0.076s] Invoking command in '/home/unitree/Desktop/unitree_dex3/build/trac_ik_lib': CMAKE_PREFIX_PATH=${CMAKE_PREFIX_PATH}:/opt/ros/foxy CONDA_PROMPT_MODIFIER=(base) /usr/bin/cmake --build /home/unitree/Desktop/unitree_dex3/build/trac_ik_lib -- -j8 -l8
[0.239s] [100%] Built target trac_ik
[0.284s] Invoked command in '/home/unitree/Desktop/unitree_dex3/build/trac_ik_lib' returned '0': CMAKE_PREFIX_PATH=${CMAKE_PREFIX_PATH}:/opt/ros/foxy CONDA_PROMPT_MODIFIER=(base) /usr/bin/cmake --build /home/unitree/Desktop/unitree_dex3/build/trac_ik_lib -- -j8 -l8
[0.324s] Invoking command in '/home/unitree/Desktop/unitree_dex3/build/trac_ik_lib': CMAKE_PREFIX_PATH=${CMAKE_PREFIX_PATH}:/opt/ros/foxy CONDA_PROMPT_MODIFIER=(base) /usr/bin/cmake --install /home/unitree/Desktop/unitree_dex3/build/trac_ik_lib
[0.358s] -- Install configuration: ""
[0.359s] -- Up-to-date: /home/unitree/Desktop/unitree_dex3/install/trac_ik_lib/include
[0.359s] -- Up-to-date: /home/unitree/Desktop/unitree_dex3/install/trac_ik_lib/include/trac_ik
[0.361s] -- Up-to-date: /home/unitree/Desktop/unitree_dex3/install/trac_ik_lib/include/trac_ik/dual_quaternion.h
[0.362s] -- Up-to-date: /home/unitree/Desktop/unitree_dex3/install/trac_ik_lib/include/trac_ik/nlopt_ik.hpp
[0.363s] -- Up-to-date: /home/unitree/Desktop/unitree_dex3/install/trac_ik_lib/include/trac_ik/math3d.h
[0.364s] -- Up-to-date: /home/unitree/Desktop/unitree_dex3/install/trac_ik_lib/include/trac_ik/trac_ik.hpp
[0.365s] -- Up-to-date: /home/unitree/Desktop/unitree_dex3/install/trac_ik_lib/include/trac_ik/kdl_tl.hpp
[0.367s] -- Up-to-date: /home/unitree/Desktop/unitree_dex3/install/trac_ik_lib/lib/libtrac_ik.so
[0.369s] -- Up-to-date: /home/unitree/Desktop/unitree_dex3/install/trac_ik_lib/share/trac_ik_lib/environment/library_path.sh
[0.370s] -- Up-to-date: /home/unitree/Desktop/unitree_dex3/install/trac_ik_lib/share/trac_ik_lib/environment/library_path.dsv
[0.371s] -- Up-to-date: /home/unitree/Desktop/unitree_dex3/install/trac_ik_lib/share/ament_index/resource_index/package_run_dependencies/trac_ik_lib
[0.372s] -- Up-to-date: /home/unitree/Desktop/unitree_dex3/install/trac_ik_lib/share/ament_index/resource_index/parent_prefix_path/trac_ik_lib
[0.373s] -- Up-to-date: /home/unitree/Desktop/unitree_dex3/install/trac_ik_lib/share/trac_ik_lib/environment/ament_prefix_path.sh
[0.374s] -- Up-to-date: /home/unitree/Desktop/unitree_dex3/install/trac_ik_lib/share/trac_ik_lib/environment/ament_prefix_path.dsv
[0.375s] -- Up-to-date: /home/unitree/Desktop/unitree_dex3/install/trac_ik_lib/share/trac_ik_lib/environment/path.sh
[0.377s] -- Up-to-date: /home/unitree/Desktop/unitree_dex3/install/trac_ik_lib/share/trac_ik_lib/environment/path.dsv
[0.377s] -- Up-to-date: /home/unitree/Desktop/unitree_dex3/install/trac_ik_lib/share/trac_ik_lib/local_setup.bash
[0.377s] -- Up-to-date: /home/unitree/Desktop/unitree_dex3/install/trac_ik_lib/share/trac_ik_lib/local_setup.sh
[0.378s] -- Up-to-date: /home/unitree/Desktop/unitree_dex3/install/trac_ik_lib/share/trac_ik_lib/local_setup.zsh
[0.378s] -- Up-to-date: /home/unitree/Desktop/unitree_dex3/install/trac_ik_lib/share/trac_ik_lib/local_setup.dsv
[0.378s] -- Installing: /home/unitree/Desktop/unitree_dex3/install/trac_ik_lib/share/trac_ik_lib/package.dsv
[0.378s] -- Up-to-date: /home/unitree/Desktop/unitree_dex3/install/trac_ik_lib/share/ament_index/resource_index/packages/trac_ik_lib
[0.378s] -- Up-to-date: /home/unitree/Desktop/unitree_dex3/install/trac_ik_lib/share/trac_ik_lib/cmake/export_trac_ik_libExport.cmake
[0.379s] -- Up-to-date: /home/unitree/Desktop/unitree_dex3/install/trac_ik_lib/share/trac_ik_lib/cmake/export_trac_ik_libExport-noconfig.cmake
[0.379s] -- Up-to-date: /home/unitree/Desktop/unitree_dex3/install/trac_ik_lib/share/trac_ik_lib/cmake/ament_cmake_export_libraries-extras.cmake
[0.379s] -- Up-to-date: /home/unitree/Desktop/unitree_dex3/install/trac_ik_lib/share/trac_ik_lib/cmake/ament_cmake_export_targets-extras.cmake
[0.379s] -- Up-to-date: /home/unitree/Desktop/unitree_dex3/install/trac_ik_lib/share/trac_ik_lib/cmake/ament_cmake_export_dependencies-extras.cmake
[0.379s] -- Up-to-date: /home/unitree/Desktop/unitree_dex3/install/trac_ik_lib/share/trac_ik_lib/cmake/ament_cmake_export_include_directories-extras.cmake
[0.379s] -- Up-to-date: /home/unitree/Desktop/unitree_dex3/install/trac_ik_lib/share/trac_ik_lib/cmake/trac_ik_libConfig.cmake
[0.380s] -- Up-to-date: /home/unitree/Desktop/unitree_dex3/install/trac_ik_lib/share/trac_ik_lib/cmake/trac_ik_libConfig-version.cmake
[0.380s] -- Up-to-date: /home/unitree/Desktop/unitree_dex3/install/trac_ik_lib/share/trac_ik_lib/package.xml
[0.397s] Invoked command in '/home/unitree/Desktop/unitree_dex3/build/trac_ik_lib' returned '0': CMAKE_PREFIX_PATH=${CMAKE_PREFIX_PATH}:/opt/ros/foxy CONDA_PROMPT_MODIFIER=(base) /usr/bin/cmake --install /home/unitree/Desktop/unitree_dex3/build/trac_ik_lib
