[0.101s] Invoking command in '/home/unitree/Desktop/unitree_dex3/build/unitree_g1_dex3_stack': AMENT_PREFIX_PATH=/home/unitree/Desktop/unitree_dex3/install/trac_ik_lib:/home/unitree/Desktop/unitree_dex3/install/bboxes_ex_msgs:${AMENT_PREFIX_PATH} CMAKE_PREFIX_PATH=/home/unitree/Desktop/unitree_dex3/install/trac_ik_lib:/home/unitree/Desktop/unitree_dex3/install/fcl:/home/unitree/Desktop/unitree_dex3/install/bboxes_ex_msgs:/home/unitree/unitree_ros2/cyclonedds_ws/install:/home/unitree/cyclonedds_ws/install/rmw_cyclonedds_cpp:/home/unitree/cyclonedds_ws/install/cyclonedds:/opt/ros/foxy CONDA_PROMPT_MODIFIER=(base) LD_LIBRARY_PATH=/home/unitree/Desktop/unitree_dex3/install/trac_ik_lib/lib:/home/unitree/Desktop/unitree_dex3/install/fcl/lib:/home/unitree/Desktop/unitree_dex3/install/bboxes_ex_msgs/lib:${LD_LIBRARY_PATH} PKG_CONFIG_PATH=/home/unitree/Desktop/unitree_dex3/install/fcl/lib/aarch64-linux-gnu/pkgconfig:/home/unitree/Desktop/unitree_dex3/install/fcl/lib/pkgconfig:${PKG_CONFIG_PATH} PYTHONPATH=/home/unitree/Desktop/unitree_dex3/install/bboxes_ex_msgs/lib/python3.8/site-packages:${PYTHONPATH} /usr/bin/cmake --build /home/unitree/Desktop/unitree_dex3/build/unitree_g1_dex3_stack -- -j8 -l8
[0.414s] Scanning dependencies of target joint_trajectory_executor
[0.484s] [  5%] Building CXX object CMakeFiles/joint_trajectory_executor.dir/src/joint_trajectory_executor.cpp.o
[21.604s] [ 11%] Linking CXX executable joint_trajectory_executor
[22.996s] [ 11%] Built target joint_trajectory_executor
[23.144s] [ 22%] Built target ik_fcl_ompl_planner
[23.299s] [ 33%] Built target project_to_3d_node
[23.439s] [ 44%] Built target visual_detection_yolo_tester
[23.583s] [ 55%] Built target detection_to_goal_node
[23.710s] [ 66%] Built target visual_detection_tester
[23.846s] [ 77%] Built target right_hand_pressure_monitor
[23.965s] [ 88%] Built target dex3_controller
[24.069s] [100%] Built target joint_state_publisher
[24.126s] Invoked command in '/home/unitree/Desktop/unitree_dex3/build/unitree_g1_dex3_stack' returned '0': AMENT_PREFIX_PATH=/home/unitree/Desktop/unitree_dex3/install/trac_ik_lib:/home/unitree/Desktop/unitree_dex3/install/bboxes_ex_msgs:${AMENT_PREFIX_PATH} CMAKE_PREFIX_PATH=/home/unitree/Desktop/unitree_dex3/install/trac_ik_lib:/home/unitree/Desktop/unitree_dex3/install/fcl:/home/unitree/Desktop/unitree_dex3/install/bboxes_ex_msgs:/home/unitree/unitree_ros2/cyclonedds_ws/install:/home/unitree/cyclonedds_ws/install/rmw_cyclonedds_cpp:/home/unitree/cyclonedds_ws/install/cyclonedds:/opt/ros/foxy CONDA_PROMPT_MODIFIER=(base) LD_LIBRARY_PATH=/home/unitree/Desktop/unitree_dex3/install/trac_ik_lib/lib:/home/unitree/Desktop/unitree_dex3/install/fcl/lib:/home/unitree/Desktop/unitree_dex3/install/bboxes_ex_msgs/lib:${LD_LIBRARY_PATH} PKG_CONFIG_PATH=/home/unitree/Desktop/unitree_dex3/install/fcl/lib/aarch64-linux-gnu/pkgconfig:/home/unitree/Desktop/unitree_dex3/install/fcl/lib/pkgconfig:${PKG_CONFIG_PATH} PYTHONPATH=/home/unitree/Desktop/unitree_dex3/install/bboxes_ex_msgs/lib/python3.8/site-packages:${PYTHONPATH} /usr/bin/cmake --build /home/unitree/Desktop/unitree_dex3/build/unitree_g1_dex3_stack -- -j8 -l8
[24.165s] Invoking command in '/home/unitree/Desktop/unitree_dex3/build/unitree_g1_dex3_stack': AMENT_PREFIX_PATH=/home/unitree/Desktop/unitree_dex3/install/trac_ik_lib:/home/unitree/Desktop/unitree_dex3/install/bboxes_ex_msgs:${AMENT_PREFIX_PATH} CMAKE_PREFIX_PATH=/home/unitree/Desktop/unitree_dex3/install/trac_ik_lib:/home/unitree/Desktop/unitree_dex3/install/fcl:/home/unitree/Desktop/unitree_dex3/install/bboxes_ex_msgs:/home/unitree/unitree_ros2/cyclonedds_ws/install:/home/unitree/cyclonedds_ws/install/rmw_cyclonedds_cpp:/home/unitree/cyclonedds_ws/install/cyclonedds:/opt/ros/foxy CONDA_PROMPT_MODIFIER=(base) LD_LIBRARY_PATH=/home/unitree/Desktop/unitree_dex3/install/trac_ik_lib/lib:/home/unitree/Desktop/unitree_dex3/install/fcl/lib:/home/unitree/Desktop/unitree_dex3/install/bboxes_ex_msgs/lib:${LD_LIBRARY_PATH} PKG_CONFIG_PATH=/home/unitree/Desktop/unitree_dex3/install/fcl/lib/aarch64-linux-gnu/pkgconfig:/home/unitree/Desktop/unitree_dex3/install/fcl/lib/pkgconfig:${PKG_CONFIG_PATH} PYTHONPATH=/home/unitree/Desktop/unitree_dex3/install/bboxes_ex_msgs/lib/python3.8/site-packages:${PYTHONPATH} /usr/bin/cmake --install /home/unitree/Desktop/unitree_dex3/build/unitree_g1_dex3_stack
[24.203s] -- Install configuration: ""
[24.206s] -- Execute custom install script
[24.211s] -- Up-to-date symlink: /home/unitree/Desktop/unitree_dex3/install/unitree_g1_dex3_stack/lib/unitree_g1_dex3_stack/joint_state_publisher
[24.211s] -- Up-to-date symlink: /home/unitree/Desktop/unitree_dex3/install/unitree_g1_dex3_stack/lib/unitree_g1_dex3_stack/dex3_controller
[24.211s] -- Up-to-date symlink: /home/unitree/Desktop/unitree_dex3/install/unitree_g1_dex3_stack/lib/unitree_g1_dex3_stack/joint_trajectory_executor
[24.211s] -- Up-to-date symlink: /home/unitree/Desktop/unitree_dex3/install/unitree_g1_dex3_stack/lib/unitree_g1_dex3_stack/project_to_3d_node
[24.212s] -- Up-to-date symlink: /home/unitree/Desktop/unitree_dex3/install/unitree_g1_dex3_stack/lib/unitree_g1_dex3_stack/detection_to_goal_node
[24.212s] -- Up-to-date symlink: /home/unitree/Desktop/unitree_dex3/install/unitree_g1_dex3_stack/lib/unitree_g1_dex3_stack/right_hand_pressure_monitor
[24.212s] -- Up-to-date symlink: /home/unitree/Desktop/unitree_dex3/install/unitree_g1_dex3_stack/lib/unitree_g1_dex3_stack/visual_detection_tester
[24.215s] -- Up-to-date symlink: /home/unitree/Desktop/unitree_dex3/install/unitree_g1_dex3_stack/lib/unitree_g1_dex3_stack/visual_detection_yolo_tester
[24.215s] -- Up-to-date symlink: /home/unitree/Desktop/unitree_dex3/install/unitree_g1_dex3_stack/lib/unitree_g1_dex3_stack/ik_fcl_ompl_planner
[24.215s] -- Up-to-date symlink: /home/unitree/Desktop/unitree_dex3/install/unitree_g1_dex3_stack/lib/unitree_g1_dex3_stack/ultralytics_detector.py
[24.217s] -- Up-to-date symlink: /home/unitree/Desktop/unitree_dex3/install/unitree_g1_dex3_stack/share/unitree_g1_dex3_stack/launch/__pycache__/perception.launch.cpython-38.pyc
[24.217s] -- Up-to-date symlink: /home/unitree/Desktop/unitree_dex3/install/unitree_g1_dex3_stack/share/unitree_g1_dex3_stack/launch/control.launch.py
[24.217s] -- Up-to-date symlink: /home/unitree/Desktop/unitree_dex3/install/unitree_g1_dex3_stack/share/unitree_g1_dex3_stack/launch/perception.launch.py
[24.218s] -- Up-to-date symlink: /home/unitree/Desktop/unitree_dex3/install/unitree_g1_dex3_stack/share/unitree_g1_dex3_stack/launch/planner.launch.py
[24.218s] -- Up-to-date symlink: /home/unitree/Desktop/unitree_dex3/install/unitree_g1_dex3_stack/share/unitree_g1_dex3_stack/launch/robot.launch.py
[24.218s] -- Up-to-date symlink: /home/unitree/Desktop/unitree_dex3/install/unitree_g1_dex3_stack/share/unitree_g1_dex3_stack/launch/visual_detect_click.launch.py
[24.219s] -- Up-to-date symlink: /home/unitree/Desktop/unitree_dex3/install/unitree_g1_dex3_stack/share/unitree_g1_dex3_stack/launch/visual_detect_yolo.launch.py
[24.221s] -- Up-to-date symlink: /home/unitree/Desktop/unitree_dex3/install/unitree_g1_dex3_stack/share/unitree_g1_dex3_stack/robots/dexterous_hand_description/dex3_1/dex3_1_l.urdf
[24.222s] -- Up-to-date symlink: /home/unitree/Desktop/unitree_dex3/install/unitree_g1_dex3_stack/share/unitree_g1_dex3_stack/robots/dexterous_hand_description/dex3_1/dex3_1_r.urdf
[24.222s] -- Up-to-date symlink: /home/unitree/Desktop/unitree_dex3/install/unitree_g1_dex3_stack/share/unitree_g1_dex3_stack/robots/dexterous_hand_description/dex3_1/meshes/left_hand_index_0_link.STL
[24.222s] -- Up-to-date symlink: /home/unitree/Desktop/unitree_dex3/install/unitree_g1_dex3_stack/share/unitree_g1_dex3_stack/robots/dexterous_hand_description/dex3_1/meshes/left_hand_index_1_link.STL
[24.222s] -- Up-to-date symlink: /home/unitree/Desktop/unitree_dex3/install/unitree_g1_dex3_stack/share/unitree_g1_dex3_stack/robots/dexterous_hand_description/dex3_1/meshes/left_hand_middle_0_link.STL
[24.223s] -- Up-to-date symlink: /home/unitree/Desktop/unitree_dex3/install/unitree_g1_dex3_stack/share/unitree_g1_dex3_stack/robots/dexterous_hand_description/dex3_1/meshes/left_hand_middle_1_link.STL
[24.223s] -- Up-to-date symlink: /home/unitree/Desktop/unitree_dex3/install/unitree_g1_dex3_stack/share/unitree_g1_dex3_stack/robots/dexterous_hand_description/dex3_1/meshes/left_hand_palm_link.STL
[24.223s] -- Up-to-date symlink: /home/unitree/Desktop/unitree_dex3/install/unitree_g1_dex3_stack/share/unitree_g1_dex3_stack/robots/dexterous_hand_description/dex3_1/meshes/left_hand_thumb_0_link.STL
[24.223s] -- Up-to-date symlink: /home/unitree/Desktop/unitree_dex3/install/unitree_g1_dex3_stack/share/unitree_g1_dex3_stack/robots/dexterous_hand_description/dex3_1/meshes/left_hand_thumb_1_link.STL
[24.227s] -- Up-to-date symlink: /home/unitree/Desktop/unitree_dex3/install/unitree_g1_dex3_stack/share/unitree_g1_dex3_stack/robots/dexterous_hand_description/dex3_1/meshes/left_hand_thumb_2_link.STL
[24.227s] -- Up-to-date symlink: /home/unitree/Desktop/unitree_dex3/install/unitree_g1_dex3_stack/share/unitree_g1_dex3_stack/robots/dexterous_hand_description/dex3_1/meshes/right_hand_index_0_link.STL
[24.227s] -- Up-to-date symlink: /home/unitree/Desktop/unitree_dex3/install/unitree_g1_dex3_stack/share/unitree_g1_dex3_stack/robots/dexterous_hand_description/dex3_1/meshes/right_hand_index_1_link.STL
[24.227s] -- Up-to-date symlink: /home/unitree/Desktop/unitree_dex3/install/unitree_g1_dex3_stack/share/unitree_g1_dex3_stack/robots/dexterous_hand_description/dex3_1/meshes/right_hand_middle_0_link.STL
[24.227s] -- Up-to-date symlink: /home/unitree/Desktop/unitree_dex3/install/unitree_g1_dex3_stack/share/unitree_g1_dex3_stack/robots/dexterous_hand_description/dex3_1/meshes/right_hand_middle_1_link.STL
[24.227s] -- Up-to-date symlink: /home/unitree/Desktop/unitree_dex3/install/unitree_g1_dex3_stack/share/unitree_g1_dex3_stack/robots/dexterous_hand_description/dex3_1/meshes/right_hand_palm_link.STL
[24.227s] -- Up-to-date symlink: /home/unitree/Desktop/unitree_dex3/install/unitree_g1_dex3_stack/share/unitree_g1_dex3_stack/robots/dexterous_hand_description/dex3_1/meshes/right_hand_thumb_0_link.STL
[24.231s] -- Up-to-date symlink: /home/unitree/Desktop/unitree_dex3/install/unitree_g1_dex3_stack/share/unitree_g1_dex3_stack/robots/dexterous_hand_description/dex3_1/meshes/right_hand_thumb_1_link.STL
[24.232s] -- Up-to-date symlink: /home/unitree/Desktop/unitree_dex3/install/unitree_g1_dex3_stack/share/unitree_g1_dex3_stack/robots/dexterous_hand_description/dex3_1/meshes/right_hand_thumb_2_link.STL
[24.232s] -- Up-to-date symlink: /home/unitree/Desktop/unitree_dex3/install/unitree_g1_dex3_stack/share/unitree_g1_dex3_stack/robots/g1_description/collision_trimesh.py
[24.232s] -- Up-to-date symlink: /home/unitree/Desktop/unitree_dex3/install/unitree_g1_dex3_stack/share/unitree_g1_dex3_stack/robots/g1_description/g1_29dof_lock_waist_with_hand_rev_1_0.urdf
[24.236s] -- Up-to-date symlink: /home/unitree/Desktop/unitree_dex3/install/unitree_g1_dex3_stack/share/unitree_g1_dex3_stack/robots/g1_description/g1_29dof_lock_waist_with_hand_rev_1_0_collision_primitives.urdf
[24.236s] -- Up-to-date symlink: /home/unitree/Desktop/unitree_dex3/install/unitree_g1_dex3_stack/share/unitree_g1_dex3_stack/robots/g1_description/g1_29dof_with_hand_rev_1_0.urdf
[24.236s] -- Up-to-date symlink: /home/unitree/Desktop/unitree_dex3/install/unitree_g1_dex3_stack/share/unitree_g1_dex3_stack/robots/g1_description/meshes/L_hand_base_link.STL
[24.237s] -- Up-to-date symlink: /home/unitree/Desktop/unitree_dex3/install/unitree_g1_dex3_stack/share/unitree_g1_dex3_stack/robots/g1_description/meshes/Link11_L.STL
[24.237s] -- Up-to-date symlink: /home/unitree/Desktop/unitree_dex3/install/unitree_g1_dex3_stack/share/unitree_g1_dex3_stack/robots/g1_description/meshes/Link11_R.STL
[24.238s] -- Up-to-date symlink: /home/unitree/Desktop/unitree_dex3/install/unitree_g1_dex3_stack/share/unitree_g1_dex3_stack/robots/g1_description/meshes/Link12_L.STL
[24.238s] -- Up-to-date symlink: /home/unitree/Desktop/unitree_dex3/install/unitree_g1_dex3_stack/share/unitree_g1_dex3_stack/robots/g1_description/meshes/Link12_R.STL
[24.238s] -- Up-to-date symlink: /home/unitree/Desktop/unitree_dex3/install/unitree_g1_dex3_stack/share/unitree_g1_dex3_stack/robots/g1_description/meshes/Link13_L.STL
[24.240s] -- Up-to-date symlink: /home/unitree/Desktop/unitree_dex3/install/unitree_g1_dex3_stack/share/unitree_g1_dex3_stack/robots/g1_description/meshes/Link13_R.STL
[24.240s] -- Up-to-date symlink: /home/unitree/Desktop/unitree_dex3/install/unitree_g1_dex3_stack/share/unitree_g1_dex3_stack/robots/g1_description/meshes/Link14_L.STL
[24.240s] -- Up-to-date symlink: /home/unitree/Desktop/unitree_dex3/install/unitree_g1_dex3_stack/share/unitree_g1_dex3_stack/robots/g1_description/meshes/Link14_R.STL
[24.241s] -- Up-to-date symlink: /home/unitree/Desktop/unitree_dex3/install/unitree_g1_dex3_stack/share/unitree_g1_dex3_stack/robots/g1_description/meshes/Link15_L.STL
[24.241s] -- Up-to-date symlink: /home/unitree/Desktop/unitree_dex3/install/unitree_g1_dex3_stack/share/unitree_g1_dex3_stack/robots/g1_description/meshes/Link15_R.STL
[24.241s] -- Up-to-date symlink: /home/unitree/Desktop/unitree_dex3/install/unitree_g1_dex3_stack/share/unitree_g1_dex3_stack/robots/g1_description/meshes/Link16_L.STL
[24.242s] -- Up-to-date symlink: /home/unitree/Desktop/unitree_dex3/install/unitree_g1_dex3_stack/share/unitree_g1_dex3_stack/robots/g1_description/meshes/Link16_R.STL
[24.242s] -- Up-to-date symlink: /home/unitree/Desktop/unitree_dex3/install/unitree_g1_dex3_stack/share/unitree_g1_dex3_stack/robots/g1_description/meshes/Link17_L.STL
[24.243s] -- Up-to-date symlink: /home/unitree/Desktop/unitree_dex3/install/unitree_g1_dex3_stack/share/unitree_g1_dex3_stack/robots/g1_description/meshes/Link17_R.STL
[24.243s] -- Up-to-date symlink: /home/unitree/Desktop/unitree_dex3/install/unitree_g1_dex3_stack/share/unitree_g1_dex3_stack/robots/g1_description/meshes/Link18_L.STL
[24.245s] -- Up-to-date symlink: /home/unitree/Desktop/unitree_dex3/install/unitree_g1_dex3_stack/share/unitree_g1_dex3_stack/robots/g1_description/meshes/Link18_R.STL
[24.245s] -- Up-to-date symlink: /home/unitree/Desktop/unitree_dex3/install/unitree_g1_dex3_stack/share/unitree_g1_dex3_stack/robots/g1_description/meshes/Link19_L.STL
[24.246s] -- Up-to-date symlink: /home/unitree/Desktop/unitree_dex3/install/unitree_g1_dex3_stack/share/unitree_g1_dex3_stack/robots/g1_description/meshes/Link19_R.STL
[24.246s] -- Up-to-date symlink: /home/unitree/Desktop/unitree_dex3/install/unitree_g1_dex3_stack/share/unitree_g1_dex3_stack/robots/g1_description/meshes/Link20_L.STL
[24.246s] -- Up-to-date symlink: /home/unitree/Desktop/unitree_dex3/install/unitree_g1_dex3_stack/share/unitree_g1_dex3_stack/robots/g1_description/meshes/Link20_R.STL
[24.247s] -- Up-to-date symlink: /home/unitree/Desktop/unitree_dex3/install/unitree_g1_dex3_stack/share/unitree_g1_dex3_stack/robots/g1_description/meshes/Link21_L.STL
[24.247s] -- Up-to-date symlink: /home/unitree/Desktop/unitree_dex3/install/unitree_g1_dex3_stack/share/unitree_g1_dex3_stack/robots/g1_description/meshes/Link21_R.STL
[24.248s] -- Up-to-date symlink: /home/unitree/Desktop/unitree_dex3/install/unitree_g1_dex3_stack/share/unitree_g1_dex3_stack/robots/g1_description/meshes/Link22_L.STL
[24.248s] -- Up-to-date symlink: /home/unitree/Desktop/unitree_dex3/install/unitree_g1_dex3_stack/share/unitree_g1_dex3_stack/robots/g1_description/meshes/Link22_R.STL
[24.248s] -- Up-to-date symlink: /home/unitree/Desktop/unitree_dex3/install/unitree_g1_dex3_stack/share/unitree_g1_dex3_stack/robots/g1_description/meshes/R_hand_base_link.STL
[24.248s] -- Up-to-date symlink: /home/unitree/Desktop/unitree_dex3/install/unitree_g1_dex3_stack/share/unitree_g1_dex3_stack/robots/g1_description/meshes/d455_link.STL
[24.249s] -- Up-to-date symlink: /home/unitree/Desktop/unitree_dex3/install/unitree_g1_dex3_stack/share/unitree_g1_dex3_stack/robots/g1_description/meshes/head_link.STL
[24.249s] -- Up-to-date symlink: /home/unitree/Desktop/unitree_dex3/install/unitree_g1_dex3_stack/share/unitree_g1_dex3_stack/robots/g1_description/meshes/head_servo_link.STL
[24.249s] -- Up-to-date symlink: /home/unitree/Desktop/unitree_dex3/install/unitree_g1_dex3_stack/share/unitree_g1_dex3_stack/robots/g1_description/meshes/left_ankle_pitch_link.STL
[24.249s] -- Up-to-date symlink: /home/unitree/Desktop/unitree_dex3/install/unitree_g1_dex3_stack/share/unitree_g1_dex3_stack/robots/g1_description/meshes/left_ankle_roll_link.STL
[24.250s] -- Up-to-date symlink: /home/unitree/Desktop/unitree_dex3/install/unitree_g1_dex3_stack/share/unitree_g1_dex3_stack/robots/g1_description/meshes/left_base_link.STL
[24.250s] -- Up-to-date symlink: /home/unitree/Desktop/unitree_dex3/install/unitree_g1_dex3_stack/share/unitree_g1_dex3_stack/robots/g1_description/meshes/left_elbow_link.STL
[24.250s] -- Up-to-date symlink: /home/unitree/Desktop/unitree_dex3/install/unitree_g1_dex3_stack/share/unitree_g1_dex3_stack/robots/g1_description/meshes/left_hand_index_0_link.STL
[24.250s] -- Up-to-date symlink: /home/unitree/Desktop/unitree_dex3/install/unitree_g1_dex3_stack/share/unitree_g1_dex3_stack/robots/g1_description/meshes/left_hand_index_1_link.STL
[24.251s] -- Up-to-date symlink: /home/unitree/Desktop/unitree_dex3/install/unitree_g1_dex3_stack/share/unitree_g1_dex3_stack/robots/g1_description/meshes/left_hand_middle_0_link.STL
[24.251s] -- Up-to-date symlink: /home/unitree/Desktop/unitree_dex3/install/unitree_g1_dex3_stack/share/unitree_g1_dex3_stack/robots/g1_description/meshes/left_hand_middle_1_link.STL
[24.251s] -- Up-to-date symlink: /home/unitree/Desktop/unitree_dex3/install/unitree_g1_dex3_stack/share/unitree_g1_dex3_stack/robots/g1_description/meshes/left_hand_palm_link.STL
[24.251s] -- Up-to-date symlink: /home/unitree/Desktop/unitree_dex3/install/unitree_g1_dex3_stack/share/unitree_g1_dex3_stack/robots/g1_description/meshes/left_hand_thumb_0_link.STL
[24.252s] -- Up-to-date symlink: /home/unitree/Desktop/unitree_dex3/install/unitree_g1_dex3_stack/share/unitree_g1_dex3_stack/robots/g1_description/meshes/left_hand_thumb_1_link.STL
[24.252s] -- Up-to-date symlink: /home/unitree/Desktop/unitree_dex3/install/unitree_g1_dex3_stack/share/unitree_g1_dex3_stack/robots/g1_description/meshes/left_hand_thumb_2_link.STL
[24.252s] -- Up-to-date symlink: /home/unitree/Desktop/unitree_dex3/install/unitree_g1_dex3_stack/share/unitree_g1_dex3_stack/robots/g1_description/meshes/left_hip_pitch_link.STL
[24.253s] -- Up-to-date symlink: /home/unitree/Desktop/unitree_dex3/install/unitree_g1_dex3_stack/share/unitree_g1_dex3_stack/robots/g1_description/meshes/left_hip_roll_link.STL
[24.254s] -- Up-to-date symlink: /home/unitree/Desktop/unitree_dex3/install/unitree_g1_dex3_stack/share/unitree_g1_dex3_stack/robots/g1_description/meshes/left_hip_yaw_link.STL
[24.255s] -- Up-to-date symlink: /home/unitree/Desktop/unitree_dex3/install/unitree_g1_dex3_stack/share/unitree_g1_dex3_stack/robots/g1_description/meshes/left_index_1.STL
[24.255s] -- Up-to-date symlink: /home/unitree/Desktop/unitree_dex3/install/unitree_g1_dex3_stack/share/unitree_g1_dex3_stack/robots/g1_description/meshes/left_index_2.STL
[24.255s] -- Up-to-date symlink: /home/unitree/Desktop/unitree_dex3/install/unitree_g1_dex3_stack/share/unitree_g1_dex3_stack/robots/g1_description/meshes/left_index_force_sensor_1.STL
[24.256s] -- Up-to-date symlink: /home/unitree/Desktop/unitree_dex3/install/unitree_g1_dex3_stack/share/unitree_g1_dex3_stack/robots/g1_description/meshes/left_index_force_sensor_2.STL
[24.256s] -- Up-to-date symlink: /home/unitree/Desktop/unitree_dex3/install/unitree_g1_dex3_stack/share/unitree_g1_dex3_stack/robots/g1_description/meshes/left_index_force_sensor_3.STL
[24.257s] -- Up-to-date symlink: /home/unitree/Desktop/unitree_dex3/install/unitree_g1_dex3_stack/share/unitree_g1_dex3_stack/robots/g1_description/meshes/left_knee_link.STL
[24.257s] -- Up-to-date symlink: /home/unitree/Desktop/unitree_dex3/install/unitree_g1_dex3_stack/share/unitree_g1_dex3_stack/robots/g1_description/meshes/left_little_1.STL
[24.257s] -- Up-to-date symlink: /home/unitree/Desktop/unitree_dex3/install/unitree_g1_dex3_stack/share/unitree_g1_dex3_stack/robots/g1_description/meshes/left_little_2.STL
[24.258s] -- Up-to-date symlink: /home/unitree/Desktop/unitree_dex3/install/unitree_g1_dex3_stack/share/unitree_g1_dex3_stack/robots/g1_description/meshes/left_little_force_sensor_1.STL
[24.258s] -- Up-to-date symlink: /home/unitree/Desktop/unitree_dex3/install/unitree_g1_dex3_stack/share/unitree_g1_dex3_stack/robots/g1_description/meshes/left_little_force_sensor_2.STL
[24.258s] -- Up-to-date symlink: /home/unitree/Desktop/unitree_dex3/install/unitree_g1_dex3_stack/share/unitree_g1_dex3_stack/robots/g1_description/meshes/left_little_force_sensor_3.STL
[24.259s] -- Up-to-date symlink: /home/unitree/Desktop/unitree_dex3/install/unitree_g1_dex3_stack/share/unitree_g1_dex3_stack/robots/g1_description/meshes/left_middle_1.STL
[24.259s] -- Up-to-date symlink: /home/unitree/Desktop/unitree_dex3/install/unitree_g1_dex3_stack/share/unitree_g1_dex3_stack/robots/g1_description/meshes/left_middle_2.STL
[24.259s] -- Up-to-date symlink: /home/unitree/Desktop/unitree_dex3/install/unitree_g1_dex3_stack/share/unitree_g1_dex3_stack/robots/g1_description/meshes/left_middle_force_sensor_1.STL
[24.259s] -- Up-to-date symlink: /home/unitree/Desktop/unitree_dex3/install/unitree_g1_dex3_stack/share/unitree_g1_dex3_stack/robots/g1_description/meshes/left_middle_force_sensor_2.STL
[24.260s] -- Up-to-date symlink: /home/unitree/Desktop/unitree_dex3/install/unitree_g1_dex3_stack/share/unitree_g1_dex3_stack/robots/g1_description/meshes/left_middle_force_sensor_3.STL
[24.260s] -- Up-to-date symlink: /home/unitree/Desktop/unitree_dex3/install/unitree_g1_dex3_stack/share/unitree_g1_dex3_stack/robots/g1_description/meshes/left_palm_force_sensor.STL
[24.260s] -- Up-to-date symlink: /home/unitree/Desktop/unitree_dex3/install/unitree_g1_dex3_stack/share/unitree_g1_dex3_stack/robots/g1_description/meshes/left_ring_1.STL
[24.260s] -- Up-to-date symlink: /home/unitree/Desktop/unitree_dex3/install/unitree_g1_dex3_stack/share/unitree_g1_dex3_stack/robots/g1_description/meshes/left_ring_2.STL
[24.260s] -- Up-to-date symlink: /home/unitree/Desktop/unitree_dex3/install/unitree_g1_dex3_stack/share/unitree_g1_dex3_stack/robots/g1_description/meshes/left_ring_force_sensor_1.STL
[24.261s] -- Up-to-date symlink: /home/unitree/Desktop/unitree_dex3/install/unitree_g1_dex3_stack/share/unitree_g1_dex3_stack/robots/g1_description/meshes/left_ring_force_sensor_2.STL
[24.261s] -- Up-to-date symlink: /home/unitree/Desktop/unitree_dex3/install/unitree_g1_dex3_stack/share/unitree_g1_dex3_stack/robots/g1_description/meshes/left_ring_force_sensor_3.STL
[24.262s] -- Up-to-date symlink: /home/unitree/Desktop/unitree_dex3/install/unitree_g1_dex3_stack/share/unitree_g1_dex3_stack/robots/g1_description/meshes/left_rubber_hand.STL
[24.262s] -- Up-to-date symlink: /home/unitree/Desktop/unitree_dex3/install/unitree_g1_dex3_stack/share/unitree_g1_dex3_stack/robots/g1_description/meshes/left_shoulder_pitch_link.STL
[24.263s] -- Up-to-date symlink: /home/unitree/Desktop/unitree_dex3/install/unitree_g1_dex3_stack/share/unitree_g1_dex3_stack/robots/g1_description/meshes/left_shoulder_roll_link.STL
[24.263s] -- Up-to-date symlink: /home/unitree/Desktop/unitree_dex3/install/unitree_g1_dex3_stack/share/unitree_g1_dex3_stack/robots/g1_description/meshes/left_shoulder_yaw_link.STL
[24.263s] -- Up-to-date symlink: /home/unitree/Desktop/unitree_dex3/install/unitree_g1_dex3_stack/share/unitree_g1_dex3_stack/robots/g1_description/meshes/left_thumb_1.STL
[24.263s] -- Up-to-date symlink: /home/unitree/Desktop/unitree_dex3/install/unitree_g1_dex3_stack/share/unitree_g1_dex3_stack/robots/g1_description/meshes/left_thumb_2.STL
[24.264s] -- Up-to-date symlink: /home/unitree/Desktop/unitree_dex3/install/unitree_g1_dex3_stack/share/unitree_g1_dex3_stack/robots/g1_description/meshes/left_thumb_3.STL
[24.264s] -- Up-to-date symlink: /home/unitree/Desktop/unitree_dex3/install/unitree_g1_dex3_stack/share/unitree_g1_dex3_stack/robots/g1_description/meshes/left_thumb_4.STL
[24.264s] -- Up-to-date symlink: /home/unitree/Desktop/unitree_dex3/install/unitree_g1_dex3_stack/share/unitree_g1_dex3_stack/robots/g1_description/meshes/left_thumb_force_sensor_1.STL
[24.265s] -- Up-to-date symlink: /home/unitree/Desktop/unitree_dex3/install/unitree_g1_dex3_stack/share/unitree_g1_dex3_stack/robots/g1_description/meshes/left_thumb_force_sensor_2.STL
[24.265s] -- Up-to-date symlink: /home/unitree/Desktop/unitree_dex3/install/unitree_g1_dex3_stack/share/unitree_g1_dex3_stack/robots/g1_description/meshes/left_thumb_force_sensor_3.STL
[24.266s] -- Up-to-date symlink: /home/unitree/Desktop/unitree_dex3/install/unitree_g1_dex3_stack/share/unitree_g1_dex3_stack/robots/g1_description/meshes/left_thumb_force_sensor_4.STL
[24.266s] -- Up-to-date symlink: /home/unitree/Desktop/unitree_dex3/install/unitree_g1_dex3_stack/share/unitree_g1_dex3_stack/robots/g1_description/meshes/left_thumb_swing.STL
[24.266s] -- Up-to-date symlink: /home/unitree/Desktop/unitree_dex3/install/unitree_g1_dex3_stack/share/unitree_g1_dex3_stack/robots/g1_description/meshes/left_wrist_pitch_link.STL
[24.266s] -- Up-to-date symlink: /home/unitree/Desktop/unitree_dex3/install/unitree_g1_dex3_stack/share/unitree_g1_dex3_stack/robots/g1_description/meshes/left_wrist_roll_link.STL
[24.267s] -- Up-to-date symlink: /home/unitree/Desktop/unitree_dex3/install/unitree_g1_dex3_stack/share/unitree_g1_dex3_stack/robots/g1_description/meshes/left_wrist_roll_rubber_hand.STL
[24.267s] -- Up-to-date symlink: /home/unitree/Desktop/unitree_dex3/install/unitree_g1_dex3_stack/share/unitree_g1_dex3_stack/robots/g1_description/meshes/left_wrist_yaw_link.STL
[24.267s] -- Up-to-date symlink: /home/unitree/Desktop/unitree_dex3/install/unitree_g1_dex3_stack/share/unitree_g1_dex3_stack/robots/g1_description/meshes/logo_link.STL
[24.267s] -- Up-to-date symlink: /home/unitree/Desktop/unitree_dex3/install/unitree_g1_dex3_stack/share/unitree_g1_dex3_stack/robots/g1_description/meshes/pelvis.STL
[24.267s] -- Up-to-date symlink: /home/unitree/Desktop/unitree_dex3/install/unitree_g1_dex3_stack/share/unitree_g1_dex3_stack/robots/g1_description/meshes/pelvis_contour_link.STL
[24.268s] -- Up-to-date symlink: /home/unitree/Desktop/unitree_dex3/install/unitree_g1_dex3_stack/share/unitree_g1_dex3_stack/robots/g1_description/meshes/right_ankle_pitch_link.STL
[24.268s] -- Up-to-date symlink: /home/unitree/Desktop/unitree_dex3/install/unitree_g1_dex3_stack/share/unitree_g1_dex3_stack/robots/g1_description/meshes/right_ankle_roll_link.STL
[24.268s] -- Up-to-date symlink: /home/unitree/Desktop/unitree_dex3/install/unitree_g1_dex3_stack/share/unitree_g1_dex3_stack/robots/g1_description/meshes/right_base_link.STL
[24.268s] -- Up-to-date symlink: /home/unitree/Desktop/unitree_dex3/install/unitree_g1_dex3_stack/share/unitree_g1_dex3_stack/robots/g1_description/meshes/right_elbow_link.STL
[24.268s] -- Up-to-date symlink: /home/unitree/Desktop/unitree_dex3/install/unitree_g1_dex3_stack/share/unitree_g1_dex3_stack/robots/g1_description/meshes/right_hand_index_0_link.STL
[24.269s] -- Up-to-date symlink: /home/unitree/Desktop/unitree_dex3/install/unitree_g1_dex3_stack/share/unitree_g1_dex3_stack/robots/g1_description/meshes/right_hand_index_1_link.STL
[24.269s] -- Up-to-date symlink: /home/unitree/Desktop/unitree_dex3/install/unitree_g1_dex3_stack/share/unitree_g1_dex3_stack/robots/g1_description/meshes/right_hand_middle_0_link.STL
[24.270s] -- Up-to-date symlink: /home/unitree/Desktop/unitree_dex3/install/unitree_g1_dex3_stack/share/unitree_g1_dex3_stack/robots/g1_description/meshes/right_hand_middle_1_link.STL
[24.270s] -- Up-to-date symlink: /home/unitree/Desktop/unitree_dex3/install/unitree_g1_dex3_stack/share/unitree_g1_dex3_stack/robots/g1_description/meshes/right_hand_palm_link.STL
[24.270s] -- Up-to-date symlink: /home/unitree/Desktop/unitree_dex3/install/unitree_g1_dex3_stack/share/unitree_g1_dex3_stack/robots/g1_description/meshes/right_hand_thumb_0_link.STL
[24.270s] -- Up-to-date symlink: /home/unitree/Desktop/unitree_dex3/install/unitree_g1_dex3_stack/share/unitree_g1_dex3_stack/robots/g1_description/meshes/right_hand_thumb_1_link.STL
[24.270s] -- Up-to-date symlink: /home/unitree/Desktop/unitree_dex3/install/unitree_g1_dex3_stack/share/unitree_g1_dex3_stack/robots/g1_description/meshes/right_hand_thumb_2_link.STL
[24.271s] -- Up-to-date symlink: /home/unitree/Desktop/unitree_dex3/install/unitree_g1_dex3_stack/share/unitree_g1_dex3_stack/robots/g1_description/meshes/right_hip_pitch_link.STL
[24.271s] -- Up-to-date symlink: /home/unitree/Desktop/unitree_dex3/install/unitree_g1_dex3_stack/share/unitree_g1_dex3_stack/robots/g1_description/meshes/right_hip_roll_link.STL
[24.271s] -- Up-to-date symlink: /home/unitree/Desktop/unitree_dex3/install/unitree_g1_dex3_stack/share/unitree_g1_dex3_stack/robots/g1_description/meshes/right_hip_yaw_link.STL
[24.272s] -- Up-to-date symlink: /home/unitree/Desktop/unitree_dex3/install/unitree_g1_dex3_stack/share/unitree_g1_dex3_stack/robots/g1_description/meshes/right_index_1.STL
[24.272s] -- Up-to-date symlink: /home/unitree/Desktop/unitree_dex3/install/unitree_g1_dex3_stack/share/unitree_g1_dex3_stack/robots/g1_description/meshes/right_index_2.STL
[24.272s] -- Up-to-date symlink: /home/unitree/Desktop/unitree_dex3/install/unitree_g1_dex3_stack/share/unitree_g1_dex3_stack/robots/g1_description/meshes/right_index_force_sensor_1.STL
[24.273s] -- Up-to-date symlink: /home/unitree/Desktop/unitree_dex3/install/unitree_g1_dex3_stack/share/unitree_g1_dex3_stack/robots/g1_description/meshes/right_index_force_sensor_2.STL
[24.273s] -- Up-to-date symlink: /home/unitree/Desktop/unitree_dex3/install/unitree_g1_dex3_stack/share/unitree_g1_dex3_stack/robots/g1_description/meshes/right_index_force_sensor_3.STL
[24.273s] -- Up-to-date symlink: /home/unitree/Desktop/unitree_dex3/install/unitree_g1_dex3_stack/share/unitree_g1_dex3_stack/robots/g1_description/meshes/right_knee_link.STL
[24.274s] -- Up-to-date symlink: /home/unitree/Desktop/unitree_dex3/install/unitree_g1_dex3_stack/share/unitree_g1_dex3_stack/robots/g1_description/meshes/right_little_1.STL
[24.274s] -- Up-to-date symlink: /home/unitree/Desktop/unitree_dex3/install/unitree_g1_dex3_stack/share/unitree_g1_dex3_stack/robots/g1_description/meshes/right_little_2.STL
[24.274s] -- Up-to-date symlink: /home/unitree/Desktop/unitree_dex3/install/unitree_g1_dex3_stack/share/unitree_g1_dex3_stack/robots/g1_description/meshes/right_little_force_sensor_1.STL
[24.274s] -- Up-to-date symlink: /home/unitree/Desktop/unitree_dex3/install/unitree_g1_dex3_stack/share/unitree_g1_dex3_stack/robots/g1_description/meshes/right_little_force_sensor_2.STL
[24.274s] -- Up-to-date symlink: /home/unitree/Desktop/unitree_dex3/install/unitree_g1_dex3_stack/share/unitree_g1_dex3_stack/robots/g1_description/meshes/right_little_force_sensor_3.STL
[24.274s] -- Up-to-date symlink: /home/unitree/Desktop/unitree_dex3/install/unitree_g1_dex3_stack/share/unitree_g1_dex3_stack/robots/g1_description/meshes/right_middle_1.STL
[24.274s] -- Up-to-date symlink: /home/unitree/Desktop/unitree_dex3/install/unitree_g1_dex3_stack/share/unitree_g1_dex3_stack/robots/g1_description/meshes/right_middle_2.STL
[24.274s] -- Up-to-date symlink: /home/unitree/Desktop/unitree_dex3/install/unitree_g1_dex3_stack/share/unitree_g1_dex3_stack/robots/g1_description/meshes/right_middle_force_sensor_1.STL
[24.275s] -- Up-to-date symlink: /home/unitree/Desktop/unitree_dex3/install/unitree_g1_dex3_stack/share/unitree_g1_dex3_stack/robots/g1_description/meshes/right_middle_force_sensor_2.STL
[24.277s] -- Up-to-date symlink: /home/unitree/Desktop/unitree_dex3/install/unitree_g1_dex3_stack/share/unitree_g1_dex3_stack/robots/g1_description/meshes/right_middle_force_sensor_3.STL
[24.277s] -- Up-to-date symlink: /home/unitree/Desktop/unitree_dex3/install/unitree_g1_dex3_stack/share/unitree_g1_dex3_stack/robots/g1_description/meshes/right_palm_force_sensor.STL
[24.277s] -- Up-to-date symlink: /home/unitree/Desktop/unitree_dex3/install/unitree_g1_dex3_stack/share/unitree_g1_dex3_stack/robots/g1_description/meshes/right_ring_1.STL
[24.277s] -- Up-to-date symlink: /home/unitree/Desktop/unitree_dex3/install/unitree_g1_dex3_stack/share/unitree_g1_dex3_stack/robots/g1_description/meshes/right_ring_2.STL
[24.280s] -- Up-to-date symlink: /home/unitree/Desktop/unitree_dex3/install/unitree_g1_dex3_stack/share/unitree_g1_dex3_stack/robots/g1_description/meshes/right_ring_force_sensor_1.STL
[24.280s] -- Up-to-date symlink: /home/unitree/Desktop/unitree_dex3/install/unitree_g1_dex3_stack/share/unitree_g1_dex3_stack/robots/g1_description/meshes/right_ring_force_sensor_2.STL
[24.280s] -- Up-to-date symlink: /home/unitree/Desktop/unitree_dex3/install/unitree_g1_dex3_stack/share/unitree_g1_dex3_stack/robots/g1_description/meshes/right_ring_force_sensor_3.STL
[24.280s] -- Up-to-date symlink: /home/unitree/Desktop/unitree_dex3/install/unitree_g1_dex3_stack/share/unitree_g1_dex3_stack/robots/g1_description/meshes/right_rubber_hand.STL
[24.281s] -- Up-to-date symlink: /home/unitree/Desktop/unitree_dex3/install/unitree_g1_dex3_stack/share/unitree_g1_dex3_stack/robots/g1_description/meshes/right_shoulder_pitch_link.STL
[24.281s] -- Up-to-date symlink: /home/unitree/Desktop/unitree_dex3/install/unitree_g1_dex3_stack/share/unitree_g1_dex3_stack/robots/g1_description/meshes/right_shoulder_roll_link.STL
[24.281s] -- Up-to-date symlink: /home/unitree/Desktop/unitree_dex3/install/unitree_g1_dex3_stack/share/unitree_g1_dex3_stack/robots/g1_description/meshes/right_shoulder_yaw_link.STL
[24.281s] -- Up-to-date symlink: /home/unitree/Desktop/unitree_dex3/install/unitree_g1_dex3_stack/share/unitree_g1_dex3_stack/robots/g1_description/meshes/right_thumb_1.STL
[24.281s] -- Up-to-date symlink: /home/unitree/Desktop/unitree_dex3/install/unitree_g1_dex3_stack/share/unitree_g1_dex3_stack/robots/g1_description/meshes/right_thumb_2.STL
[24.281s] -- Up-to-date symlink: /home/unitree/Desktop/unitree_dex3/install/unitree_g1_dex3_stack/share/unitree_g1_dex3_stack/robots/g1_description/meshes/right_thumb_3.STL
[24.281s] -- Up-to-date symlink: /home/unitree/Desktop/unitree_dex3/install/unitree_g1_dex3_stack/share/unitree_g1_dex3_stack/robots/g1_description/meshes/right_thumb_4.STL
[24.281s] -- Up-to-date symlink: /home/unitree/Desktop/unitree_dex3/install/unitree_g1_dex3_stack/share/unitree_g1_dex3_stack/robots/g1_description/meshes/right_thumb_force_sensor_1.STL
[24.281s] -- Up-to-date symlink: /home/unitree/Desktop/unitree_dex3/install/unitree_g1_dex3_stack/share/unitree_g1_dex3_stack/robots/g1_description/meshes/right_thumb_force_sensor_2.STL
[24.282s] -- Up-to-date symlink: /home/unitree/Desktop/unitree_dex3/install/unitree_g1_dex3_stack/share/unitree_g1_dex3_stack/robots/g1_description/meshes/right_thumb_force_sensor_3.STL
[24.282s] -- Up-to-date symlink: /home/unitree/Desktop/unitree_dex3/install/unitree_g1_dex3_stack/share/unitree_g1_dex3_stack/robots/g1_description/meshes/right_thumb_force_sensor_4.STL
[24.282s] -- Up-to-date symlink: /home/unitree/Desktop/unitree_dex3/install/unitree_g1_dex3_stack/share/unitree_g1_dex3_stack/robots/g1_description/meshes/right_wrist_pitch_link.STL
[24.282s] -- Up-to-date symlink: /home/unitree/Desktop/unitree_dex3/install/unitree_g1_dex3_stack/share/unitree_g1_dex3_stack/robots/g1_description/meshes/right_wrist_roll_link.STL
[24.282s] -- Up-to-date symlink: /home/unitree/Desktop/unitree_dex3/install/unitree_g1_dex3_stack/share/unitree_g1_dex3_stack/robots/g1_description/meshes/right_wrist_roll_rubber_hand.STL
[24.282s] -- Up-to-date symlink: /home/unitree/Desktop/unitree_dex3/install/unitree_g1_dex3_stack/share/unitree_g1_dex3_stack/robots/g1_description/meshes/right_wrist_yaw_link.STL
[24.282s] -- Up-to-date symlink: /home/unitree/Desktop/unitree_dex3/install/unitree_g1_dex3_stack/share/unitree_g1_dex3_stack/robots/g1_description/meshes/torso_constraint_L_link.STL
[24.283s] -- Up-to-date symlink: /home/unitree/Desktop/unitree_dex3/install/unitree_g1_dex3_stack/share/unitree_g1_dex3_stack/robots/g1_description/meshes/torso_constraint_L_rod_link.STL
[24.283s] -- Up-to-date symlink: /home/unitree/Desktop/unitree_dex3/install/unitree_g1_dex3_stack/share/unitree_g1_dex3_stack/robots/g1_description/meshes/torso_constraint_R_link.STL
[24.283s] -- Up-to-date symlink: /home/unitree/Desktop/unitree_dex3/install/unitree_g1_dex3_stack/share/unitree_g1_dex3_stack/robots/g1_description/meshes/torso_constraint_R_rod_link.STL
[24.283s] -- Up-to-date symlink: /home/unitree/Desktop/unitree_dex3/install/unitree_g1_dex3_stack/share/unitree_g1_dex3_stack/robots/g1_description/meshes/torso_link.STL
[24.283s] -- Up-to-date symlink: /home/unitree/Desktop/unitree_dex3/install/unitree_g1_dex3_stack/share/unitree_g1_dex3_stack/robots/g1_description/meshes/torso_link_23dof_rev_1_0.STL
[24.283s] -- Up-to-date symlink: /home/unitree/Desktop/unitree_dex3/install/unitree_g1_dex3_stack/share/unitree_g1_dex3_stack/robots/g1_description/meshes/torso_link_rev_1_0.STL
[24.283s] -- Up-to-date symlink: /home/unitree/Desktop/unitree_dex3/install/unitree_g1_dex3_stack/share/unitree_g1_dex3_stack/robots/g1_description/meshes/waist_constraint_L.STL
[24.283s] -- Up-to-date symlink: /home/unitree/Desktop/unitree_dex3/install/unitree_g1_dex3_stack/share/unitree_g1_dex3_stack/robots/g1_description/meshes/waist_constraint_R.STL
[24.284s] -- Up-to-date symlink: /home/unitree/Desktop/unitree_dex3/install/unitree_g1_dex3_stack/share/unitree_g1_dex3_stack/robots/g1_description/meshes/waist_roll_link.STL
[24.284s] -- Up-to-date symlink: /home/unitree/Desktop/unitree_dex3/install/unitree_g1_dex3_stack/share/unitree_g1_dex3_stack/robots/g1_description/meshes/waist_roll_link_rev_1_0.STL
[24.284s] -- Up-to-date symlink: /home/unitree/Desktop/unitree_dex3/install/unitree_g1_dex3_stack/share/unitree_g1_dex3_stack/robots/g1_description/meshes/waist_support_link.STL
[24.284s] -- Up-to-date symlink: /home/unitree/Desktop/unitree_dex3/install/unitree_g1_dex3_stack/share/unitree_g1_dex3_stack/robots/g1_description/meshes/waist_yaw_link.STL
[24.284s] -- Up-to-date symlink: /home/unitree/Desktop/unitree_dex3/install/unitree_g1_dex3_stack/share/unitree_g1_dex3_stack/robots/g1_description/meshes/waist_yaw_link_rev_1_0.STL
[24.284s] -- Up-to-date symlink: /home/unitree/Desktop/unitree_dex3/install/unitree_g1_dex3_stack/share/unitree_g1_dex3_stack/robots/g1_description/meshes/xl330_link.STL
[24.284s] -- Up-to-date symlink: /home/unitree/Desktop/unitree_dex3/install/unitree_g1_dex3_stack/share/ament_index/resource_index/package_run_dependencies/unitree_g1_dex3_stack
[24.284s] -- Up-to-date symlink: /home/unitree/Desktop/unitree_dex3/install/unitree_g1_dex3_stack/share/ament_index/resource_index/parent_prefix_path/unitree_g1_dex3_stack
[24.285s] -- Up-to-date symlink: /home/unitree/Desktop/unitree_dex3/install/unitree_g1_dex3_stack/share/unitree_g1_dex3_stack/environment/ament_prefix_path.sh
[24.285s] -- Up-to-date symlink: /home/unitree/Desktop/unitree_dex3/install/unitree_g1_dex3_stack/share/unitree_g1_dex3_stack/environment/ament_prefix_path.dsv
[24.285s] -- Up-to-date symlink: /home/unitree/Desktop/unitree_dex3/install/unitree_g1_dex3_stack/share/unitree_g1_dex3_stack/environment/path.sh
[24.285s] -- Up-to-date symlink: /home/unitree/Desktop/unitree_dex3/install/unitree_g1_dex3_stack/share/unitree_g1_dex3_stack/environment/path.dsv
[24.285s] -- Up-to-date symlink: /home/unitree/Desktop/unitree_dex3/install/unitree_g1_dex3_stack/share/unitree_g1_dex3_stack/local_setup.bash
[24.285s] -- Up-to-date symlink: /home/unitree/Desktop/unitree_dex3/install/unitree_g1_dex3_stack/share/unitree_g1_dex3_stack/local_setup.sh
[24.285s] -- Up-to-date symlink: /home/unitree/Desktop/unitree_dex3/install/unitree_g1_dex3_stack/share/unitree_g1_dex3_stack/local_setup.zsh
[24.286s] -- Up-to-date symlink: /home/unitree/Desktop/unitree_dex3/install/unitree_g1_dex3_stack/share/unitree_g1_dex3_stack/local_setup.dsv
[24.286s] -- Symlinking: /home/unitree/Desktop/unitree_dex3/install/unitree_g1_dex3_stack/share/unitree_g1_dex3_stack/package.dsv
[24.311s] -- Up-to-date symlink: /home/unitree/Desktop/unitree_dex3/install/unitree_g1_dex3_stack/share/ament_index/resource_index/packages/unitree_g1_dex3_stack
[24.312s] -- Up-to-date symlink: /home/unitree/Desktop/unitree_dex3/install/unitree_g1_dex3_stack/share/unitree_g1_dex3_stack/cmake/unitree_g1_dex3_stackConfig.cmake
[24.312s] -- Up-to-date symlink: /home/unitree/Desktop/unitree_dex3/install/unitree_g1_dex3_stack/share/unitree_g1_dex3_stack/cmake/unitree_g1_dex3_stackConfig-version.cmake
[24.312s] -- Up-to-date symlink: /home/unitree/Desktop/unitree_dex3/install/unitree_g1_dex3_stack/share/unitree_g1_dex3_stack/package.xml
[24.326s] Invoked command in '/home/unitree/Desktop/unitree_dex3/build/unitree_g1_dex3_stack' returned '0': AMENT_PREFIX_PATH=/home/unitree/Desktop/unitree_dex3/install/trac_ik_lib:/home/unitree/Desktop/unitree_dex3/install/bboxes_ex_msgs:${AMENT_PREFIX_PATH} CMAKE_PREFIX_PATH=/home/unitree/Desktop/unitree_dex3/install/trac_ik_lib:/home/unitree/Desktop/unitree_dex3/install/fcl:/home/unitree/Desktop/unitree_dex3/install/bboxes_ex_msgs:/home/unitree/unitree_ros2/cyclonedds_ws/install:/home/unitree/cyclonedds_ws/install/rmw_cyclonedds_cpp:/home/unitree/cyclonedds_ws/install/cyclonedds:/opt/ros/foxy CONDA_PROMPT_MODIFIER=(base) LD_LIBRARY_PATH=/home/unitree/Desktop/unitree_dex3/install/trac_ik_lib/lib:/home/unitree/Desktop/unitree_dex3/install/fcl/lib:/home/unitree/Desktop/unitree_dex3/install/bboxes_ex_msgs/lib:${LD_LIBRARY_PATH} PKG_CONFIG_PATH=/home/unitree/Desktop/unitree_dex3/install/fcl/lib/aarch64-linux-gnu/pkgconfig:/home/unitree/Desktop/unitree_dex3/install/fcl/lib/pkgconfig:${PKG_CONFIG_PATH} PYTHONPATH=/home/unitree/Desktop/unitree_dex3/install/bboxes_ex_msgs/lib/python3.8/site-packages:${PYTHONPATH} /usr/bin/cmake --install /home/unitree/Desktop/unitree_dex3/build/unitree_g1_dex3_stack
