[0.069s] Invoking command in '/home/unitree/Desktop/unitree_dex3/build/bboxes_ex_msgs': CMAKE_PREFIX_PATH=${CMAKE_PREFIX_PATH}:/opt/ros/foxy CONDA_PROMPT_MODIFIER=(base) /usr/bin/cmake --build /home/unitree/Desktop/unitree_dex3/build/bboxes_ex_msgs -- -j8 -l8
[0.289s] [  2%] Built target bboxes_ex_msgs__cpp
[0.354s] [ 12%] Built target bboxes_ex_msgs__rosidl_generator_c
[0.411s] [ 23%] Built target bboxes_ex_msgs__rosidl_typesupport_introspection_cpp
[0.480s] [ 33%] Built target bboxes_ex_msgs__rosidl_typesupport_c
[0.535s] [ 43%] Built target bboxes_ex_msgs__rosidl_typesupport_introspection_c
[0.631s] [ 53%] Built target bboxes_ex_msgs__rosidl_typesupport_fastrtps_cpp
[0.694s] [ 64%] Built target bboxes_ex_msgs__rosidl_typesupport_cpp
[0.771s] [ 74%] Built target bboxes_ex_msgs__rosidl_typesupport_fastrtps_c
[0.878s] [ 74%] Built target bboxes_ex_msgs
[0.889s] [ 76%] Built target bboxes_ex_msgs__py
[0.963s] [ 84%] Built target bboxes_ex_msgs__python
[1.025s] [ 89%] Built target bboxes_ex_msgs__rosidl_typesupport_c__pyext
[1.099s] [ 94%] Built target bboxes_ex_msgs__rosidl_typesupport_fastrtps_c__pyext
[1.165s] [100%] Built target bboxes_ex_msgs__rosidl_typesupport_introspection_c__pyext
[1.194s] Invoked command in '/home/unitree/Desktop/unitree_dex3/build/bboxes_ex_msgs' returned '0': CMAKE_PREFIX_PATH=${CMAKE_PREFIX_PATH}:/opt/ros/foxy CONDA_PROMPT_MODIFIER=(base) /usr/bin/cmake --build /home/unitree/Desktop/unitree_dex3/build/bboxes_ex_msgs -- -j8 -l8
[1.205s] Invoking command in '/home/unitree/Desktop/unitree_dex3/build/bboxes_ex_msgs': CMAKE_PREFIX_PATH=${CMAKE_PREFIX_PATH}:/opt/ros/foxy CONDA_PROMPT_MODIFIER=(base) /usr/bin/cmake --install /home/unitree/Desktop/unitree_dex3/build/bboxes_ex_msgs
[1.233s] -- Install configuration: ""
[1.233s] -- Up-to-date: /home/unitree/Desktop/unitree_dex3/install/bboxes_ex_msgs/share/ament_index/resource_index/rosidl_interfaces/bboxes_ex_msgs
[1.233s] -- Up-to-date: /home/unitree/Desktop/unitree_dex3/install/bboxes_ex_msgs/include/bboxes_ex_msgs
[1.233s] -- Up-to-date: /home/unitree/Desktop/unitree_dex3/install/bboxes_ex_msgs/include/bboxes_ex_msgs/msg
[1.233s] -- Up-to-date: /home/unitree/Desktop/unitree_dex3/install/bboxes_ex_msgs/include/bboxes_ex_msgs/msg/bounding_box.h
[1.234s] -- Up-to-date: /home/unitree/Desktop/unitree_dex3/install/bboxes_ex_msgs/include/bboxes_ex_msgs/msg/rosidl_generator_c__visibility_control.h
[1.234s] -- Up-to-date: /home/unitree/Desktop/unitree_dex3/install/bboxes_ex_msgs/include/bboxes_ex_msgs/msg/bounding_boxes.h
[1.235s] -- Up-to-date: /home/unitree/Desktop/unitree_dex3/install/bboxes_ex_msgs/include/bboxes_ex_msgs/msg/detail
[1.235s] -- Up-to-date: /home/unitree/Desktop/unitree_dex3/install/bboxes_ex_msgs/include/bboxes_ex_msgs/msg/detail/bounding_boxes__functions.h
[1.235s] -- Up-to-date: /home/unitree/Desktop/unitree_dex3/install/bboxes_ex_msgs/include/bboxes_ex_msgs/msg/detail/bounding_box__functions.c
[1.235s] -- Up-to-date: /home/unitree/Desktop/unitree_dex3/install/bboxes_ex_msgs/include/bboxes_ex_msgs/msg/detail/bounding_box__functions.h
[1.236s] -- Up-to-date: /home/unitree/Desktop/unitree_dex3/install/bboxes_ex_msgs/include/bboxes_ex_msgs/msg/detail/bounding_boxes__functions.c
[1.236s] -- Up-to-date: /home/unitree/Desktop/unitree_dex3/install/bboxes_ex_msgs/include/bboxes_ex_msgs/msg/detail/bounding_box__type_support.h
[1.236s] -- Up-to-date: /home/unitree/Desktop/unitree_dex3/install/bboxes_ex_msgs/include/bboxes_ex_msgs/msg/detail/bounding_boxes__struct.h
[1.236s] -- Up-to-date: /home/unitree/Desktop/unitree_dex3/install/bboxes_ex_msgs/include/bboxes_ex_msgs/msg/detail/bounding_box__struct.h
[1.237s] -- Up-to-date: /home/unitree/Desktop/unitree_dex3/install/bboxes_ex_msgs/include/bboxes_ex_msgs/msg/detail/bounding_boxes__type_support.h
[1.237s] -- Up-to-date: /home/unitree/Desktop/unitree_dex3/install/bboxes_ex_msgs/share/bboxes_ex_msgs/environment/library_path.sh
[1.237s] -- Up-to-date: /home/unitree/Desktop/unitree_dex3/install/bboxes_ex_msgs/share/bboxes_ex_msgs/environment/library_path.dsv
[1.237s] -- Up-to-date: /home/unitree/Desktop/unitree_dex3/install/bboxes_ex_msgs/lib/libbboxes_ex_msgs__rosidl_generator_c.so
[1.237s] -- Up-to-date: /home/unitree/Desktop/unitree_dex3/install/bboxes_ex_msgs/include/bboxes_ex_msgs
[1.238s] -- Up-to-date: /home/unitree/Desktop/unitree_dex3/install/bboxes_ex_msgs/include/bboxes_ex_msgs/msg
[1.238s] -- Up-to-date: /home/unitree/Desktop/unitree_dex3/install/bboxes_ex_msgs/include/bboxes_ex_msgs/msg/rosidl_typesupport_fastrtps_c__visibility_control.h
[1.239s] -- Up-to-date: /home/unitree/Desktop/unitree_dex3/install/bboxes_ex_msgs/include/bboxes_ex_msgs/msg/detail
[1.239s] -- Up-to-date: /home/unitree/Desktop/unitree_dex3/install/bboxes_ex_msgs/include/bboxes_ex_msgs/msg/detail/bounding_boxes__rosidl_typesupport_fastrtps_c.h
[1.239s] -- Up-to-date: /home/unitree/Desktop/unitree_dex3/install/bboxes_ex_msgs/include/bboxes_ex_msgs/msg/detail/bounding_box__rosidl_typesupport_fastrtps_c.h
[1.239s] -- Up-to-date: /home/unitree/Desktop/unitree_dex3/install/bboxes_ex_msgs/lib/libbboxes_ex_msgs__rosidl_typesupport_fastrtps_c.so
[1.239s] -- Up-to-date: /home/unitree/Desktop/unitree_dex3/install/bboxes_ex_msgs/include/bboxes_ex_msgs
[1.241s] -- Up-to-date: /home/unitree/Desktop/unitree_dex3/install/bboxes_ex_msgs/include/bboxes_ex_msgs/msg
[1.241s] -- Up-to-date: /home/unitree/Desktop/unitree_dex3/install/bboxes_ex_msgs/include/bboxes_ex_msgs/msg/rosidl_typesupport_fastrtps_cpp__visibility_control.h
[1.241s] -- Up-to-date: /home/unitree/Desktop/unitree_dex3/install/bboxes_ex_msgs/include/bboxes_ex_msgs/msg/detail
[1.241s] -- Up-to-date: /home/unitree/Desktop/unitree_dex3/install/bboxes_ex_msgs/include/bboxes_ex_msgs/msg/detail/bounding_box__rosidl_typesupport_fastrtps_cpp.hpp
[1.242s] -- Up-to-date: /home/unitree/Desktop/unitree_dex3/install/bboxes_ex_msgs/include/bboxes_ex_msgs/msg/detail/bounding_boxes__rosidl_typesupport_fastrtps_cpp.hpp
[1.242s] -- Up-to-date: /home/unitree/Desktop/unitree_dex3/install/bboxes_ex_msgs/include/bboxes_ex_msgs/msg/detail/dds_fastrtps
[1.242s] -- Up-to-date: /home/unitree/Desktop/unitree_dex3/install/bboxes_ex_msgs/lib/libbboxes_ex_msgs__rosidl_typesupport_fastrtps_cpp.so
[1.242s] -- Up-to-date: /home/unitree/Desktop/unitree_dex3/install/bboxes_ex_msgs/include/bboxes_ex_msgs
[1.242s] -- Up-to-date: /home/unitree/Desktop/unitree_dex3/install/bboxes_ex_msgs/include/bboxes_ex_msgs/msg
[1.243s] -- Up-to-date: /home/unitree/Desktop/unitree_dex3/install/bboxes_ex_msgs/include/bboxes_ex_msgs/msg/rosidl_typesupport_introspection_c__visibility_control.h
[1.243s] -- Up-to-date: /home/unitree/Desktop/unitree_dex3/install/bboxes_ex_msgs/include/bboxes_ex_msgs/msg/detail
[1.243s] -- Up-to-date: /home/unitree/Desktop/unitree_dex3/install/bboxes_ex_msgs/include/bboxes_ex_msgs/msg/detail/bounding_boxes__type_support.c
[1.243s] -- Up-to-date: /home/unitree/Desktop/unitree_dex3/install/bboxes_ex_msgs/include/bboxes_ex_msgs/msg/detail/bounding_box__type_support.c
[1.244s] -- Up-to-date: /home/unitree/Desktop/unitree_dex3/install/bboxes_ex_msgs/include/bboxes_ex_msgs/msg/detail/bounding_box__rosidl_typesupport_introspection_c.h
[1.244s] -- Up-to-date: /home/unitree/Desktop/unitree_dex3/install/bboxes_ex_msgs/include/bboxes_ex_msgs/msg/detail/bounding_boxes__rosidl_typesupport_introspection_c.h
[1.244s] -- Up-to-date: /home/unitree/Desktop/unitree_dex3/install/bboxes_ex_msgs/lib/libbboxes_ex_msgs__rosidl_typesupport_introspection_c.so
[1.244s] -- Up-to-date: /home/unitree/Desktop/unitree_dex3/install/bboxes_ex_msgs/lib/libbboxes_ex_msgs__rosidl_typesupport_c.so
[1.244s] -- Up-to-date: /home/unitree/Desktop/unitree_dex3/install/bboxes_ex_msgs/include/bboxes_ex_msgs
[1.244s] -- Up-to-date: /home/unitree/Desktop/unitree_dex3/install/bboxes_ex_msgs/include/bboxes_ex_msgs/msg
[1.244s] -- Up-to-date: /home/unitree/Desktop/unitree_dex3/install/bboxes_ex_msgs/include/bboxes_ex_msgs/msg/bounding_boxes.hpp
[1.244s] -- Up-to-date: /home/unitree/Desktop/unitree_dex3/install/bboxes_ex_msgs/include/bboxes_ex_msgs/msg/bounding_box.hpp
[1.244s] -- Up-to-date: /home/unitree/Desktop/unitree_dex3/install/bboxes_ex_msgs/include/bboxes_ex_msgs/msg/detail
[1.245s] -- Up-to-date: /home/unitree/Desktop/unitree_dex3/install/bboxes_ex_msgs/include/bboxes_ex_msgs/msg/detail/bounding_boxes__type_support.hpp
[1.245s] -- Up-to-date: /home/unitree/Desktop/unitree_dex3/install/bboxes_ex_msgs/include/bboxes_ex_msgs/msg/detail/bounding_box__traits.hpp
[1.245s] -- Up-to-date: /home/unitree/Desktop/unitree_dex3/install/bboxes_ex_msgs/include/bboxes_ex_msgs/msg/detail/bounding_boxes__traits.hpp
[1.245s] -- Up-to-date: /home/unitree/Desktop/unitree_dex3/install/bboxes_ex_msgs/include/bboxes_ex_msgs/msg/detail/bounding_boxes__struct.hpp
[1.245s] -- Up-to-date: /home/unitree/Desktop/unitree_dex3/install/bboxes_ex_msgs/include/bboxes_ex_msgs/msg/detail/bounding_boxes__builder.hpp
[1.245s] -- Up-to-date: /home/unitree/Desktop/unitree_dex3/install/bboxes_ex_msgs/include/bboxes_ex_msgs/msg/detail/bounding_box__type_support.hpp
[1.245s] -- Up-to-date: /home/unitree/Desktop/unitree_dex3/install/bboxes_ex_msgs/include/bboxes_ex_msgs/msg/detail/bounding_box__struct.hpp
[1.245s] -- Up-to-date: /home/unitree/Desktop/unitree_dex3/install/bboxes_ex_msgs/include/bboxes_ex_msgs/msg/detail/bounding_box__builder.hpp
[1.245s] -- Up-to-date: /home/unitree/Desktop/unitree_dex3/install/bboxes_ex_msgs/include/bboxes_ex_msgs/msg/rosidl_generator_cpp__visibility_control.hpp
[1.246s] -- Up-to-date: /home/unitree/Desktop/unitree_dex3/install/bboxes_ex_msgs/include/bboxes_ex_msgs
[1.246s] -- Up-to-date: /home/unitree/Desktop/unitree_dex3/install/bboxes_ex_msgs/include/bboxes_ex_msgs/msg
[1.246s] -- Up-to-date: /home/unitree/Desktop/unitree_dex3/install/bboxes_ex_msgs/include/bboxes_ex_msgs/msg/detail
[1.246s] -- Up-to-date: /home/unitree/Desktop/unitree_dex3/install/bboxes_ex_msgs/include/bboxes_ex_msgs/msg/detail/bounding_box__rosidl_typesupport_introspection_cpp.hpp
[1.246s] -- Up-to-date: /home/unitree/Desktop/unitree_dex3/install/bboxes_ex_msgs/include/bboxes_ex_msgs/msg/detail/bounding_box__type_support.cpp
[1.246s] -- Up-to-date: /home/unitree/Desktop/unitree_dex3/install/bboxes_ex_msgs/include/bboxes_ex_msgs/msg/detail/bounding_boxes__type_support.cpp
[1.246s] -- Up-to-date: /home/unitree/Desktop/unitree_dex3/install/bboxes_ex_msgs/include/bboxes_ex_msgs/msg/detail/bounding_boxes__rosidl_typesupport_introspection_cpp.hpp
[1.246s] -- Up-to-date: /home/unitree/Desktop/unitree_dex3/install/bboxes_ex_msgs/lib/libbboxes_ex_msgs__rosidl_typesupport_introspection_cpp.so
[1.246s] -- Up-to-date: /home/unitree/Desktop/unitree_dex3/install/bboxes_ex_msgs/lib/libbboxes_ex_msgs__rosidl_typesupport_cpp.so
[1.247s] -- Up-to-date: /home/unitree/Desktop/unitree_dex3/install/bboxes_ex_msgs/share/bboxes_ex_msgs/environment/pythonpath.sh
[1.247s] -- Up-to-date: /home/unitree/Desktop/unitree_dex3/install/bboxes_ex_msgs/share/bboxes_ex_msgs/environment/pythonpath.dsv
[1.247s] -- Up-to-date: /home/unitree/Desktop/unitree_dex3/install/bboxes_ex_msgs/lib/python3.8/site-packages/bboxes_ex_msgs/__init__.py
[1.327s] -- Up-to-date: /home/unitree/Desktop/unitree_dex3/install/bboxes_ex_msgs/lib/python3.8/site-packages/bboxes_ex_msgs/msg
[1.329s] -- Up-to-date: /home/unitree/Desktop/unitree_dex3/install/bboxes_ex_msgs/lib/python3.8/site-packages/bboxes_ex_msgs/msg/_bounding_boxes.py
[1.329s] -- Up-to-date: /home/unitree/Desktop/unitree_dex3/install/bboxes_ex_msgs/lib/python3.8/site-packages/bboxes_ex_msgs/msg/_bounding_box.py
[1.330s] -- Up-to-date: /home/unitree/Desktop/unitree_dex3/install/bboxes_ex_msgs/lib/python3.8/site-packages/bboxes_ex_msgs/msg/_bounding_box_s.c
[1.330s] -- Up-to-date: /home/unitree/Desktop/unitree_dex3/install/bboxes_ex_msgs/lib/python3.8/site-packages/bboxes_ex_msgs/msg/__init__.py
[1.330s] -- Up-to-date: /home/unitree/Desktop/unitree_dex3/install/bboxes_ex_msgs/lib/python3.8/site-packages/bboxes_ex_msgs/msg/_bounding_boxes_s.c
[1.330s] -- Up-to-date: /home/unitree/Desktop/unitree_dex3/install/bboxes_ex_msgs/lib/python3.8/site-packages/bboxes_ex_msgs/bboxes_ex_msgs_s__rosidl_typesupport_fastrtps_c.cpython-38-aarch64-linux-gnu.so
[1.331s] -- Up-to-date: /home/unitree/Desktop/unitree_dex3/install/bboxes_ex_msgs/lib/python3.8/site-packages/bboxes_ex_msgs/bboxes_ex_msgs_s__rosidl_typesupport_introspection_c.cpython-38-aarch64-linux-gnu.so
[1.333s] -- Up-to-date: /home/unitree/Desktop/unitree_dex3/install/bboxes_ex_msgs/lib/python3.8/site-packages/bboxes_ex_msgs/bboxes_ex_msgs_s__rosidl_typesupport_c.cpython-38-aarch64-linux-gnu.so
[1.334s] -- Up-to-date: /home/unitree/Desktop/unitree_dex3/install/bboxes_ex_msgs/lib/libbboxes_ex_msgs__python.so
[1.335s] -- Up-to-date: /home/unitree/Desktop/unitree_dex3/install/bboxes_ex_msgs/share/bboxes_ex_msgs/msg/BoundingBox.idl
[1.335s] -- Up-to-date: /home/unitree/Desktop/unitree_dex3/install/bboxes_ex_msgs/share/bboxes_ex_msgs/msg/BoundingBoxes.idl
[1.335s] -- Up-to-date: /home/unitree/Desktop/unitree_dex3/install/bboxes_ex_msgs/share/bboxes_ex_msgs/msg/BoundingBox.msg
[1.335s] -- Up-to-date: /home/unitree/Desktop/unitree_dex3/install/bboxes_ex_msgs/share/bboxes_ex_msgs/msg/BoundingBoxes.msg
[1.338s] -- Up-to-date: /home/unitree/Desktop/unitree_dex3/install/bboxes_ex_msgs/share/ament_index/resource_index/package_run_dependencies/bboxes_ex_msgs
[1.338s] -- Up-to-date: /home/unitree/Desktop/unitree_dex3/install/bboxes_ex_msgs/share/ament_index/resource_index/parent_prefix_path/bboxes_ex_msgs
[1.338s] -- Up-to-date: /home/unitree/Desktop/unitree_dex3/install/bboxes_ex_msgs/share/bboxes_ex_msgs/environment/ament_prefix_path.sh
[1.339s] -- Up-to-date: /home/unitree/Desktop/unitree_dex3/install/bboxes_ex_msgs/share/bboxes_ex_msgs/environment/ament_prefix_path.dsv
[1.339s] -- Up-to-date: /home/unitree/Desktop/unitree_dex3/install/bboxes_ex_msgs/share/bboxes_ex_msgs/environment/path.sh
[1.339s] -- Up-to-date: /home/unitree/Desktop/unitree_dex3/install/bboxes_ex_msgs/share/bboxes_ex_msgs/environment/path.dsv
[1.339s] -- Up-to-date: /home/unitree/Desktop/unitree_dex3/install/bboxes_ex_msgs/share/bboxes_ex_msgs/local_setup.bash
[1.339s] -- Up-to-date: /home/unitree/Desktop/unitree_dex3/install/bboxes_ex_msgs/share/bboxes_ex_msgs/local_setup.sh
[1.339s] -- Up-to-date: /home/unitree/Desktop/unitree_dex3/install/bboxes_ex_msgs/share/bboxes_ex_msgs/local_setup.zsh
[1.340s] -- Up-to-date: /home/unitree/Desktop/unitree_dex3/install/bboxes_ex_msgs/share/bboxes_ex_msgs/local_setup.dsv
[1.340s] -- Installing: /home/unitree/Desktop/unitree_dex3/install/bboxes_ex_msgs/share/bboxes_ex_msgs/package.dsv
[1.340s] -- Up-to-date: /home/unitree/Desktop/unitree_dex3/install/bboxes_ex_msgs/share/ament_index/resource_index/packages/bboxes_ex_msgs
[1.340s] -- Up-to-date: /home/unitree/Desktop/unitree_dex3/install/bboxes_ex_msgs/share/bboxes_ex_msgs/cmake/bboxes_ex_msgs__rosidl_generator_cExport.cmake
[1.340s] -- Up-to-date: /home/unitree/Desktop/unitree_dex3/install/bboxes_ex_msgs/share/bboxes_ex_msgs/cmake/bboxes_ex_msgs__rosidl_generator_cExport-noconfig.cmake
[1.341s] -- Up-to-date: /home/unitree/Desktop/unitree_dex3/install/bboxes_ex_msgs/share/bboxes_ex_msgs/cmake/bboxes_ex_msgs__rosidl_typesupport_introspection_cExport.cmake
[1.341s] -- Up-to-date: /home/unitree/Desktop/unitree_dex3/install/bboxes_ex_msgs/share/bboxes_ex_msgs/cmake/bboxes_ex_msgs__rosidl_typesupport_introspection_cExport-noconfig.cmake
[1.341s] -- Up-to-date: /home/unitree/Desktop/unitree_dex3/install/bboxes_ex_msgs/share/bboxes_ex_msgs/cmake/bboxes_ex_msgs__rosidl_typesupport_cExport.cmake
[1.342s] -- Up-to-date: /home/unitree/Desktop/unitree_dex3/install/bboxes_ex_msgs/share/bboxes_ex_msgs/cmake/bboxes_ex_msgs__rosidl_typesupport_cExport-noconfig.cmake
[1.342s] -- Up-to-date: /home/unitree/Desktop/unitree_dex3/install/bboxes_ex_msgs/share/bboxes_ex_msgs/cmake/bboxes_ex_msgs__rosidl_generator_cppExport.cmake
[1.343s] -- Up-to-date: /home/unitree/Desktop/unitree_dex3/install/bboxes_ex_msgs/share/bboxes_ex_msgs/cmake/bboxes_ex_msgs__rosidl_typesupport_introspection_cppExport.cmake
[1.344s] -- Up-to-date: /home/unitree/Desktop/unitree_dex3/install/bboxes_ex_msgs/share/bboxes_ex_msgs/cmake/bboxes_ex_msgs__rosidl_typesupport_introspection_cppExport-noconfig.cmake
[1.344s] -- Up-to-date: /home/unitree/Desktop/unitree_dex3/install/bboxes_ex_msgs/share/bboxes_ex_msgs/cmake/bboxes_ex_msgs__rosidl_typesupport_cppExport.cmake
[1.344s] -- Up-to-date: /home/unitree/Desktop/unitree_dex3/install/bboxes_ex_msgs/share/bboxes_ex_msgs/cmake/bboxes_ex_msgs__rosidl_typesupport_cppExport-noconfig.cmake
[1.344s] -- Up-to-date: /home/unitree/Desktop/unitree_dex3/install/bboxes_ex_msgs/share/bboxes_ex_msgs/cmake/rosidl_cmake-extras.cmake
[1.345s] -- Up-to-date: /home/unitree/Desktop/unitree_dex3/install/bboxes_ex_msgs/share/bboxes_ex_msgs/cmake/ament_cmake_export_dependencies-extras.cmake
[1.345s] -- Up-to-date: /home/unitree/Desktop/unitree_dex3/install/bboxes_ex_msgs/share/bboxes_ex_msgs/cmake/ament_cmake_export_libraries-extras.cmake
[1.345s] -- Up-to-date: /home/unitree/Desktop/unitree_dex3/install/bboxes_ex_msgs/share/bboxes_ex_msgs/cmake/ament_cmake_export_targets-extras.cmake
[1.346s] -- Up-to-date: /home/unitree/Desktop/unitree_dex3/install/bboxes_ex_msgs/share/bboxes_ex_msgs/cmake/ament_cmake_export_include_directories-extras.cmake
[1.346s] -- Up-to-date: /home/unitree/Desktop/unitree_dex3/install/bboxes_ex_msgs/share/bboxes_ex_msgs/cmake/rosidl_cmake_export_typesupport_libraries-extras.cmake
[1.346s] -- Up-to-date: /home/unitree/Desktop/unitree_dex3/install/bboxes_ex_msgs/share/bboxes_ex_msgs/cmake/rosidl_cmake_export_typesupport_targets-extras.cmake
[1.367s] -- Up-to-date: /home/unitree/Desktop/unitree_dex3/install/bboxes_ex_msgs/share/bboxes_ex_msgs/cmake/bboxes_ex_msgsConfig.cmake
[1.369s] -- Up-to-date: /home/unitree/Desktop/unitree_dex3/install/bboxes_ex_msgs/share/bboxes_ex_msgs/cmake/bboxes_ex_msgsConfig-version.cmake
[1.369s] -- Up-to-date: /home/unitree/Desktop/unitree_dex3/install/bboxes_ex_msgs/share/bboxes_ex_msgs/package.xml
[1.370s] Invoked command in '/home/unitree/Desktop/unitree_dex3/build/bboxes_ex_msgs' returned '0': CMAKE_PREFIX_PATH=${CMAKE_PREFIX_PATH}:/opt/ros/foxy CONDA_PROMPT_MODIFIER=(base) /usr/bin/cmake --install /home/unitree/Desktop/unitree_dex3/build/bboxes_ex_msgs
