[0.044s] Invoking command in '/home/unitree/Desktop/unitree_dex3/build/unitree_g1_dex3_stack': CMAKE_PREFIX_PATH=/home/unitree/Desktop/unitree_dex3/install/trac_ik_lib:/home/unitree/Desktop/unitree_dex3/install/fcl:/home/unitree/Desktop/unitree_dex3/install/bboxes_ex_msgs:/home/unitree/Desktop/unitree_dex3/install/unitree_g1_dex3_stack:/home/unitree/Desktop/unitree_dex3/install/trac_ik:/home/unitree/unitree_ros2/cyclonedds_ws/install:/home/unitree/cyclonedds_ws/install/rmw_cyclonedds_cpp:/home/unitree/cyclonedds_ws/install/cyclonedds:/opt/ros/foxy CONDA_PROMPT_MODIFIER=(base) /usr/bin/cmake --build /home/unitree/Desktop/unitree_dex3/build/unitree_g1_dex3_stack -- -j8 -l8
[0.108s] -- Found ament_cmake: 0.9.12 (/opt/ros/foxy/share/ament_cmake/cmake)
[0.174s] -- Using PYTHON_EXECUTABLE: /usr/bin/python3
[0.575s] -- Override CMake install command with custom implementation using symlinks instead of copying resources
[0.619s] -- Found rclcpp: 2.4.3 (/opt/ros/foxy/share/rclcpp/cmake)
[0.702s] -- Using all available rosidl_typesupport_c: rosidl_typesupport_fastrtps_c;rosidl_typesupport_introspection_c
[0.710s] -- Found rosidl_adapter: 1.3.1 (/opt/ros/foxy/share/rosidl_adapter/cmake)
[0.997s] -- Using all available rosidl_typesupport_cpp: rosidl_typesupport_fastrtps_cpp;rosidl_typesupport_introspection_cpp
[1.088s] -- Found rmw_implementation_cmake: 1.0.4 (/opt/ros/foxy/share/rmw_implementation_cmake/cmake)
[1.092s] -- Using RMW implementation 'rmw_cyclonedds_cpp' as default
[1.329s] -- Found sensor_msgs: 2.0.5 (/opt/ros/foxy/share/sensor_msgs/cmake)
[1.504s] -- Found trajectory_msgs: 2.0.5 (/opt/ros/foxy/share/trajectory_msgs/cmake)
[1.611s] -- Found unitree_hg: 0.0.0 (/home/unitree/unitree_ros2/cyclonedds_ws/install/share/unitree_hg/cmake)
[1.701s] -- Found urdf: 2.4.0 (/opt/ros/foxy/share/urdf/cmake)
[1.738s] -- Found kdl_parser: 2.4.1 (/opt/ros/foxy/share/kdl_parser/cmake)
[1.740s] -- Found eigen3_cmake_module: 0.1.1 (/opt/ros/foxy/share/eigen3_cmake_module/cmake)
[1.751s] -- Found vision_msgs: 2.0.0 (/opt/ros/foxy/share/vision_msgs/cmake)
[1.928s] -- Found cv_bridge: 3.0.7 (/opt/ros/foxy/share/cv_bridge/cmake)
[1.978s] -- Found bboxes_ex_msgs: 0.0.1 (/home/unitree/Desktop/unitree_dex3/install/bboxes_ex_msgs/share/bboxes_ex_msgs/cmake)
[2.033s] -- Found image_transport: 2.4.0 (/opt/ros/foxy/share/image_transport/cmake)
[2.108s] -- Found pcl_conversions: 2.2.1 (/opt/ros/foxy/share/pcl_conversions/cmake)
[2.354s] -- Found tf2: 0.13.14 (/opt/ros/foxy/share/tf2/cmake)
[2.368s] -- Found tf2_ros: 0.13.14 (/opt/ros/foxy/share/tf2_ros/cmake)
[2.852s] -- Found tf2_geometry_msgs: 0.13.14 (/opt/ros/foxy/share/tf2_geometry_msgs/cmake)
[2.919s] -- Eigen found (include: /usr/include/eigen3, version: 3.3.7)
[2.940s] -- Found Boost: /usr/include (found suitable version "1.71.0", minimum required is "1.55.0") found components: system filesystem date_time iostreams regex 
[3.073s] -- The imported target "vtkParseOGLExt" references the file
[3.074s]    "/usr/bin/vtkParseOGLExt-7.1"
[3.074s] but this file does not exist.  Possible reasons include:
[3.074s] * The file was deleted, renamed, or moved to another location.
[3.074s] * An install or uninstall procedure did not complete successfully.
[3.074s] * The installation package was faulty and contained
[3.074s]    "/usr/lib/cmake/vtk-7.1/VTKTargets.cmake"
[3.074s] but not all the files it references.
[3.075s] 
[3.075s] -- The imported target "vtkRenderingPythonTkWidgets" references the file
[3.075s]    "/usr/lib/aarch64-linux-gnu/libvtkRenderingPythonTkWidgets.so"
[3.075s] but this file does not exist.  Possible reasons include:
[3.076s] * The file was deleted, renamed, or moved to another location.
[3.076s] * An install or uninstall procedure did not complete successfully.
[3.076s] * The installation package was faulty and contained
[3.076s]    "/usr/lib/cmake/vtk-7.1/VTKTargets.cmake"
[3.076s] but not all the files it references.
[3.076s] 
[3.077s] -- The imported target "vtk" references the file
[3.077s]    "/usr/bin/vtk"
[3.077s] but this file does not exist.  Possible reasons include:
[3.077s] * The file was deleted, renamed, or moved to another location.
[3.077s] * An install or uninstall procedure did not complete successfully.
[3.078s] * The installation package was faulty and contained
[3.078s]    "/usr/lib/cmake/vtk-7.1/VTKTargets.cmake"
[3.078s] but not all the files it references.
[3.078s] 
[3.078s] -- The imported target "pvtk" references the file
[3.078s]    "/usr/bin/pvtk"
[3.078s] but this file does not exist.  Possible reasons include:
[3.078s] * The file was deleted, renamed, or moved to another location.
[3.078s] * An install or uninstall procedure did not complete successfully.
[3.078s] * The installation package was faulty and contained
[3.079s]    "/usr/lib/cmake/vtk-7.1/VTKTargets.cmake"
[3.079s] but not all the files it references.
[3.079s] 
[3.127s] -- OpenNI found (include: /usr/include/ni, lib: /usr/lib/libOpenNI.so)
[3.141s] -- OpenNI2 found (include: /usr/include/openni2, lib: /usr/lib/libOpenNI2.so)
[3.141s] ** WARNING ** io features related to pcap will be disabled
[3.142s] ** WARNING ** io features related to png will be disabled
[3.160s] ** WARNING ** io features related to libusb-1.0 will be disabled
[3.173s] -- OpenNI found (include: /usr/include/ni, lib: /usr/lib/libOpenNI.so)
[3.186s] -- OpenNI2 found (include: /usr/include/openni2, lib: /usr/lib/libOpenNI2.so)
[3.207s] -- QHULL found (include: /usr/include, lib: optimized;/usr/lib/aarch64-linux-gnu/libqhull.so;debug;/usr/lib/aarch64-linux-gnu/libqhull.so)
[3.220s] -- OpenNI found (include: /usr/include/ni, lib: /usr/lib/libOpenNI.so)
[3.239s] -- looking for PCL_COMMON
[3.240s] -- looking for PCL_KDTREE
[3.241s] -- looking for PCL_OCTREE
[3.242s] -- looking for PCL_SEARCH
[3.243s] -- looking for PCL_SAMPLE_CONSENSUS
[3.244s] -- looking for PCL_FILTERS
[3.245s] -- looking for PCL_2D
[3.245s] -- looking for PCL_GEOMETRY
[3.246s] -- looking for PCL_IO
[3.247s] -- looking for PCL_FEATURES
[3.248s] -- looking for PCL_ML
[3.249s] -- looking for PCL_SEGMENTATION
[3.250s] -- looking for PCL_VISUALIZATION
[3.251s] -- looking for PCL_SURFACE
[3.252s] -- looking for PCL_REGISTRATION
[3.253s] -- looking for PCL_KEYPOINTS
[3.254s] -- looking for PCL_TRACKING
[3.255s] -- looking for PCL_RECOGNITION
[3.256s] -- looking for PCL_STEREO
[3.257s] -- looking for PCL_APPS
[3.259s] -- looking for PCL_IN_HAND_SCANNER
[3.259s] -- looking for PCL_POINT_CLOUD_EDITOR
[3.260s] -- looking for PCL_OUTOFCORE
[3.261s] -- looking for PCL_PEOPLE
[3.266s] -- Found trac_ik_lib: 2.0.2 (/home/unitree/Desktop/unitree_dex3/install/trac_ik_lib/share/trac_ik_lib/cmake)
[3.312s] -- Found geometric_shapes: 2.1.2 (/opt/ros/foxy/share/geometric_shapes/cmake)
[3.322s] -- Found Boost: /usr/include (found version "1.71.0") found components: filesystem 
[3.412s] -- library: /usr/lib/aarch64-linux-gnu/libcurl.so
[3.824s] -- Found ament_lint_auto: 0.9.8 (/opt/ros/foxy/share/ament_lint_auto/cmake)
[3.982s] -- Configuring done
[4.274s] -- Generating done
[4.423s] -- Build files have been written to: /home/unitree/Desktop/unitree_dex3/build/unitree_g1_dex3_stack
[4.553s] [ 11%] Built target joint_trajectory_executor
[4.658s] [ 22%] Built target ik_fcl_ompl_planner
[4.759s] [ 33%] Built target project_to_3d_node
[4.866s] [ 44%] Built target visual_detection_yolo_tester
[4.938s] [ 55%] Built target detection_to_goal_node
[5.017s] [ 66%] Built target visual_detection_tester
[5.095s] [ 77%] Built target right_hand_pressure_monitor
[5.178s] [ 88%] Built target dex3_controller
[5.270s] [100%] Built target joint_state_publisher
[5.313s] Invoked command in '/home/unitree/Desktop/unitree_dex3/build/unitree_g1_dex3_stack' returned '0': CMAKE_PREFIX_PATH=/home/unitree/Desktop/unitree_dex3/install/trac_ik_lib:/home/unitree/Desktop/unitree_dex3/install/fcl:/home/unitree/Desktop/unitree_dex3/install/bboxes_ex_msgs:/home/unitree/Desktop/unitree_dex3/install/unitree_g1_dex3_stack:/home/unitree/Desktop/unitree_dex3/install/trac_ik:/home/unitree/unitree_ros2/cyclonedds_ws/install:/home/unitree/cyclonedds_ws/install/rmw_cyclonedds_cpp:/home/unitree/cyclonedds_ws/install/cyclonedds:/opt/ros/foxy CONDA_PROMPT_MODIFIER=(base) /usr/bin/cmake --build /home/unitree/Desktop/unitree_dex3/build/unitree_g1_dex3_stack -- -j8 -l8
[5.314s] Invoking command in '/home/unitree/Desktop/unitree_dex3/build/unitree_g1_dex3_stack': CMAKE_PREFIX_PATH=/home/unitree/Desktop/unitree_dex3/install/trac_ik_lib:/home/unitree/Desktop/unitree_dex3/install/fcl:/home/unitree/Desktop/unitree_dex3/install/bboxes_ex_msgs:/home/unitree/Desktop/unitree_dex3/install/unitree_g1_dex3_stack:/home/unitree/Desktop/unitree_dex3/install/trac_ik:/home/unitree/unitree_ros2/cyclonedds_ws/install:/home/unitree/cyclonedds_ws/install/rmw_cyclonedds_cpp:/home/unitree/cyclonedds_ws/install/cyclonedds:/opt/ros/foxy CONDA_PROMPT_MODIFIER=(base) /usr/bin/cmake --install /home/unitree/Desktop/unitree_dex3/build/unitree_g1_dex3_stack
[5.352s] -- Install configuration: ""
[5.353s] -- Execute custom install script
[5.354s] -- Up-to-date symlink: /home/unitree/Desktop/unitree_dex3/install/unitree_g1_dex3_stack/lib/unitree_g1_dex3_stack/joint_state_publisher
[5.355s] -- Up-to-date symlink: /home/unitree/Desktop/unitree_dex3/install/unitree_g1_dex3_stack/lib/unitree_g1_dex3_stack/dex3_controller
[5.356s] -- Up-to-date symlink: /home/unitree/Desktop/unitree_dex3/install/unitree_g1_dex3_stack/lib/unitree_g1_dex3_stack/joint_trajectory_executor
[5.357s] -- Up-to-date symlink: /home/unitree/Desktop/unitree_dex3/install/unitree_g1_dex3_stack/lib/unitree_g1_dex3_stack/project_to_3d_node
[5.358s] -- Up-to-date symlink: /home/unitree/Desktop/unitree_dex3/install/unitree_g1_dex3_stack/lib/unitree_g1_dex3_stack/detection_to_goal_node
[5.359s] -- Up-to-date symlink: /home/unitree/Desktop/unitree_dex3/install/unitree_g1_dex3_stack/lib/unitree_g1_dex3_stack/right_hand_pressure_monitor
[5.360s] -- Up-to-date symlink: /home/unitree/Desktop/unitree_dex3/install/unitree_g1_dex3_stack/lib/unitree_g1_dex3_stack/visual_detection_tester
[5.360s] -- Up-to-date symlink: /home/unitree/Desktop/unitree_dex3/install/unitree_g1_dex3_stack/lib/unitree_g1_dex3_stack/visual_detection_yolo_tester
[5.362s] -- Up-to-date symlink: /home/unitree/Desktop/unitree_dex3/install/unitree_g1_dex3_stack/lib/unitree_g1_dex3_stack/ik_fcl_ompl_planner
[5.362s] -- Up-to-date symlink: /home/unitree/Desktop/unitree_dex3/install/unitree_g1_dex3_stack/lib/unitree_g1_dex3_stack/ultralytics_detector.py
[5.364s] -- Up-to-date symlink: /home/unitree/Desktop/unitree_dex3/install/unitree_g1_dex3_stack/share/unitree_g1_dex3_stack/launch/__pycache__/perception.launch.cpython-38.pyc
[5.364s] -- Up-to-date symlink: /home/unitree/Desktop/unitree_dex3/install/unitree_g1_dex3_stack/share/unitree_g1_dex3_stack/launch/control.launch.py
[5.365s] -- Up-to-date symlink: /home/unitree/Desktop/unitree_dex3/install/unitree_g1_dex3_stack/share/unitree_g1_dex3_stack/launch/perception.launch.py
[5.366s] -- Up-to-date symlink: /home/unitree/Desktop/unitree_dex3/install/unitree_g1_dex3_stack/share/unitree_g1_dex3_stack/launch/planner.launch.py
[5.366s] -- Up-to-date symlink: /home/unitree/Desktop/unitree_dex3/install/unitree_g1_dex3_stack/share/unitree_g1_dex3_stack/launch/robot.launch.py
[5.367s] -- Up-to-date symlink: /home/unitree/Desktop/unitree_dex3/install/unitree_g1_dex3_stack/share/unitree_g1_dex3_stack/launch/visual_detect_click.launch.py
[5.367s] -- Up-to-date symlink: /home/unitree/Desktop/unitree_dex3/install/unitree_g1_dex3_stack/share/unitree_g1_dex3_stack/launch/visual_detect_yolo.launch.py
[5.373s] -- Up-to-date symlink: /home/unitree/Desktop/unitree_dex3/install/unitree_g1_dex3_stack/share/unitree_g1_dex3_stack/robots/dexterous_hand_description/dex3_1/dex3_1_l.urdf
[5.373s] -- Up-to-date symlink: /home/unitree/Desktop/unitree_dex3/install/unitree_g1_dex3_stack/share/unitree_g1_dex3_stack/robots/dexterous_hand_description/dex3_1/dex3_1_r.urdf
[5.374s] -- Up-to-date symlink: /home/unitree/Desktop/unitree_dex3/install/unitree_g1_dex3_stack/share/unitree_g1_dex3_stack/robots/dexterous_hand_description/dex3_1/meshes/left_hand_index_0_link.STL
[5.375s] -- Up-to-date symlink: /home/unitree/Desktop/unitree_dex3/install/unitree_g1_dex3_stack/share/unitree_g1_dex3_stack/robots/dexterous_hand_description/dex3_1/meshes/left_hand_index_1_link.STL
[5.375s] -- Up-to-date symlink: /home/unitree/Desktop/unitree_dex3/install/unitree_g1_dex3_stack/share/unitree_g1_dex3_stack/robots/dexterous_hand_description/dex3_1/meshes/left_hand_middle_0_link.STL
[5.376s] -- Up-to-date symlink: /home/unitree/Desktop/unitree_dex3/install/unitree_g1_dex3_stack/share/unitree_g1_dex3_stack/robots/dexterous_hand_description/dex3_1/meshes/left_hand_middle_1_link.STL
[5.376s] -- Up-to-date symlink: /home/unitree/Desktop/unitree_dex3/install/unitree_g1_dex3_stack/share/unitree_g1_dex3_stack/robots/dexterous_hand_description/dex3_1/meshes/left_hand_palm_link.STL
[5.377s] -- Up-to-date symlink: /home/unitree/Desktop/unitree_dex3/install/unitree_g1_dex3_stack/share/unitree_g1_dex3_stack/robots/dexterous_hand_description/dex3_1/meshes/left_hand_thumb_0_link.STL
[5.378s] -- Up-to-date symlink: /home/unitree/Desktop/unitree_dex3/install/unitree_g1_dex3_stack/share/unitree_g1_dex3_stack/robots/dexterous_hand_description/dex3_1/meshes/left_hand_thumb_1_link.STL
[5.380s] -- Up-to-date symlink: /home/unitree/Desktop/unitree_dex3/install/unitree_g1_dex3_stack/share/unitree_g1_dex3_stack/robots/dexterous_hand_description/dex3_1/meshes/left_hand_thumb_2_link.STL
[5.380s] -- Up-to-date symlink: /home/unitree/Desktop/unitree_dex3/install/unitree_g1_dex3_stack/share/unitree_g1_dex3_stack/robots/dexterous_hand_description/dex3_1/meshes/right_hand_index_0_link.STL
[5.381s] -- Up-to-date symlink: /home/unitree/Desktop/unitree_dex3/install/unitree_g1_dex3_stack/share/unitree_g1_dex3_stack/robots/dexterous_hand_description/dex3_1/meshes/right_hand_index_1_link.STL
[5.381s] -- Up-to-date symlink: /home/unitree/Desktop/unitree_dex3/install/unitree_g1_dex3_stack/share/unitree_g1_dex3_stack/robots/dexterous_hand_description/dex3_1/meshes/right_hand_middle_0_link.STL
[5.382s] -- Up-to-date symlink: /home/unitree/Desktop/unitree_dex3/install/unitree_g1_dex3_stack/share/unitree_g1_dex3_stack/robots/dexterous_hand_description/dex3_1/meshes/right_hand_middle_1_link.STL
[5.382s] -- Up-to-date symlink: /home/unitree/Desktop/unitree_dex3/install/unitree_g1_dex3_stack/share/unitree_g1_dex3_stack/robots/dexterous_hand_description/dex3_1/meshes/right_hand_palm_link.STL
[5.382s] -- Up-to-date symlink: /home/unitree/Desktop/unitree_dex3/install/unitree_g1_dex3_stack/share/unitree_g1_dex3_stack/robots/dexterous_hand_description/dex3_1/meshes/right_hand_thumb_0_link.STL
[5.383s] -- Up-to-date symlink: /home/unitree/Desktop/unitree_dex3/install/unitree_g1_dex3_stack/share/unitree_g1_dex3_stack/robots/dexterous_hand_description/dex3_1/meshes/right_hand_thumb_1_link.STL
[5.383s] -- Up-to-date symlink: /home/unitree/Desktop/unitree_dex3/install/unitree_g1_dex3_stack/share/unitree_g1_dex3_stack/robots/dexterous_hand_description/dex3_1/meshes/right_hand_thumb_2_link.STL
[5.384s] -- Up-to-date symlink: /home/unitree/Desktop/unitree_dex3/install/unitree_g1_dex3_stack/share/unitree_g1_dex3_stack/robots/g1_description/collision_trimesh.py
[5.384s] -- Up-to-date symlink: /home/unitree/Desktop/unitree_dex3/install/unitree_g1_dex3_stack/share/unitree_g1_dex3_stack/robots/g1_description/g1_29dof_lock_waist_with_hand_rev_1_0.urdf
[5.385s] -- Up-to-date symlink: /home/unitree/Desktop/unitree_dex3/install/unitree_g1_dex3_stack/share/unitree_g1_dex3_stack/robots/g1_description/g1_29dof_lock_waist_with_hand_rev_1_0_collision_primitives.urdf
[5.385s] -- Up-to-date symlink: /home/unitree/Desktop/unitree_dex3/install/unitree_g1_dex3_stack/share/unitree_g1_dex3_stack/robots/g1_description/g1_29dof_with_hand_rev_1_0.urdf
[5.385s] -- Up-to-date symlink: /home/unitree/Desktop/unitree_dex3/install/unitree_g1_dex3_stack/share/unitree_g1_dex3_stack/robots/g1_description/meshes/L_hand_base_link.STL
[5.386s] -- Up-to-date symlink: /home/unitree/Desktop/unitree_dex3/install/unitree_g1_dex3_stack/share/unitree_g1_dex3_stack/robots/g1_description/meshes/Link11_L.STL
[5.386s] -- Up-to-date symlink: /home/unitree/Desktop/unitree_dex3/install/unitree_g1_dex3_stack/share/unitree_g1_dex3_stack/robots/g1_description/meshes/Link11_R.STL
[5.387s] -- Up-to-date symlink: /home/unitree/Desktop/unitree_dex3/install/unitree_g1_dex3_stack/share/unitree_g1_dex3_stack/robots/g1_description/meshes/Link12_L.STL
[5.388s] -- Up-to-date symlink: /home/unitree/Desktop/unitree_dex3/install/unitree_g1_dex3_stack/share/unitree_g1_dex3_stack/robots/g1_description/meshes/Link12_R.STL
[5.389s] -- Up-to-date symlink: /home/unitree/Desktop/unitree_dex3/install/unitree_g1_dex3_stack/share/unitree_g1_dex3_stack/robots/g1_description/meshes/Link13_L.STL
[5.390s] -- Up-to-date symlink: /home/unitree/Desktop/unitree_dex3/install/unitree_g1_dex3_stack/share/unitree_g1_dex3_stack/robots/g1_description/meshes/Link13_R.STL
[5.390s] -- Up-to-date symlink: /home/unitree/Desktop/unitree_dex3/install/unitree_g1_dex3_stack/share/unitree_g1_dex3_stack/robots/g1_description/meshes/Link14_L.STL
[5.391s] -- Up-to-date symlink: /home/unitree/Desktop/unitree_dex3/install/unitree_g1_dex3_stack/share/unitree_g1_dex3_stack/robots/g1_description/meshes/Link14_R.STL
[5.392s] -- Up-to-date symlink: /home/unitree/Desktop/unitree_dex3/install/unitree_g1_dex3_stack/share/unitree_g1_dex3_stack/robots/g1_description/meshes/Link15_L.STL
[5.392s] -- Up-to-date symlink: /home/unitree/Desktop/unitree_dex3/install/unitree_g1_dex3_stack/share/unitree_g1_dex3_stack/robots/g1_description/meshes/Link15_R.STL
[5.394s] -- Up-to-date symlink: /home/unitree/Desktop/unitree_dex3/install/unitree_g1_dex3_stack/share/unitree_g1_dex3_stack/robots/g1_description/meshes/Link16_L.STL
[5.396s] -- Up-to-date symlink: /home/unitree/Desktop/unitree_dex3/install/unitree_g1_dex3_stack/share/unitree_g1_dex3_stack/robots/g1_description/meshes/Link16_R.STL
[5.398s] -- Up-to-date symlink: /home/unitree/Desktop/unitree_dex3/install/unitree_g1_dex3_stack/share/unitree_g1_dex3_stack/robots/g1_description/meshes/Link17_L.STL
[5.399s] -- Up-to-date symlink: /home/unitree/Desktop/unitree_dex3/install/unitree_g1_dex3_stack/share/unitree_g1_dex3_stack/robots/g1_description/meshes/Link17_R.STL
[5.400s] -- Up-to-date symlink: /home/unitree/Desktop/unitree_dex3/install/unitree_g1_dex3_stack/share/unitree_g1_dex3_stack/robots/g1_description/meshes/Link18_L.STL
[5.401s] -- Up-to-date symlink: /home/unitree/Desktop/unitree_dex3/install/unitree_g1_dex3_stack/share/unitree_g1_dex3_stack/robots/g1_description/meshes/Link18_R.STL
[5.401s] -- Up-to-date symlink: /home/unitree/Desktop/unitree_dex3/install/unitree_g1_dex3_stack/share/unitree_g1_dex3_stack/robots/g1_description/meshes/Link19_L.STL
[5.401s] -- Up-to-date symlink: /home/unitree/Desktop/unitree_dex3/install/unitree_g1_dex3_stack/share/unitree_g1_dex3_stack/robots/g1_description/meshes/Link19_R.STL
[5.402s] -- Up-to-date symlink: /home/unitree/Desktop/unitree_dex3/install/unitree_g1_dex3_stack/share/unitree_g1_dex3_stack/robots/g1_description/meshes/Link20_L.STL
[5.402s] -- Up-to-date symlink: /home/unitree/Desktop/unitree_dex3/install/unitree_g1_dex3_stack/share/unitree_g1_dex3_stack/robots/g1_description/meshes/Link20_R.STL
[5.403s] -- Up-to-date symlink: /home/unitree/Desktop/unitree_dex3/install/unitree_g1_dex3_stack/share/unitree_g1_dex3_stack/robots/g1_description/meshes/Link21_L.STL
[5.404s] -- Up-to-date symlink: /home/unitree/Desktop/unitree_dex3/install/unitree_g1_dex3_stack/share/unitree_g1_dex3_stack/robots/g1_description/meshes/Link21_R.STL
[5.405s] -- Up-to-date symlink: /home/unitree/Desktop/unitree_dex3/install/unitree_g1_dex3_stack/share/unitree_g1_dex3_stack/robots/g1_description/meshes/Link22_L.STL
[5.405s] -- Up-to-date symlink: /home/unitree/Desktop/unitree_dex3/install/unitree_g1_dex3_stack/share/unitree_g1_dex3_stack/robots/g1_description/meshes/Link22_R.STL
[5.406s] -- Up-to-date symlink: /home/unitree/Desktop/unitree_dex3/install/unitree_g1_dex3_stack/share/unitree_g1_dex3_stack/robots/g1_description/meshes/R_hand_base_link.STL
[5.406s] -- Up-to-date symlink: /home/unitree/Desktop/unitree_dex3/install/unitree_g1_dex3_stack/share/unitree_g1_dex3_stack/robots/g1_description/meshes/d455_link.STL
[5.407s] -- Up-to-date symlink: /home/unitree/Desktop/unitree_dex3/install/unitree_g1_dex3_stack/share/unitree_g1_dex3_stack/robots/g1_description/meshes/head_link.STL
[5.407s] -- Up-to-date symlink: /home/unitree/Desktop/unitree_dex3/install/unitree_g1_dex3_stack/share/unitree_g1_dex3_stack/robots/g1_description/meshes/head_servo_link.STL
[5.407s] -- Up-to-date symlink: /home/unitree/Desktop/unitree_dex3/install/unitree_g1_dex3_stack/share/unitree_g1_dex3_stack/robots/g1_description/meshes/left_ankle_pitch_link.STL
[5.407s] -- Up-to-date symlink: /home/unitree/Desktop/unitree_dex3/install/unitree_g1_dex3_stack/share/unitree_g1_dex3_stack/robots/g1_description/meshes/left_ankle_roll_link.STL
[5.411s] -- Up-to-date symlink: /home/unitree/Desktop/unitree_dex3/install/unitree_g1_dex3_stack/share/unitree_g1_dex3_stack/robots/g1_description/meshes/left_base_link.STL
[5.411s] -- Up-to-date symlink: /home/unitree/Desktop/unitree_dex3/install/unitree_g1_dex3_stack/share/unitree_g1_dex3_stack/robots/g1_description/meshes/left_elbow_link.STL
[5.413s] -- Up-to-date symlink: /home/unitree/Desktop/unitree_dex3/install/unitree_g1_dex3_stack/share/unitree_g1_dex3_stack/robots/g1_description/meshes/left_hand_index_0_link.STL
[5.414s] -- Up-to-date symlink: /home/unitree/Desktop/unitree_dex3/install/unitree_g1_dex3_stack/share/unitree_g1_dex3_stack/robots/g1_description/meshes/left_hand_index_1_link.STL
[5.415s] -- Up-to-date symlink: /home/unitree/Desktop/unitree_dex3/install/unitree_g1_dex3_stack/share/unitree_g1_dex3_stack/robots/g1_description/meshes/left_hand_middle_0_link.STL
[5.415s] -- Up-to-date symlink: /home/unitree/Desktop/unitree_dex3/install/unitree_g1_dex3_stack/share/unitree_g1_dex3_stack/robots/g1_description/meshes/left_hand_middle_1_link.STL
[5.416s] -- Up-to-date symlink: /home/unitree/Desktop/unitree_dex3/install/unitree_g1_dex3_stack/share/unitree_g1_dex3_stack/robots/g1_description/meshes/left_hand_palm_link.STL
[5.417s] -- Up-to-date symlink: /home/unitree/Desktop/unitree_dex3/install/unitree_g1_dex3_stack/share/unitree_g1_dex3_stack/robots/g1_description/meshes/left_hand_thumb_0_link.STL
[5.418s] -- Up-to-date symlink: /home/unitree/Desktop/unitree_dex3/install/unitree_g1_dex3_stack/share/unitree_g1_dex3_stack/robots/g1_description/meshes/left_hand_thumb_1_link.STL
[5.418s] -- Up-to-date symlink: /home/unitree/Desktop/unitree_dex3/install/unitree_g1_dex3_stack/share/unitree_g1_dex3_stack/robots/g1_description/meshes/left_hand_thumb_2_link.STL
[5.420s] -- Up-to-date symlink: /home/unitree/Desktop/unitree_dex3/install/unitree_g1_dex3_stack/share/unitree_g1_dex3_stack/robots/g1_description/meshes/left_hip_pitch_link.STL
[5.421s] -- Up-to-date symlink: /home/unitree/Desktop/unitree_dex3/install/unitree_g1_dex3_stack/share/unitree_g1_dex3_stack/robots/g1_description/meshes/left_hip_roll_link.STL
[5.421s] -- Up-to-date symlink: /home/unitree/Desktop/unitree_dex3/install/unitree_g1_dex3_stack/share/unitree_g1_dex3_stack/robots/g1_description/meshes/left_hip_yaw_link.STL
[5.421s] -- Up-to-date symlink: /home/unitree/Desktop/unitree_dex3/install/unitree_g1_dex3_stack/share/unitree_g1_dex3_stack/robots/g1_description/meshes/left_index_1.STL
[5.422s] -- Up-to-date symlink: /home/unitree/Desktop/unitree_dex3/install/unitree_g1_dex3_stack/share/unitree_g1_dex3_stack/robots/g1_description/meshes/left_index_2.STL
[5.423s] -- Up-to-date symlink: /home/unitree/Desktop/unitree_dex3/install/unitree_g1_dex3_stack/share/unitree_g1_dex3_stack/robots/g1_description/meshes/left_index_force_sensor_1.STL
[5.423s] -- Up-to-date symlink: /home/unitree/Desktop/unitree_dex3/install/unitree_g1_dex3_stack/share/unitree_g1_dex3_stack/robots/g1_description/meshes/left_index_force_sensor_2.STL
[5.423s] -- Up-to-date symlink: /home/unitree/Desktop/unitree_dex3/install/unitree_g1_dex3_stack/share/unitree_g1_dex3_stack/robots/g1_description/meshes/left_index_force_sensor_3.STL
[5.424s] -- Up-to-date symlink: /home/unitree/Desktop/unitree_dex3/install/unitree_g1_dex3_stack/share/unitree_g1_dex3_stack/robots/g1_description/meshes/left_knee_link.STL
[5.424s] -- Up-to-date symlink: /home/unitree/Desktop/unitree_dex3/install/unitree_g1_dex3_stack/share/unitree_g1_dex3_stack/robots/g1_description/meshes/left_little_1.STL
[5.424s] -- Up-to-date symlink: /home/unitree/Desktop/unitree_dex3/install/unitree_g1_dex3_stack/share/unitree_g1_dex3_stack/robots/g1_description/meshes/left_little_2.STL
[5.424s] -- Up-to-date symlink: /home/unitree/Desktop/unitree_dex3/install/unitree_g1_dex3_stack/share/unitree_g1_dex3_stack/robots/g1_description/meshes/left_little_force_sensor_1.STL
[5.424s] -- Up-to-date symlink: /home/unitree/Desktop/unitree_dex3/install/unitree_g1_dex3_stack/share/unitree_g1_dex3_stack/robots/g1_description/meshes/left_little_force_sensor_2.STL
[5.424s] -- Up-to-date symlink: /home/unitree/Desktop/unitree_dex3/install/unitree_g1_dex3_stack/share/unitree_g1_dex3_stack/robots/g1_description/meshes/left_little_force_sensor_3.STL
[5.424s] -- Up-to-date symlink: /home/unitree/Desktop/unitree_dex3/install/unitree_g1_dex3_stack/share/unitree_g1_dex3_stack/robots/g1_description/meshes/left_middle_1.STL
[5.425s] -- Up-to-date symlink: /home/unitree/Desktop/unitree_dex3/install/unitree_g1_dex3_stack/share/unitree_g1_dex3_stack/robots/g1_description/meshes/left_middle_2.STL
[5.425s] -- Up-to-date symlink: /home/unitree/Desktop/unitree_dex3/install/unitree_g1_dex3_stack/share/unitree_g1_dex3_stack/robots/g1_description/meshes/left_middle_force_sensor_1.STL
[5.425s] -- Up-to-date symlink: /home/unitree/Desktop/unitree_dex3/install/unitree_g1_dex3_stack/share/unitree_g1_dex3_stack/robots/g1_description/meshes/left_middle_force_sensor_2.STL
[5.425s] -- Up-to-date symlink: /home/unitree/Desktop/unitree_dex3/install/unitree_g1_dex3_stack/share/unitree_g1_dex3_stack/robots/g1_description/meshes/left_middle_force_sensor_3.STL
[5.425s] -- Up-to-date symlink: /home/unitree/Desktop/unitree_dex3/install/unitree_g1_dex3_stack/share/unitree_g1_dex3_stack/robots/g1_description/meshes/left_palm_force_sensor.STL
[5.425s] -- Up-to-date symlink: /home/unitree/Desktop/unitree_dex3/install/unitree_g1_dex3_stack/share/unitree_g1_dex3_stack/robots/g1_description/meshes/left_ring_1.STL
[5.426s] -- Up-to-date symlink: /home/unitree/Desktop/unitree_dex3/install/unitree_g1_dex3_stack/share/unitree_g1_dex3_stack/robots/g1_description/meshes/left_ring_2.STL
[5.426s] -- Up-to-date symlink: /home/unitree/Desktop/unitree_dex3/install/unitree_g1_dex3_stack/share/unitree_g1_dex3_stack/robots/g1_description/meshes/left_ring_force_sensor_1.STL
[5.426s] -- Up-to-date symlink: /home/unitree/Desktop/unitree_dex3/install/unitree_g1_dex3_stack/share/unitree_g1_dex3_stack/robots/g1_description/meshes/left_ring_force_sensor_2.STL
[5.426s] -- Up-to-date symlink: /home/unitree/Desktop/unitree_dex3/install/unitree_g1_dex3_stack/share/unitree_g1_dex3_stack/robots/g1_description/meshes/left_ring_force_sensor_3.STL
[5.427s] -- Up-to-date symlink: /home/unitree/Desktop/unitree_dex3/install/unitree_g1_dex3_stack/share/unitree_g1_dex3_stack/robots/g1_description/meshes/left_rubber_hand.STL
[5.428s] -- Up-to-date symlink: /home/unitree/Desktop/unitree_dex3/install/unitree_g1_dex3_stack/share/unitree_g1_dex3_stack/robots/g1_description/meshes/left_shoulder_pitch_link.STL
[5.429s] -- Up-to-date symlink: /home/unitree/Desktop/unitree_dex3/install/unitree_g1_dex3_stack/share/unitree_g1_dex3_stack/robots/g1_description/meshes/left_shoulder_roll_link.STL
[5.429s] -- Up-to-date symlink: /home/unitree/Desktop/unitree_dex3/install/unitree_g1_dex3_stack/share/unitree_g1_dex3_stack/robots/g1_description/meshes/left_shoulder_yaw_link.STL
[5.430s] -- Up-to-date symlink: /home/unitree/Desktop/unitree_dex3/install/unitree_g1_dex3_stack/share/unitree_g1_dex3_stack/robots/g1_description/meshes/left_thumb_1.STL
[5.430s] -- Up-to-date symlink: /home/unitree/Desktop/unitree_dex3/install/unitree_g1_dex3_stack/share/unitree_g1_dex3_stack/robots/g1_description/meshes/left_thumb_2.STL
[5.431s] -- Up-to-date symlink: /home/unitree/Desktop/unitree_dex3/install/unitree_g1_dex3_stack/share/unitree_g1_dex3_stack/robots/g1_description/meshes/left_thumb_3.STL
[5.431s] -- Up-to-date symlink: /home/unitree/Desktop/unitree_dex3/install/unitree_g1_dex3_stack/share/unitree_g1_dex3_stack/robots/g1_description/meshes/left_thumb_4.STL
[5.432s] -- Up-to-date symlink: /home/unitree/Desktop/unitree_dex3/install/unitree_g1_dex3_stack/share/unitree_g1_dex3_stack/robots/g1_description/meshes/left_thumb_force_sensor_1.STL
[5.432s] -- Up-to-date symlink: /home/unitree/Desktop/unitree_dex3/install/unitree_g1_dex3_stack/share/unitree_g1_dex3_stack/robots/g1_description/meshes/left_thumb_force_sensor_2.STL
[5.432s] -- Up-to-date symlink: /home/unitree/Desktop/unitree_dex3/install/unitree_g1_dex3_stack/share/unitree_g1_dex3_stack/robots/g1_description/meshes/left_thumb_force_sensor_3.STL
[5.432s] -- Up-to-date symlink: /home/unitree/Desktop/unitree_dex3/install/unitree_g1_dex3_stack/share/unitree_g1_dex3_stack/robots/g1_description/meshes/left_thumb_force_sensor_4.STL
[5.433s] -- Up-to-date symlink: /home/unitree/Desktop/unitree_dex3/install/unitree_g1_dex3_stack/share/unitree_g1_dex3_stack/robots/g1_description/meshes/left_thumb_swing.STL
[5.433s] -- Up-to-date symlink: /home/unitree/Desktop/unitree_dex3/install/unitree_g1_dex3_stack/share/unitree_g1_dex3_stack/robots/g1_description/meshes/left_wrist_pitch_link.STL
[5.433s] -- Up-to-date symlink: /home/unitree/Desktop/unitree_dex3/install/unitree_g1_dex3_stack/share/unitree_g1_dex3_stack/robots/g1_description/meshes/left_wrist_roll_link.STL
[5.435s] -- Up-to-date symlink: /home/unitree/Desktop/unitree_dex3/install/unitree_g1_dex3_stack/share/unitree_g1_dex3_stack/robots/g1_description/meshes/left_wrist_roll_rubber_hand.STL
[5.436s] -- Up-to-date symlink: /home/unitree/Desktop/unitree_dex3/install/unitree_g1_dex3_stack/share/unitree_g1_dex3_stack/robots/g1_description/meshes/left_wrist_yaw_link.STL
[5.436s] -- Up-to-date symlink: /home/unitree/Desktop/unitree_dex3/install/unitree_g1_dex3_stack/share/unitree_g1_dex3_stack/robots/g1_description/meshes/logo_link.STL
[5.437s] -- Up-to-date symlink: /home/unitree/Desktop/unitree_dex3/install/unitree_g1_dex3_stack/share/unitree_g1_dex3_stack/robots/g1_description/meshes/pelvis.STL
[5.437s] -- Up-to-date symlink: /home/unitree/Desktop/unitree_dex3/install/unitree_g1_dex3_stack/share/unitree_g1_dex3_stack/robots/g1_description/meshes/pelvis_contour_link.STL
[5.437s] -- Up-to-date symlink: /home/unitree/Desktop/unitree_dex3/install/unitree_g1_dex3_stack/share/unitree_g1_dex3_stack/robots/g1_description/meshes/right_ankle_pitch_link.STL
[5.437s] -- Up-to-date symlink: /home/unitree/Desktop/unitree_dex3/install/unitree_g1_dex3_stack/share/unitree_g1_dex3_stack/robots/g1_description/meshes/right_ankle_roll_link.STL
[5.437s] -- Up-to-date symlink: /home/unitree/Desktop/unitree_dex3/install/unitree_g1_dex3_stack/share/unitree_g1_dex3_stack/robots/g1_description/meshes/right_base_link.STL
[5.437s] -- Up-to-date symlink: /home/unitree/Desktop/unitree_dex3/install/unitree_g1_dex3_stack/share/unitree_g1_dex3_stack/robots/g1_description/meshes/right_elbow_link.STL
[5.438s] -- Up-to-date symlink: /home/unitree/Desktop/unitree_dex3/install/unitree_g1_dex3_stack/share/unitree_g1_dex3_stack/robots/g1_description/meshes/right_hand_index_0_link.STL
[5.439s] -- Up-to-date symlink: /home/unitree/Desktop/unitree_dex3/install/unitree_g1_dex3_stack/share/unitree_g1_dex3_stack/robots/g1_description/meshes/right_hand_index_1_link.STL
[5.440s] -- Up-to-date symlink: /home/unitree/Desktop/unitree_dex3/install/unitree_g1_dex3_stack/share/unitree_g1_dex3_stack/robots/g1_description/meshes/right_hand_middle_0_link.STL
[5.440s] -- Up-to-date symlink: /home/unitree/Desktop/unitree_dex3/install/unitree_g1_dex3_stack/share/unitree_g1_dex3_stack/robots/g1_description/meshes/right_hand_middle_1_link.STL
[5.440s] -- Up-to-date symlink: /home/unitree/Desktop/unitree_dex3/install/unitree_g1_dex3_stack/share/unitree_g1_dex3_stack/robots/g1_description/meshes/right_hand_palm_link.STL
[5.440s] -- Up-to-date symlink: /home/unitree/Desktop/unitree_dex3/install/unitree_g1_dex3_stack/share/unitree_g1_dex3_stack/robots/g1_description/meshes/right_hand_thumb_0_link.STL
[5.441s] -- Up-to-date symlink: /home/unitree/Desktop/unitree_dex3/install/unitree_g1_dex3_stack/share/unitree_g1_dex3_stack/robots/g1_description/meshes/right_hand_thumb_1_link.STL
[5.441s] -- Up-to-date symlink: /home/unitree/Desktop/unitree_dex3/install/unitree_g1_dex3_stack/share/unitree_g1_dex3_stack/robots/g1_description/meshes/right_hand_thumb_2_link.STL
[5.441s] -- Up-to-date symlink: /home/unitree/Desktop/unitree_dex3/install/unitree_g1_dex3_stack/share/unitree_g1_dex3_stack/robots/g1_description/meshes/right_hip_pitch_link.STL
[5.442s] -- Up-to-date symlink: /home/unitree/Desktop/unitree_dex3/install/unitree_g1_dex3_stack/share/unitree_g1_dex3_stack/robots/g1_description/meshes/right_hip_roll_link.STL
[5.443s] -- Up-to-date symlink: /home/unitree/Desktop/unitree_dex3/install/unitree_g1_dex3_stack/share/unitree_g1_dex3_stack/robots/g1_description/meshes/right_hip_yaw_link.STL
[5.443s] -- Up-to-date symlink: /home/unitree/Desktop/unitree_dex3/install/unitree_g1_dex3_stack/share/unitree_g1_dex3_stack/robots/g1_description/meshes/right_index_1.STL
[5.444s] -- Up-to-date symlink: /home/unitree/Desktop/unitree_dex3/install/unitree_g1_dex3_stack/share/unitree_g1_dex3_stack/robots/g1_description/meshes/right_index_2.STL
[5.444s] -- Up-to-date symlink: /home/unitree/Desktop/unitree_dex3/install/unitree_g1_dex3_stack/share/unitree_g1_dex3_stack/robots/g1_description/meshes/right_index_force_sensor_1.STL
[5.444s] -- Up-to-date symlink: /home/unitree/Desktop/unitree_dex3/install/unitree_g1_dex3_stack/share/unitree_g1_dex3_stack/robots/g1_description/meshes/right_index_force_sensor_2.STL
[5.444s] -- Up-to-date symlink: /home/unitree/Desktop/unitree_dex3/install/unitree_g1_dex3_stack/share/unitree_g1_dex3_stack/robots/g1_description/meshes/right_index_force_sensor_3.STL
[5.444s] -- Up-to-date symlink: /home/unitree/Desktop/unitree_dex3/install/unitree_g1_dex3_stack/share/unitree_g1_dex3_stack/robots/g1_description/meshes/right_knee_link.STL
[5.444s] -- Up-to-date symlink: /home/unitree/Desktop/unitree_dex3/install/unitree_g1_dex3_stack/share/unitree_g1_dex3_stack/robots/g1_description/meshes/right_little_1.STL
[5.444s] -- Up-to-date symlink: /home/unitree/Desktop/unitree_dex3/install/unitree_g1_dex3_stack/share/unitree_g1_dex3_stack/robots/g1_description/meshes/right_little_2.STL
[5.445s] -- Up-to-date symlink: /home/unitree/Desktop/unitree_dex3/install/unitree_g1_dex3_stack/share/unitree_g1_dex3_stack/robots/g1_description/meshes/right_little_force_sensor_1.STL
[5.445s] -- Up-to-date symlink: /home/unitree/Desktop/unitree_dex3/install/unitree_g1_dex3_stack/share/unitree_g1_dex3_stack/robots/g1_description/meshes/right_little_force_sensor_2.STL
[5.445s] -- Up-to-date symlink: /home/unitree/Desktop/unitree_dex3/install/unitree_g1_dex3_stack/share/unitree_g1_dex3_stack/robots/g1_description/meshes/right_little_force_sensor_3.STL
[5.445s] -- Up-to-date symlink: /home/unitree/Desktop/unitree_dex3/install/unitree_g1_dex3_stack/share/unitree_g1_dex3_stack/robots/g1_description/meshes/right_middle_1.STL
[5.445s] -- Up-to-date symlink: /home/unitree/Desktop/unitree_dex3/install/unitree_g1_dex3_stack/share/unitree_g1_dex3_stack/robots/g1_description/meshes/right_middle_2.STL
[5.445s] -- Up-to-date symlink: /home/unitree/Desktop/unitree_dex3/install/unitree_g1_dex3_stack/share/unitree_g1_dex3_stack/robots/g1_description/meshes/right_middle_force_sensor_1.STL
[5.445s] -- Up-to-date symlink: /home/unitree/Desktop/unitree_dex3/install/unitree_g1_dex3_stack/share/unitree_g1_dex3_stack/robots/g1_description/meshes/right_middle_force_sensor_2.STL
[5.446s] -- Up-to-date symlink: /home/unitree/Desktop/unitree_dex3/install/unitree_g1_dex3_stack/share/unitree_g1_dex3_stack/robots/g1_description/meshes/right_middle_force_sensor_3.STL
[5.446s] -- Up-to-date symlink: /home/unitree/Desktop/unitree_dex3/install/unitree_g1_dex3_stack/share/unitree_g1_dex3_stack/robots/g1_description/meshes/right_palm_force_sensor.STL
[5.446s] -- Up-to-date symlink: /home/unitree/Desktop/unitree_dex3/install/unitree_g1_dex3_stack/share/unitree_g1_dex3_stack/robots/g1_description/meshes/right_ring_1.STL
[5.446s] -- Up-to-date symlink: /home/unitree/Desktop/unitree_dex3/install/unitree_g1_dex3_stack/share/unitree_g1_dex3_stack/robots/g1_description/meshes/right_ring_2.STL
[5.446s] -- Up-to-date symlink: /home/unitree/Desktop/unitree_dex3/install/unitree_g1_dex3_stack/share/unitree_g1_dex3_stack/robots/g1_description/meshes/right_ring_force_sensor_1.STL
[5.446s] -- Up-to-date symlink: /home/unitree/Desktop/unitree_dex3/install/unitree_g1_dex3_stack/share/unitree_g1_dex3_stack/robots/g1_description/meshes/right_ring_force_sensor_2.STL
[5.446s] -- Up-to-date symlink: /home/unitree/Desktop/unitree_dex3/install/unitree_g1_dex3_stack/share/unitree_g1_dex3_stack/robots/g1_description/meshes/right_ring_force_sensor_3.STL
[5.447s] -- Up-to-date symlink: /home/unitree/Desktop/unitree_dex3/install/unitree_g1_dex3_stack/share/unitree_g1_dex3_stack/robots/g1_description/meshes/right_rubber_hand.STL
[5.447s] -- Up-to-date symlink: /home/unitree/Desktop/unitree_dex3/install/unitree_g1_dex3_stack/share/unitree_g1_dex3_stack/robots/g1_description/meshes/right_shoulder_pitch_link.STL
[5.447s] -- Up-to-date symlink: /home/unitree/Desktop/unitree_dex3/install/unitree_g1_dex3_stack/share/unitree_g1_dex3_stack/robots/g1_description/meshes/right_shoulder_roll_link.STL
[5.447s] -- Up-to-date symlink: /home/unitree/Desktop/unitree_dex3/install/unitree_g1_dex3_stack/share/unitree_g1_dex3_stack/robots/g1_description/meshes/right_shoulder_yaw_link.STL
[5.447s] -- Up-to-date symlink: /home/unitree/Desktop/unitree_dex3/install/unitree_g1_dex3_stack/share/unitree_g1_dex3_stack/robots/g1_description/meshes/right_thumb_1.STL
[5.447s] -- Up-to-date symlink: /home/unitree/Desktop/unitree_dex3/install/unitree_g1_dex3_stack/share/unitree_g1_dex3_stack/robots/g1_description/meshes/right_thumb_2.STL
[5.447s] -- Up-to-date symlink: /home/unitree/Desktop/unitree_dex3/install/unitree_g1_dex3_stack/share/unitree_g1_dex3_stack/robots/g1_description/meshes/right_thumb_3.STL
[5.447s] -- Up-to-date symlink: /home/unitree/Desktop/unitree_dex3/install/unitree_g1_dex3_stack/share/unitree_g1_dex3_stack/robots/g1_description/meshes/right_thumb_4.STL
[5.447s] -- Up-to-date symlink: /home/unitree/Desktop/unitree_dex3/install/unitree_g1_dex3_stack/share/unitree_g1_dex3_stack/robots/g1_description/meshes/right_thumb_force_sensor_1.STL
[5.448s] -- Up-to-date symlink: /home/unitree/Desktop/unitree_dex3/install/unitree_g1_dex3_stack/share/unitree_g1_dex3_stack/robots/g1_description/meshes/right_thumb_force_sensor_2.STL
[5.448s] -- Up-to-date symlink: /home/unitree/Desktop/unitree_dex3/install/unitree_g1_dex3_stack/share/unitree_g1_dex3_stack/robots/g1_description/meshes/right_thumb_force_sensor_3.STL
[5.448s] -- Up-to-date symlink: /home/unitree/Desktop/unitree_dex3/install/unitree_g1_dex3_stack/share/unitree_g1_dex3_stack/robots/g1_description/meshes/right_thumb_force_sensor_4.STL
[5.448s] -- Up-to-date symlink: /home/unitree/Desktop/unitree_dex3/install/unitree_g1_dex3_stack/share/unitree_g1_dex3_stack/robots/g1_description/meshes/right_wrist_pitch_link.STL
[5.449s] -- Up-to-date symlink: /home/unitree/Desktop/unitree_dex3/install/unitree_g1_dex3_stack/share/unitree_g1_dex3_stack/robots/g1_description/meshes/right_wrist_roll_link.STL
[5.450s] -- Up-to-date symlink: /home/unitree/Desktop/unitree_dex3/install/unitree_g1_dex3_stack/share/unitree_g1_dex3_stack/robots/g1_description/meshes/right_wrist_roll_rubber_hand.STL
[5.452s] -- Up-to-date symlink: /home/unitree/Desktop/unitree_dex3/install/unitree_g1_dex3_stack/share/unitree_g1_dex3_stack/robots/g1_description/meshes/right_wrist_yaw_link.STL
[5.452s] -- Up-to-date symlink: /home/unitree/Desktop/unitree_dex3/install/unitree_g1_dex3_stack/share/unitree_g1_dex3_stack/robots/g1_description/meshes/torso_constraint_L_link.STL
[5.452s] -- Up-to-date symlink: /home/unitree/Desktop/unitree_dex3/install/unitree_g1_dex3_stack/share/unitree_g1_dex3_stack/robots/g1_description/meshes/torso_constraint_L_rod_link.STL
[5.452s] -- Up-to-date symlink: /home/unitree/Desktop/unitree_dex3/install/unitree_g1_dex3_stack/share/unitree_g1_dex3_stack/robots/g1_description/meshes/torso_constraint_R_link.STL
[5.452s] -- Up-to-date symlink: /home/unitree/Desktop/unitree_dex3/install/unitree_g1_dex3_stack/share/unitree_g1_dex3_stack/robots/g1_description/meshes/torso_constraint_R_rod_link.STL
[5.453s] -- Up-to-date symlink: /home/unitree/Desktop/unitree_dex3/install/unitree_g1_dex3_stack/share/unitree_g1_dex3_stack/robots/g1_description/meshes/torso_link.STL
[5.453s] -- Up-to-date symlink: /home/unitree/Desktop/unitree_dex3/install/unitree_g1_dex3_stack/share/unitree_g1_dex3_stack/robots/g1_description/meshes/torso_link_23dof_rev_1_0.STL
[5.453s] -- Up-to-date symlink: /home/unitree/Desktop/unitree_dex3/install/unitree_g1_dex3_stack/share/unitree_g1_dex3_stack/robots/g1_description/meshes/torso_link_rev_1_0.STL
[5.453s] -- Up-to-date symlink: /home/unitree/Desktop/unitree_dex3/install/unitree_g1_dex3_stack/share/unitree_g1_dex3_stack/robots/g1_description/meshes/waist_constraint_L.STL
[5.454s] -- Up-to-date symlink: /home/unitree/Desktop/unitree_dex3/install/unitree_g1_dex3_stack/share/unitree_g1_dex3_stack/robots/g1_description/meshes/waist_constraint_R.STL
[5.454s] -- Up-to-date symlink: /home/unitree/Desktop/unitree_dex3/install/unitree_g1_dex3_stack/share/unitree_g1_dex3_stack/robots/g1_description/meshes/waist_roll_link.STL
[5.457s] -- Up-to-date symlink: /home/unitree/Desktop/unitree_dex3/install/unitree_g1_dex3_stack/share/unitree_g1_dex3_stack/robots/g1_description/meshes/waist_roll_link_rev_1_0.STL
[5.457s] -- Up-to-date symlink: /home/unitree/Desktop/unitree_dex3/install/unitree_g1_dex3_stack/share/unitree_g1_dex3_stack/robots/g1_description/meshes/waist_support_link.STL
[5.458s] -- Up-to-date symlink: /home/unitree/Desktop/unitree_dex3/install/unitree_g1_dex3_stack/share/unitree_g1_dex3_stack/robots/g1_description/meshes/waist_yaw_link.STL
[5.458s] -- Up-to-date symlink: /home/unitree/Desktop/unitree_dex3/install/unitree_g1_dex3_stack/share/unitree_g1_dex3_stack/robots/g1_description/meshes/waist_yaw_link_rev_1_0.STL
[5.458s] -- Up-to-date symlink: /home/unitree/Desktop/unitree_dex3/install/unitree_g1_dex3_stack/share/unitree_g1_dex3_stack/robots/g1_description/meshes/xl330_link.STL
[5.459s] -- Up-to-date symlink: /home/unitree/Desktop/unitree_dex3/install/unitree_g1_dex3_stack/share/ament_index/resource_index/package_run_dependencies/unitree_g1_dex3_stack
[5.461s] -- Up-to-date symlink: /home/unitree/Desktop/unitree_dex3/install/unitree_g1_dex3_stack/share/ament_index/resource_index/parent_prefix_path/unitree_g1_dex3_stack
[5.462s] -- Up-to-date symlink: /home/unitree/Desktop/unitree_dex3/install/unitree_g1_dex3_stack/share/unitree_g1_dex3_stack/environment/ament_prefix_path.sh
[5.462s] -- Up-to-date symlink: /home/unitree/Desktop/unitree_dex3/install/unitree_g1_dex3_stack/share/unitree_g1_dex3_stack/environment/ament_prefix_path.dsv
[5.463s] -- Up-to-date symlink: /home/unitree/Desktop/unitree_dex3/install/unitree_g1_dex3_stack/share/unitree_g1_dex3_stack/environment/path.sh
[5.465s] -- Up-to-date symlink: /home/unitree/Desktop/unitree_dex3/install/unitree_g1_dex3_stack/share/unitree_g1_dex3_stack/environment/path.dsv
[5.465s] -- Up-to-date symlink: /home/unitree/Desktop/unitree_dex3/install/unitree_g1_dex3_stack/share/unitree_g1_dex3_stack/local_setup.bash
[5.466s] -- Up-to-date symlink: /home/unitree/Desktop/unitree_dex3/install/unitree_g1_dex3_stack/share/unitree_g1_dex3_stack/local_setup.sh
[5.466s] -- Up-to-date symlink: /home/unitree/Desktop/unitree_dex3/install/unitree_g1_dex3_stack/share/unitree_g1_dex3_stack/local_setup.zsh
[5.466s] -- Up-to-date symlink: /home/unitree/Desktop/unitree_dex3/install/unitree_g1_dex3_stack/share/unitree_g1_dex3_stack/local_setup.dsv
[5.467s] -- Symlinking: /home/unitree/Desktop/unitree_dex3/install/unitree_g1_dex3_stack/share/unitree_g1_dex3_stack/package.dsv
[5.498s] -- Up-to-date symlink: /home/unitree/Desktop/unitree_dex3/install/unitree_g1_dex3_stack/share/ament_index/resource_index/packages/unitree_g1_dex3_stack
[5.499s] -- Up-to-date symlink: /home/unitree/Desktop/unitree_dex3/install/unitree_g1_dex3_stack/share/unitree_g1_dex3_stack/cmake/unitree_g1_dex3_stackConfig.cmake
[5.499s] -- Up-to-date symlink: /home/unitree/Desktop/unitree_dex3/install/unitree_g1_dex3_stack/share/unitree_g1_dex3_stack/cmake/unitree_g1_dex3_stackConfig-version.cmake
[5.500s] -- Up-to-date symlink: /home/unitree/Desktop/unitree_dex3/install/unitree_g1_dex3_stack/share/unitree_g1_dex3_stack/package.xml
[5.509s] Invoked command in '/home/unitree/Desktop/unitree_dex3/build/unitree_g1_dex3_stack' returned '0': CMAKE_PREFIX_PATH=/home/unitree/Desktop/unitree_dex3/install/trac_ik_lib:/home/unitree/Desktop/unitree_dex3/install/fcl:/home/unitree/Desktop/unitree_dex3/install/bboxes_ex_msgs:/home/unitree/Desktop/unitree_dex3/install/unitree_g1_dex3_stack:/home/unitree/Desktop/unitree_dex3/install/trac_ik:/home/unitree/unitree_ros2/cyclonedds_ws/install:/home/unitree/cyclonedds_ws/install/rmw_cyclonedds_cpp:/home/unitree/cyclonedds_ws/install/cyclonedds:/opt/ros/foxy CONDA_PROMPT_MODIFIER=(base) /usr/bin/cmake --install /home/unitree/Desktop/unitree_dex3/build/unitree_g1_dex3_stack
