[0.029s] Invoking command in '/home/unitree/Desktop/unitree_dex3/build/trac_ik': CMAKE_PREFIX_PATH=/home/unitree/Desktop/unitree_dex3/install/trac_ik_lib:/home/unitree/Desktop/unitree_dex3/install/unitree_g1_dex3_stack:/home/unitree/Desktop/unitree_dex3/install/trac_ik:/home/unitree/Desktop/unitree_dex3/install/fcl:/home/unitree/Desktop/unitree_dex3/install/bboxes_ex_msgs:/home/unitree/unitree_ros2/cyclonedds_ws/install:/home/unitree/cyclonedds_ws/install/rmw_cyclonedds_cpp:/home/unitree/cyclonedds_ws/install/cyclonedds:/opt/ros/foxy CONDA_PROMPT_MODIFIER=(base) /usr/bin/cmake --build /home/unitree/Desktop/unitree_dex3/build/trac_ik -- -j8 -l8
[0.184s] Invoked command in '/home/unitree/Desktop/unitree_dex3/build/trac_ik' returned '0': CMAKE_PREFIX_PATH=/home/unitree/Desktop/unitree_dex3/install/trac_ik_lib:/home/unitree/Desktop/unitree_dex3/install/unitree_g1_dex3_stack:/home/unitree/Desktop/unitree_dex3/install/trac_ik:/home/unitree/Desktop/unitree_dex3/install/fcl:/home/unitree/Desktop/unitree_dex3/install/bboxes_ex_msgs:/home/unitree/unitree_ros2/cyclonedds_ws/install:/home/unitree/cyclonedds_ws/install/rmw_cyclonedds_cpp:/home/unitree/cyclonedds_ws/install/cyclonedds:/opt/ros/foxy CONDA_PROMPT_MODIFIER=(base) /usr/bin/cmake --build /home/unitree/Desktop/unitree_dex3/build/trac_ik -- -j8 -l8
[0.193s] Invoking command in '/home/unitree/Desktop/unitree_dex3/build/trac_ik': CMAKE_PREFIX_PATH=/home/unitree/Desktop/unitree_dex3/install/trac_ik_lib:/home/unitree/Desktop/unitree_dex3/install/unitree_g1_dex3_stack:/home/unitree/Desktop/unitree_dex3/install/trac_ik:/home/unitree/Desktop/unitree_dex3/install/fcl:/home/unitree/Desktop/unitree_dex3/install/bboxes_ex_msgs:/home/unitree/unitree_ros2/cyclonedds_ws/install:/home/unitree/cyclonedds_ws/install/rmw_cyclonedds_cpp:/home/unitree/cyclonedds_ws/install/cyclonedds:/opt/ros/foxy CONDA_PROMPT_MODIFIER=(base) /usr/bin/cmake --install /home/unitree/Desktop/unitree_dex3/build/trac_ik
[0.233s] -- Install configuration: ""
[0.234s] -- Up-to-date: /home/unitree/Desktop/unitree_dex3/install/trac_ik/share/ament_index/resource_index/package_run_dependencies/trac_ik
[0.234s] -- Up-to-date: /home/unitree/Desktop/unitree_dex3/install/trac_ik/share/ament_index/resource_index/parent_prefix_path/trac_ik
[0.235s] -- Up-to-date: /home/unitree/Desktop/unitree_dex3/install/trac_ik/share/trac_ik/environment/ament_prefix_path.sh
[0.235s] -- Up-to-date: /home/unitree/Desktop/unitree_dex3/install/trac_ik/share/trac_ik/environment/ament_prefix_path.dsv
[0.237s] -- Up-to-date: /home/unitree/Desktop/unitree_dex3/install/trac_ik/share/trac_ik/environment/path.sh
[0.251s] -- Up-to-date: /home/unitree/Desktop/unitree_dex3/install/trac_ik/share/trac_ik/environment/path.dsv
[0.253s] -- Up-to-date: /home/unitree/Desktop/unitree_dex3/install/trac_ik/share/trac_ik/local_setup.bash
[0.253s] -- Up-to-date: /home/unitree/Desktop/unitree_dex3/install/trac_ik/share/trac_ik/local_setup.sh
[0.253s] -- Up-to-date: /home/unitree/Desktop/unitree_dex3/install/trac_ik/share/trac_ik/local_setup.zsh
[0.254s] -- Up-to-date: /home/unitree/Desktop/unitree_dex3/install/trac_ik/share/trac_ik/local_setup.dsv
[0.254s] -- Up-to-date: /home/unitree/Desktop/unitree_dex3/install/trac_ik/share/trac_ik/package.dsv
[0.255s] -- Up-to-date: /home/unitree/Desktop/unitree_dex3/install/trac_ik/share/ament_index/resource_index/packages/trac_ik
[0.255s] -- Up-to-date: /home/unitree/Desktop/unitree_dex3/install/trac_ik/share/trac_ik/cmake/trac_ikConfig.cmake
[0.255s] -- Up-to-date: /home/unitree/Desktop/unitree_dex3/install/trac_ik/share/trac_ik/cmake/trac_ikConfig-version.cmake
[0.279s] -- Up-to-date: /home/unitree/Desktop/unitree_dex3/install/trac_ik/share/trac_ik/package.xml
[0.285s] Invoked command in '/home/unitree/Desktop/unitree_dex3/build/trac_ik' returned '0': CMAKE_PREFIX_PATH=/home/unitree/Desktop/unitree_dex3/install/trac_ik_lib:/home/unitree/Desktop/unitree_dex3/install/unitree_g1_dex3_stack:/home/unitree/Desktop/unitree_dex3/install/trac_ik:/home/unitree/Desktop/unitree_dex3/install/fcl:/home/unitree/Desktop/unitree_dex3/install/bboxes_ex_msgs:/home/unitree/unitree_ros2/cyclonedds_ws/install:/home/unitree/cyclonedds_ws/install/rmw_cyclonedds_cpp:/home/unitree/cyclonedds_ws/install/cyclonedds:/opt/ros/foxy CONDA_PROMPT_MODIFIER=(base) /usr/bin/cmake --install /home/unitree/Desktop/unitree_dex3/build/trac_ik
