[0.073s] Invoking command in '/home/unitree/Desktop/unitree_dex3/build/trac_ik_lib': CMAKE_PREFIX_PATH=${CMAKE_PREFIX_PATH}:/opt/ros/foxy CONDA_PROMPT_MODIFIER=(base) /usr/bin/cmake --build /home/unitree/Desktop/unitree_dex3/build/trac_ik_lib -- -j8 -l8
[0.311s] [100%] Built target trac_ik
[0.369s] Invoked command in '/home/unitree/Desktop/unitree_dex3/build/trac_ik_lib' returned '0': CMAKE_PREFIX_PATH=${CMAKE_PREFIX_PATH}:/opt/ros/foxy CONDA_PROMPT_MODIFIER=(base) /usr/bin/cmake --build /home/unitree/Desktop/unitree_dex3/build/trac_ik_lib -- -j8 -l8
[0.397s] Invoking command in '/home/unitree/Desktop/unitree_dex3/build/trac_ik_lib': CMAKE_PREFIX_PATH=${CMAKE_PREFIX_PATH}:/opt/ros/foxy CONDA_PROMPT_MODIFIER=(base) /usr/bin/cmake --install /home/unitree/Desktop/unitree_dex3/build/trac_ik_lib
[0.429s] -- Install configuration: ""
[0.429s] -- Up-to-date: /home/unitree/Desktop/unitree_dex3/install/trac_ik_lib/include
[0.429s] -- Up-to-date: /home/unitree/Desktop/unitree_dex3/install/trac_ik_lib/include/trac_ik
[0.430s] -- Up-to-date: /home/unitree/Desktop/unitree_dex3/install/trac_ik_lib/include/trac_ik/dual_quaternion.h
[0.430s] -- Up-to-date: /home/unitree/Desktop/unitree_dex3/install/trac_ik_lib/include/trac_ik/nlopt_ik.hpp
[0.431s] -- Up-to-date: /home/unitree/Desktop/unitree_dex3/install/trac_ik_lib/include/trac_ik/math3d.h
[0.432s] -- Up-to-date: /home/unitree/Desktop/unitree_dex3/install/trac_ik_lib/include/trac_ik/trac_ik.hpp
[0.432s] -- Up-to-date: /home/unitree/Desktop/unitree_dex3/install/trac_ik_lib/include/trac_ik/kdl_tl.hpp
[0.435s] -- Up-to-date: /home/unitree/Desktop/unitree_dex3/install/trac_ik_lib/lib/libtrac_ik.so
[0.438s] -- Up-to-date: /home/unitree/Desktop/unitree_dex3/install/trac_ik_lib/share/trac_ik_lib/environment/library_path.sh
[0.439s] -- Up-to-date: /home/unitree/Desktop/unitree_dex3/install/trac_ik_lib/share/trac_ik_lib/environment/library_path.dsv
[0.440s] -- Up-to-date: /home/unitree/Desktop/unitree_dex3/install/trac_ik_lib/share/ament_index/resource_index/package_run_dependencies/trac_ik_lib
[0.441s] -- Up-to-date: /home/unitree/Desktop/unitree_dex3/install/trac_ik_lib/share/ament_index/resource_index/parent_prefix_path/trac_ik_lib
[0.441s] -- Up-to-date: /home/unitree/Desktop/unitree_dex3/install/trac_ik_lib/share/trac_ik_lib/environment/ament_prefix_path.sh
[0.442s] -- Up-to-date: /home/unitree/Desktop/unitree_dex3/install/trac_ik_lib/share/trac_ik_lib/environment/ament_prefix_path.dsv
[0.443s] -- Up-to-date: /home/unitree/Desktop/unitree_dex3/install/trac_ik_lib/share/trac_ik_lib/environment/path.sh
[0.444s] -- Up-to-date: /home/unitree/Desktop/unitree_dex3/install/trac_ik_lib/share/trac_ik_lib/environment/path.dsv
[0.445s] -- Up-to-date: /home/unitree/Desktop/unitree_dex3/install/trac_ik_lib/share/trac_ik_lib/local_setup.bash
[0.448s] -- Up-to-date: /home/unitree/Desktop/unitree_dex3/install/trac_ik_lib/share/trac_ik_lib/local_setup.sh
[0.449s] -- Up-to-date: /home/unitree/Desktop/unitree_dex3/install/trac_ik_lib/share/trac_ik_lib/local_setup.zsh
[0.449s] -- Up-to-date: /home/unitree/Desktop/unitree_dex3/install/trac_ik_lib/share/trac_ik_lib/local_setup.dsv
[0.449s] -- Installing: /home/unitree/Desktop/unitree_dex3/install/trac_ik_lib/share/trac_ik_lib/package.dsv
[0.451s] -- Up-to-date: /home/unitree/Desktop/unitree_dex3/install/trac_ik_lib/share/ament_index/resource_index/packages/trac_ik_lib
[0.451s] -- Up-to-date: /home/unitree/Desktop/unitree_dex3/install/trac_ik_lib/share/trac_ik_lib/cmake/export_trac_ik_libExport.cmake
[0.453s] -- Up-to-date: /home/unitree/Desktop/unitree_dex3/install/trac_ik_lib/share/trac_ik_lib/cmake/export_trac_ik_libExport-noconfig.cmake
[0.453s] -- Up-to-date: /home/unitree/Desktop/unitree_dex3/install/trac_ik_lib/share/trac_ik_lib/cmake/ament_cmake_export_libraries-extras.cmake
[0.454s] -- Up-to-date: /home/unitree/Desktop/unitree_dex3/install/trac_ik_lib/share/trac_ik_lib/cmake/ament_cmake_export_targets-extras.cmake
[0.454s] -- Up-to-date: /home/unitree/Desktop/unitree_dex3/install/trac_ik_lib/share/trac_ik_lib/cmake/ament_cmake_export_dependencies-extras.cmake
[0.454s] -- Up-to-date: /home/unitree/Desktop/unitree_dex3/install/trac_ik_lib/share/trac_ik_lib/cmake/ament_cmake_export_include_directories-extras.cmake
[0.454s] -- Up-to-date: /home/unitree/Desktop/unitree_dex3/install/trac_ik_lib/share/trac_ik_lib/cmake/trac_ik_libConfig.cmake
[0.454s] -- Up-to-date: /home/unitree/Desktop/unitree_dex3/install/trac_ik_lib/share/trac_ik_lib/cmake/trac_ik_libConfig-version.cmake
[0.454s] -- Up-to-date: /home/unitree/Desktop/unitree_dex3/install/trac_ik_lib/share/trac_ik_lib/package.xml
[0.472s] Invoked command in '/home/unitree/Desktop/unitree_dex3/build/trac_ik_lib' returned '0': CMAKE_PREFIX_PATH=${CMAKE_PREFIX_PATH}:/opt/ros/foxy CONDA_PROMPT_MODIFIER=(base) /usr/bin/cmake --install /home/unitree/Desktop/unitree_dex3/build/trac_ik_lib
