-- Set RPATH explicitly to '/home/unitree/Desktop/unitree_dex3/install/fcl/lib'
-- FCL uses OctoMap
-- Configuring done
-- Generating done
-- Build files have been written to: /home/unitree/Desktop/unitree_dex3/build/fcl
[100%] Built target fcl
-- Install configuration: "Release"
-- Up-to-date: /home/unitree/Desktop/unitree_dex3/install/fcl/lib/cmake/fcl/fcl-config.cmake
-- Up-to-date: /home/unitree/Desktop/unitree_dex3/install/fcl/lib/cmake/fcl/fcl-config-version.cmake
-- Up-to-date: /home/unitree/Desktop/unitree_dex3/install/fcl/lib/pkgconfig/fcl.pc
-- Up-to-date: /home/unitree/Desktop/unitree_dex3/install/fcl/share/fcl/package.xml
-- Up-to-date: /home/unitree/Desktop/unitree_dex3/install/fcl/lib/libfcl.so.0.7.0
-- Up-to-date: /home/unitree/Desktop/unitree_dex3/install/fcl/lib/libfcl.so.0.7
-- Up-to-date: /home/unitree/Desktop/unitree_dex3/install/fcl/lib/libfcl.so
-- Up-to-date: /home/unitree/Desktop/unitree_dex3/install/fcl/lib/cmake/fcl/fcl-targets.cmake
-- Installing: /home/unitree/Desktop/unitree_dex3/install/fcl/lib/cmake/fcl/fcl-targets-release.cmake
-- Up-to-date: /home/unitree/Desktop/unitree_dex3/install/fcl/include
-- Up-to-date: /home/unitree/Desktop/unitree_dex3/install/fcl/include/fcl
-- Up-to-date: /home/unitree/Desktop/unitree_dex3/install/fcl/include/fcl/config.h
-- Up-to-date: /home/unitree/Desktop/unitree_dex3/install/fcl/include/fcl/fcl.h
-- Up-to-date: /home/unitree/Desktop/unitree_dex3/install/fcl/include/fcl/export.h
-- Up-to-date: /home/unitree/Desktop/unitree_dex3/install/fcl/include
-- Up-to-date: /home/unitree/Desktop/unitree_dex3/install/fcl/include/fcl
-- Up-to-date: /home/unitree/Desktop/unitree_dex3/install/fcl/include/fcl/geometry
-- Up-to-date: /home/unitree/Desktop/unitree_dex3/install/fcl/include/fcl/geometry/collision_geometry.h
-- Up-to-date: /home/unitree/Desktop/unitree_dex3/install/fcl/include/fcl/geometry/bvh
-- Up-to-date: /home/unitree/Desktop/unitree_dex3/install/fcl/include/fcl/geometry/bvh/BVH_model-inl.h
-- Up-to-date: /home/unitree/Desktop/unitree_dex3/install/fcl/include/fcl/geometry/bvh/BVH_internal.h
-- Up-to-date: /home/unitree/Desktop/unitree_dex3/install/fcl/include/fcl/geometry/bvh/BVH_utility-inl.h
-- Up-to-date: /home/unitree/Desktop/unitree_dex3/install/fcl/include/fcl/geometry/bvh/BVH_model.h
-- Up-to-date: /home/unitree/Desktop/unitree_dex3/install/fcl/include/fcl/geometry/bvh/BV_node-inl.h
-- Up-to-date: /home/unitree/Desktop/unitree_dex3/install/fcl/include/fcl/geometry/bvh/BV_node_base.h
-- Up-to-date: /home/unitree/Desktop/unitree_dex3/install/fcl/include/fcl/geometry/bvh/detail
-- Up-to-date: /home/unitree/Desktop/unitree_dex3/install/fcl/include/fcl/geometry/bvh/detail/BV_splitter.h
-- Up-to-date: /home/unitree/Desktop/unitree_dex3/install/fcl/include/fcl/geometry/bvh/detail/BV_splitter-inl.h
-- Up-to-date: /home/unitree/Desktop/unitree_dex3/install/fcl/include/fcl/geometry/bvh/detail/BV_fitter_base.h
-- Up-to-date: /home/unitree/Desktop/unitree_dex3/install/fcl/include/fcl/geometry/bvh/detail/BV_fitter-inl.h
-- Up-to-date: /home/unitree/Desktop/unitree_dex3/install/fcl/include/fcl/geometry/bvh/detail/BVH_front.h
-- Up-to-date: /home/unitree/Desktop/unitree_dex3/install/fcl/include/fcl/geometry/bvh/detail/BV_splitter_base.h
-- Up-to-date: /home/unitree/Desktop/unitree_dex3/install/fcl/include/fcl/geometry/bvh/detail/BV_fitter.h
-- Up-to-date: /home/unitree/Desktop/unitree_dex3/install/fcl/include/fcl/geometry/bvh/BVH_utility.h
-- Up-to-date: /home/unitree/Desktop/unitree_dex3/install/fcl/include/fcl/geometry/bvh/BV_node.h
-- Up-to-date: /home/unitree/Desktop/unitree_dex3/install/fcl/include/fcl/geometry/geometric_shape_to_BVH_model-inl.h
-- Up-to-date: /home/unitree/Desktop/unitree_dex3/install/fcl/include/fcl/geometry/geometric_shape_to_BVH_model.h
-- Up-to-date: /home/unitree/Desktop/unitree_dex3/install/fcl/include/fcl/geometry/shape
-- Up-to-date: /home/unitree/Desktop/unitree_dex3/install/fcl/include/fcl/geometry/shape/cylinder.h
-- Up-to-date: /home/unitree/Desktop/unitree_dex3/install/fcl/include/fcl/geometry/shape/convex.h
-- Up-to-date: /home/unitree/Desktop/unitree_dex3/install/fcl/include/fcl/geometry/shape/triangle_p-inl.h
-- Up-to-date: /home/unitree/Desktop/unitree_dex3/install/fcl/include/fcl/geometry/shape/plane-inl.h
-- Up-to-date: /home/unitree/Desktop/unitree_dex3/install/fcl/include/fcl/geometry/shape/convex-inl.h
-- Up-to-date: /home/unitree/Desktop/unitree_dex3/install/fcl/include/fcl/geometry/shape/capsule.h
-- Up-to-date: /home/unitree/Desktop/unitree_dex3/install/fcl/include/fcl/geometry/shape/triangle_p.h
-- Up-to-date: /home/unitree/Desktop/unitree_dex3/install/fcl/include/fcl/geometry/shape/shape_base.h
-- Up-to-date: /home/unitree/Desktop/unitree_dex3/install/fcl/include/fcl/geometry/shape/capsule-inl.h
-- Up-to-date: /home/unitree/Desktop/unitree_dex3/install/fcl/include/fcl/geometry/shape/ellipsoid.h
-- Up-to-date: /home/unitree/Desktop/unitree_dex3/install/fcl/include/fcl/geometry/shape/cone.h
-- Up-to-date: /home/unitree/Desktop/unitree_dex3/install/fcl/include/fcl/geometry/shape/sphere-inl.h
-- Up-to-date: /home/unitree/Desktop/unitree_dex3/install/fcl/include/fcl/geometry/shape/box.h
-- Up-to-date: /home/unitree/Desktop/unitree_dex3/install/fcl/include/fcl/geometry/shape/cylinder-inl.h
-- Up-to-date: /home/unitree/Desktop/unitree_dex3/install/fcl/include/fcl/geometry/shape/cone-inl.h
-- Up-to-date: /home/unitree/Desktop/unitree_dex3/install/fcl/include/fcl/geometry/shape/sphere.h
-- Up-to-date: /home/unitree/Desktop/unitree_dex3/install/fcl/include/fcl/geometry/shape/utility.h
-- Up-to-date: /home/unitree/Desktop/unitree_dex3/install/fcl/include/fcl/geometry/shape/plane.h
-- Up-to-date: /home/unitree/Desktop/unitree_dex3/install/fcl/include/fcl/geometry/shape/halfspace-inl.h
-- Up-to-date: /home/unitree/Desktop/unitree_dex3/install/fcl/include/fcl/geometry/shape/utility-inl.h
-- Up-to-date: /home/unitree/Desktop/unitree_dex3/install/fcl/include/fcl/geometry/shape/shape_base-inl.h
-- Up-to-date: /home/unitree/Desktop/unitree_dex3/install/fcl/include/fcl/geometry/shape/halfspace.h
-- Up-to-date: /home/unitree/Desktop/unitree_dex3/install/fcl/include/fcl/geometry/shape/box-inl.h
-- Up-to-date: /home/unitree/Desktop/unitree_dex3/install/fcl/include/fcl/geometry/shape/ellipsoid-inl.h
-- Up-to-date: /home/unitree/Desktop/unitree_dex3/install/fcl/include/fcl/geometry/collision_geometry-inl.h
-- Up-to-date: /home/unitree/Desktop/unitree_dex3/install/fcl/include/fcl/geometry/octree
-- Up-to-date: /home/unitree/Desktop/unitree_dex3/install/fcl/include/fcl/geometry/octree/octree.h
-- Up-to-date: /home/unitree/Desktop/unitree_dex3/install/fcl/include/fcl/geometry/octree/octree-inl.h
-- Up-to-date: /home/unitree/Desktop/unitree_dex3/install/fcl/include/fcl/narrowphase
-- Up-to-date: /home/unitree/Desktop/unitree_dex3/install/fcl/include/fcl/narrowphase/continuous_collision_request-inl.h
-- Up-to-date: /home/unitree/Desktop/unitree_dex3/install/fcl/include/fcl/narrowphase/distance.h
-- Up-to-date: /home/unitree/Desktop/unitree_dex3/install/fcl/include/fcl/narrowphase/contact-inl.h
-- Up-to-date: /home/unitree/Desktop/unitree_dex3/install/fcl/include/fcl/narrowphase/cost_source.h
-- Up-to-date: /home/unitree/Desktop/unitree_dex3/install/fcl/include/fcl/narrowphase/contact_point-inl.h
-- Up-to-date: /home/unitree/Desktop/unitree_dex3/install/fcl/include/fcl/narrowphase/collision_request.h
-- Up-to-date: /home/unitree/Desktop/unitree_dex3/install/fcl/include/fcl/narrowphase/collision_result-inl.h
-- Up-to-date: /home/unitree/Desktop/unitree_dex3/install/fcl/include/fcl/narrowphase/distance_request.h
-- Up-to-date: /home/unitree/Desktop/unitree_dex3/install/fcl/include/fcl/narrowphase/distance_request-inl.h
-- Up-to-date: /home/unitree/Desktop/unitree_dex3/install/fcl/include/fcl/narrowphase/gjk_solver_type.h
-- Up-to-date: /home/unitree/Desktop/unitree_dex3/install/fcl/include/fcl/narrowphase/collision.h
-- Up-to-date: /home/unitree/Desktop/unitree_dex3/install/fcl/include/fcl/narrowphase/distance_result.h
-- Up-to-date: /home/unitree/Desktop/unitree_dex3/install/fcl/include/fcl/narrowphase/continuous_collision_object.h
-- Up-to-date: /home/unitree/Desktop/unitree_dex3/install/fcl/include/fcl/narrowphase/distance_result-inl.h
-- Up-to-date: /home/unitree/Desktop/unitree_dex3/install/fcl/include/fcl/narrowphase/contact_point.h
-- Up-to-date: /home/unitree/Desktop/unitree_dex3/install/fcl/include/fcl/narrowphase/collision_object.h
-- Up-to-date: /home/unitree/Desktop/unitree_dex3/install/fcl/include/fcl/narrowphase/continuous_collision_request.h
-- Up-to-date: /home/unitree/Desktop/unitree_dex3/install/fcl/include/fcl/narrowphase/continuous_collision_object-inl.h
-- Up-to-date: /home/unitree/Desktop/unitree_dex3/install/fcl/include/fcl/narrowphase/collision_result.h
-- Up-to-date: /home/unitree/Desktop/unitree_dex3/install/fcl/include/fcl/narrowphase/distance-inl.h
-- Up-to-date: /home/unitree/Desktop/unitree_dex3/install/fcl/include/fcl/narrowphase/collision_request-inl.h
-- Up-to-date: /home/unitree/Desktop/unitree_dex3/install/fcl/include/fcl/narrowphase/continuous_collision-inl.h
-- Up-to-date: /home/unitree/Desktop/unitree_dex3/install/fcl/include/fcl/narrowphase/continuous_collision_result-inl.h
-- Up-to-date: /home/unitree/Desktop/unitree_dex3/install/fcl/include/fcl/narrowphase/continuous_collision.h
-- Up-to-date: /home/unitree/Desktop/unitree_dex3/install/fcl/include/fcl/narrowphase/detail
-- Up-to-date: /home/unitree/Desktop/unitree_dex3/install/fcl/include/fcl/narrowphase/detail/collision_func_matrix-inl.h
-- Up-to-date: /home/unitree/Desktop/unitree_dex3/install/fcl/include/fcl/narrowphase/detail/gjk_solver_libccd-inl.h
-- Up-to-date: /home/unitree/Desktop/unitree_dex3/install/fcl/include/fcl/narrowphase/detail/collision_func_matrix.h
-- Up-to-date: /home/unitree/Desktop/unitree_dex3/install/fcl/include/fcl/narrowphase/detail/distance_func_matrix-inl.h
-- Up-to-date: /home/unitree/Desktop/unitree_dex3/install/fcl/include/fcl/narrowphase/detail/failed_at_this_configuration.h
-- Up-to-date: /home/unitree/Desktop/unitree_dex3/install/fcl/include/fcl/narrowphase/detail/distance_func_matrix.h
-- Up-to-date: /home/unitree/Desktop/unitree_dex3/install/fcl/include/fcl/narrowphase/detail/conservative_advancement_func_matrix.h
-- Up-to-date: /home/unitree/Desktop/unitree_dex3/install/fcl/include/fcl/narrowphase/detail/conservative_advancement_func_matrix-inl.h
-- Up-to-date: /home/unitree/Desktop/unitree_dex3/install/fcl/include/fcl/narrowphase/detail/gjk_solver_libccd.h
-- Up-to-date: /home/unitree/Desktop/unitree_dex3/install/fcl/include/fcl/narrowphase/detail/convexity_based_algorithm
-- Up-to-date: /home/unitree/Desktop/unitree_dex3/install/fcl/include/fcl/narrowphase/detail/convexity_based_algorithm/polytope.h
-- Up-to-date: /home/unitree/Desktop/unitree_dex3/install/fcl/include/fcl/narrowphase/detail/convexity_based_algorithm/minkowski_diff-inl.h
-- Up-to-date: /home/unitree/Desktop/unitree_dex3/install/fcl/include/fcl/narrowphase/detail/convexity_based_algorithm/gjk-inl.h
-- Up-to-date: /home/unitree/Desktop/unitree_dex3/install/fcl/include/fcl/narrowphase/detail/convexity_based_algorithm/gjk_libccd-inl.h
-- Up-to-date: /home/unitree/Desktop/unitree_dex3/install/fcl/include/fcl/narrowphase/detail/convexity_based_algorithm/epa-inl.h
-- Up-to-date: /home/unitree/Desktop/unitree_dex3/install/fcl/include/fcl/narrowphase/detail/convexity_based_algorithm/minkowski_diff.h
-- Up-to-date: /home/unitree/Desktop/unitree_dex3/install/fcl/include/fcl/narrowphase/detail/convexity_based_algorithm/epa.h
-- Up-to-date: /home/unitree/Desktop/unitree_dex3/install/fcl/include/fcl/narrowphase/detail/convexity_based_algorithm/gjk.h
-- Up-to-date: /home/unitree/Desktop/unitree_dex3/install/fcl/include/fcl/narrowphase/detail/convexity_based_algorithm/support.h
-- Up-to-date: /home/unitree/Desktop/unitree_dex3/install/fcl/include/fcl/narrowphase/detail/convexity_based_algorithm/alloc.h
-- Up-to-date: /home/unitree/Desktop/unitree_dex3/install/fcl/include/fcl/narrowphase/detail/convexity_based_algorithm/simplex.h
-- Up-to-date: /home/unitree/Desktop/unitree_dex3/install/fcl/include/fcl/narrowphase/detail/convexity_based_algorithm/gjk_libccd.h
-- Up-to-date: /home/unitree/Desktop/unitree_dex3/install/fcl/include/fcl/narrowphase/detail/convexity_based_algorithm/list.h
-- Up-to-date: /home/unitree/Desktop/unitree_dex3/install/fcl/include/fcl/narrowphase/detail/gjk_solver_indep.h
-- Up-to-date: /home/unitree/Desktop/unitree_dex3/install/fcl/include/fcl/narrowphase/detail/traversal
-- Up-to-date: /home/unitree/Desktop/unitree_dex3/install/fcl/include/fcl/narrowphase/detail/traversal/collision
-- Up-to-date: /home/unitree/Desktop/unitree_dex3/install/fcl/include/fcl/narrowphase/detail/traversal/collision/collision_traversal_node_base-inl.h
-- Up-to-date: /home/unitree/Desktop/unitree_dex3/install/fcl/include/fcl/narrowphase/detail/traversal/collision/shape_bvh_collision_traversal_node-inl.h
-- Up-to-date: /home/unitree/Desktop/unitree_dex3/install/fcl/include/fcl/narrowphase/detail/traversal/collision/mesh_shape_collision_traversal_node.h
-- Up-to-date: /home/unitree/Desktop/unitree_dex3/install/fcl/include/fcl/narrowphase/detail/traversal/collision/intersect-inl.h
-- Up-to-date: /home/unitree/Desktop/unitree_dex3/install/fcl/include/fcl/narrowphase/detail/traversal/collision/shape_mesh_collision_traversal_node-inl.h
-- Up-to-date: /home/unitree/Desktop/unitree_dex3/install/fcl/include/fcl/narrowphase/detail/traversal/collision/bvh_collision_traversal_node-inl.h
-- Up-to-date: /home/unitree/Desktop/unitree_dex3/install/fcl/include/fcl/narrowphase/detail/traversal/collision/bvh_collision_traversal_node.h
-- Up-to-date: /home/unitree/Desktop/unitree_dex3/install/fcl/include/fcl/narrowphase/detail/traversal/collision/intersect.h
-- Up-to-date: /home/unitree/Desktop/unitree_dex3/install/fcl/include/fcl/narrowphase/detail/traversal/collision/mesh_collision_traversal_node-inl.h
-- Up-to-date: /home/unitree/Desktop/unitree_dex3/install/fcl/include/fcl/narrowphase/detail/traversal/collision/mesh_continuous_collision_traversal_node.h
-- Up-to-date: /home/unitree/Desktop/unitree_dex3/install/fcl/include/fcl/narrowphase/detail/traversal/collision/shape_collision_traversal_node-inl.h
-- Up-to-date: /home/unitree/Desktop/unitree_dex3/install/fcl/include/fcl/narrowphase/detail/traversal/collision/shape_bvh_collision_traversal_node.h
-- Up-to-date: /home/unitree/Desktop/unitree_dex3/install/fcl/include/fcl/narrowphase/detail/traversal/collision/bvh_shape_collision_traversal_node-inl.h
-- Up-to-date: /home/unitree/Desktop/unitree_dex3/install/fcl/include/fcl/narrowphase/detail/traversal/collision/mesh_collision_traversal_node.h
-- Up-to-date: /home/unitree/Desktop/unitree_dex3/install/fcl/include/fcl/narrowphase/detail/traversal/collision/mesh_continuous_collision_traversal_node-inl.h
-- Up-to-date: /home/unitree/Desktop/unitree_dex3/install/fcl/include/fcl/narrowphase/detail/traversal/collision/mesh_shape_collision_traversal_node-inl.h
-- Up-to-date: /home/unitree/Desktop/unitree_dex3/install/fcl/include/fcl/narrowphase/detail/traversal/collision/shape_collision_traversal_node.h
-- Up-to-date: /home/unitree/Desktop/unitree_dex3/install/fcl/include/fcl/narrowphase/detail/traversal/collision/shape_mesh_collision_traversal_node.h
-- Up-to-date: /home/unitree/Desktop/unitree_dex3/install/fcl/include/fcl/narrowphase/detail/traversal/collision/bvh_shape_collision_traversal_node.h
-- Up-to-date: /home/unitree/Desktop/unitree_dex3/install/fcl/include/fcl/narrowphase/detail/traversal/collision/collision_traversal_node_base.h
-- Up-to-date: /home/unitree/Desktop/unitree_dex3/install/fcl/include/fcl/narrowphase/detail/traversal/distance
-- Up-to-date: /home/unitree/Desktop/unitree_dex3/install/fcl/include/fcl/narrowphase/detail/traversal/distance/shape_mesh_conservative_advancement_traversal_node-inl.h
-- Up-to-date: /home/unitree/Desktop/unitree_dex3/install/fcl/include/fcl/narrowphase/detail/traversal/distance/conservative_advancement_stack_data-inl.h
-- Up-to-date: /home/unitree/Desktop/unitree_dex3/install/fcl/include/fcl/narrowphase/detail/traversal/distance/bvh_distance_traversal_node.h
-- Up-to-date: /home/unitree/Desktop/unitree_dex3/install/fcl/include/fcl/narrowphase/detail/traversal/distance/bvh_shape_distance_traversal_node.h
-- Up-to-date: /home/unitree/Desktop/unitree_dex3/install/fcl/include/fcl/narrowphase/detail/traversal/distance/shape_distance_traversal_node.h
-- Up-to-date: /home/unitree/Desktop/unitree_dex3/install/fcl/include/fcl/narrowphase/detail/traversal/distance/shape_mesh_conservative_advancement_traversal_node.h
-- Up-to-date: /home/unitree/Desktop/unitree_dex3/install/fcl/include/fcl/narrowphase/detail/traversal/distance/distance_traversal_node_base-inl.h
-- Up-to-date: /home/unitree/Desktop/unitree_dex3/install/fcl/include/fcl/narrowphase/detail/traversal/distance/shape_bvh_distance_traversal_node-inl.h
-- Up-to-date: /home/unitree/Desktop/unitree_dex3/install/fcl/include/fcl/narrowphase/detail/traversal/distance/bvh_shape_distance_traversal_node-inl.h
-- Up-to-date: /home/unitree/Desktop/unitree_dex3/install/fcl/include/fcl/narrowphase/detail/traversal/distance/bvh_distance_traversal_node-inl.h
-- Up-to-date: /home/unitree/Desktop/unitree_dex3/install/fcl/include/fcl/narrowphase/detail/traversal/distance/shape_mesh_distance_traversal_node.h
-- Up-to-date: /home/unitree/Desktop/unitree_dex3/install/fcl/include/fcl/narrowphase/detail/traversal/distance/shape_conservative_advancement_traversal_node-inl.h
-- Up-to-date: /home/unitree/Desktop/unitree_dex3/install/fcl/include/fcl/narrowphase/detail/traversal/distance/shape_bvh_distance_traversal_node.h
-- Up-to-date: /home/unitree/Desktop/unitree_dex3/install/fcl/include/fcl/narrowphase/detail/traversal/distance/mesh_shape_conservative_advancement_traversal_node.h
-- Up-to-date: /home/unitree/Desktop/unitree_dex3/install/fcl/include/fcl/narrowphase/detail/traversal/distance/mesh_conservative_advancement_traversal_node.h
-- Up-to-date: /home/unitree/Desktop/unitree_dex3/install/fcl/include/fcl/narrowphase/detail/traversal/distance/shape_conservative_advancement_traversal_node.h
-- Up-to-date: /home/unitree/Desktop/unitree_dex3/install/fcl/include/fcl/narrowphase/detail/traversal/distance/mesh_shape_conservative_advancement_traversal_node-inl.h
-- Up-to-date: /home/unitree/Desktop/unitree_dex3/install/fcl/include/fcl/narrowphase/detail/traversal/distance/shape_mesh_distance_traversal_node-inl.h
-- Up-to-date: /home/unitree/Desktop/unitree_dex3/install/fcl/include/fcl/narrowphase/detail/traversal/distance/mesh_distance_traversal_node-inl.h
-- Up-to-date: /home/unitree/Desktop/unitree_dex3/install/fcl/include/fcl/narrowphase/detail/traversal/distance/mesh_distance_traversal_node.h
-- Up-to-date: /home/unitree/Desktop/unitree_dex3/install/fcl/include/fcl/narrowphase/detail/traversal/distance/shape_distance_traversal_node-inl.h
-- Up-to-date: /home/unitree/Desktop/unitree_dex3/install/fcl/include/fcl/narrowphase/detail/traversal/distance/distance_traversal_node_base.h
-- Up-to-date: /home/unitree/Desktop/unitree_dex3/install/fcl/include/fcl/narrowphase/detail/traversal/distance/mesh_shape_distance_traversal_node.h
-- Up-to-date: /home/unitree/Desktop/unitree_dex3/install/fcl/include/fcl/narrowphase/detail/traversal/distance/conservative_advancement_stack_data.h
-- Up-to-date: /home/unitree/Desktop/unitree_dex3/install/fcl/include/fcl/narrowphase/detail/traversal/distance/mesh_conservative_advancement_traversal_node-inl.h
-- Up-to-date: /home/unitree/Desktop/unitree_dex3/install/fcl/include/fcl/narrowphase/detail/traversal/distance/mesh_shape_distance_traversal_node-inl.h
-- Up-to-date: /home/unitree/Desktop/unitree_dex3/install/fcl/include/fcl/narrowphase/detail/traversal/traversal_recurse-inl.h
-- Up-to-date: /home/unitree/Desktop/unitree_dex3/install/fcl/include/fcl/narrowphase/detail/traversal/collision_node.h
-- Up-to-date: /home/unitree/Desktop/unitree_dex3/install/fcl/include/fcl/narrowphase/detail/traversal/traversal_recurse.h
-- Up-to-date: /home/unitree/Desktop/unitree_dex3/install/fcl/include/fcl/narrowphase/detail/traversal/collision_node-inl.h
-- Up-to-date: /home/unitree/Desktop/unitree_dex3/install/fcl/include/fcl/narrowphase/detail/traversal/traversal_node_base.h
-- Up-to-date: /home/unitree/Desktop/unitree_dex3/install/fcl/include/fcl/narrowphase/detail/traversal/octree
-- Up-to-date: /home/unitree/Desktop/unitree_dex3/install/fcl/include/fcl/narrowphase/detail/traversal/octree/collision
-- Up-to-date: /home/unitree/Desktop/unitree_dex3/install/fcl/include/fcl/narrowphase/detail/traversal/octree/collision/mesh_octree_collision_traversal_node.h
-- Up-to-date: /home/unitree/Desktop/unitree_dex3/install/fcl/include/fcl/narrowphase/detail/traversal/octree/collision/octree_mesh_collision_traversal_node.h
-- Up-to-date: /home/unitree/Desktop/unitree_dex3/install/fcl/include/fcl/narrowphase/detail/traversal/octree/collision/octree_shape_collision_traversal_node-inl.h
-- Up-to-date: /home/unitree/Desktop/unitree_dex3/install/fcl/include/fcl/narrowphase/detail/traversal/octree/collision/mesh_octree_collision_traversal_node-inl.h
-- Up-to-date: /home/unitree/Desktop/unitree_dex3/install/fcl/include/fcl/narrowphase/detail/traversal/octree/collision/octree_collision_traversal_node-inl.h
-- Up-to-date: /home/unitree/Desktop/unitree_dex3/install/fcl/include/fcl/narrowphase/detail/traversal/octree/collision/octree_mesh_collision_traversal_node-inl.h
-- Up-to-date: /home/unitree/Desktop/unitree_dex3/install/fcl/include/fcl/narrowphase/detail/traversal/octree/collision/shape_octree_collision_traversal_node.h
-- Up-to-date: /home/unitree/Desktop/unitree_dex3/install/fcl/include/fcl/narrowphase/detail/traversal/octree/collision/octree_collision_traversal_node.h
-- Up-to-date: /home/unitree/Desktop/unitree_dex3/install/fcl/include/fcl/narrowphase/detail/traversal/octree/collision/octree_shape_collision_traversal_node.h
-- Up-to-date: /home/unitree/Desktop/unitree_dex3/install/fcl/include/fcl/narrowphase/detail/traversal/octree/collision/shape_octree_collision_traversal_node-inl.h
-- Up-to-date: /home/unitree/Desktop/unitree_dex3/install/fcl/include/fcl/narrowphase/detail/traversal/octree/distance
-- Up-to-date: /home/unitree/Desktop/unitree_dex3/install/fcl/include/fcl/narrowphase/detail/traversal/octree/distance/octree_distance_traversal_node-inl.h
-- Up-to-date: /home/unitree/Desktop/unitree_dex3/install/fcl/include/fcl/narrowphase/detail/traversal/octree/distance/shape_octree_distance_traversal_node.h
-- Up-to-date: /home/unitree/Desktop/unitree_dex3/install/fcl/include/fcl/narrowphase/detail/traversal/octree/distance/mesh_octree_distance_traversal_node-inl.h
-- Up-to-date: /home/unitree/Desktop/unitree_dex3/install/fcl/include/fcl/narrowphase/detail/traversal/octree/distance/octree_mesh_distance_traversal_node.h
-- Up-to-date: /home/unitree/Desktop/unitree_dex3/install/fcl/include/fcl/narrowphase/detail/traversal/octree/distance/shape_octree_distance_traversal_node-inl.h
-- Up-to-date: /home/unitree/Desktop/unitree_dex3/install/fcl/include/fcl/narrowphase/detail/traversal/octree/distance/octree_shape_distance_traversal_node.h
-- Up-to-date: /home/unitree/Desktop/unitree_dex3/install/fcl/include/fcl/narrowphase/detail/traversal/octree/distance/octree_mesh_distance_traversal_node-inl.h
-- Up-to-date: /home/unitree/Desktop/unitree_dex3/install/fcl/include/fcl/narrowphase/detail/traversal/octree/distance/octree_shape_distance_traversal_node-inl.h
-- Up-to-date: /home/unitree/Desktop/unitree_dex3/install/fcl/include/fcl/narrowphase/detail/traversal/octree/distance/mesh_octree_distance_traversal_node.h
-- Up-to-date: /home/unitree/Desktop/unitree_dex3/install/fcl/include/fcl/narrowphase/detail/traversal/octree/distance/octree_distance_traversal_node.h
-- Up-to-date: /home/unitree/Desktop/unitree_dex3/install/fcl/include/fcl/narrowphase/detail/traversal/octree/octree_solver-inl.h
-- Up-to-date: /home/unitree/Desktop/unitree_dex3/install/fcl/include/fcl/narrowphase/detail/traversal/octree/octree_solver.h
-- Up-to-date: /home/unitree/Desktop/unitree_dex3/install/fcl/include/fcl/narrowphase/detail/traversal/traversal_node_base-inl.h
-- Up-to-date: /home/unitree/Desktop/unitree_dex3/install/fcl/include/fcl/narrowphase/detail/gjk_solver_indep-inl.h
-- Up-to-date: /home/unitree/Desktop/unitree_dex3/install/fcl/include/fcl/narrowphase/detail/primitive_shape_algorithm
-- Up-to-date: /home/unitree/Desktop/unitree_dex3/install/fcl/include/fcl/narrowphase/detail/primitive_shape_algorithm/sphere_triangle.h
-- Up-to-date: /home/unitree/Desktop/unitree_dex3/install/fcl/include/fcl/narrowphase/detail/primitive_shape_algorithm/sphere_box-inl.h
-- Up-to-date: /home/unitree/Desktop/unitree_dex3/install/fcl/include/fcl/narrowphase/detail/primitive_shape_algorithm/plane-inl.h
-- Up-to-date: /home/unitree/Desktop/unitree_dex3/install/fcl/include/fcl/narrowphase/detail/primitive_shape_algorithm/capsule_capsule-inl.h
-- Up-to-date: /home/unitree/Desktop/unitree_dex3/install/fcl/include/fcl/narrowphase/detail/primitive_shape_algorithm/sphere_cylinder.h
-- Up-to-date: /home/unitree/Desktop/unitree_dex3/install/fcl/include/fcl/narrowphase/detail/primitive_shape_algorithm/sphere_capsule-inl.h
-- Up-to-date: /home/unitree/Desktop/unitree_dex3/install/fcl/include/fcl/narrowphase/detail/primitive_shape_algorithm/sphere_capsule.h
-- Up-to-date: /home/unitree/Desktop/unitree_dex3/install/fcl/include/fcl/narrowphase/detail/primitive_shape_algorithm/capsule_capsule.h
-- Up-to-date: /home/unitree/Desktop/unitree_dex3/install/fcl/include/fcl/narrowphase/detail/primitive_shape_algorithm/box_box-inl.h
-- Up-to-date: /home/unitree/Desktop/unitree_dex3/install/fcl/include/fcl/narrowphase/detail/primitive_shape_algorithm/sphere_box.h
-- Up-to-date: /home/unitree/Desktop/unitree_dex3/install/fcl/include/fcl/narrowphase/detail/primitive_shape_algorithm/sphere_cylinder-inl.h
-- Up-to-date: /home/unitree/Desktop/unitree_dex3/install/fcl/include/fcl/narrowphase/detail/primitive_shape_algorithm/triangle_distance-inl.h
-- Up-to-date: /home/unitree/Desktop/unitree_dex3/install/fcl/include/fcl/narrowphase/detail/primitive_shape_algorithm/plane.h
-- Up-to-date: /home/unitree/Desktop/unitree_dex3/install/fcl/include/fcl/narrowphase/detail/primitive_shape_algorithm/halfspace-inl.h
-- Up-to-date: /home/unitree/Desktop/unitree_dex3/install/fcl/include/fcl/narrowphase/detail/primitive_shape_algorithm/sphere_sphere.h
-- Up-to-date: /home/unitree/Desktop/unitree_dex3/install/fcl/include/fcl/narrowphase/detail/primitive_shape_algorithm/halfspace.h
-- Up-to-date: /home/unitree/Desktop/unitree_dex3/install/fcl/include/fcl/narrowphase/detail/primitive_shape_algorithm/triangle_distance.h
-- Up-to-date: /home/unitree/Desktop/unitree_dex3/install/fcl/include/fcl/narrowphase/detail/primitive_shape_algorithm/box_box.h
-- Up-to-date: /home/unitree/Desktop/unitree_dex3/install/fcl/include/fcl/narrowphase/detail/primitive_shape_algorithm/sphere_sphere-inl.h
-- Up-to-date: /home/unitree/Desktop/unitree_dex3/install/fcl/include/fcl/narrowphase/detail/primitive_shape_algorithm/sphere_triangle-inl.h
-- Up-to-date: /home/unitree/Desktop/unitree_dex3/install/fcl/include/fcl/narrowphase/contact.h
-- Up-to-date: /home/unitree/Desktop/unitree_dex3/install/fcl/include/fcl/narrowphase/cost_source-inl.h
-- Up-to-date: /home/unitree/Desktop/unitree_dex3/install/fcl/include/fcl/narrowphase/continuous_collision_result.h
-- Up-to-date: /home/unitree/Desktop/unitree_dex3/install/fcl/include/fcl/narrowphase/collision_object-inl.h
-- Up-to-date: /home/unitree/Desktop/unitree_dex3/install/fcl/include/fcl/narrowphase/collision-inl.h
-- Up-to-date: /home/unitree/Desktop/unitree_dex3/install/fcl/include/fcl/common
-- Up-to-date: /home/unitree/Desktop/unitree_dex3/install/fcl/include/fcl/common/time.h
-- Up-to-date: /home/unitree/Desktop/unitree_dex3/install/fcl/include/fcl/common/unused.h
-- Up-to-date: /home/unitree/Desktop/unitree_dex3/install/fcl/include/fcl/common/profiler.h
-- Up-to-date: /home/unitree/Desktop/unitree_dex3/install/fcl/include/fcl/common/types.h
-- Up-to-date: /home/unitree/Desktop/unitree_dex3/install/fcl/include/fcl/common/warning.h
-- Up-to-date: /home/unitree/Desktop/unitree_dex3/install/fcl/include/fcl/common/exception.h
-- Up-to-date: /home/unitree/Desktop/unitree_dex3/install/fcl/include/fcl/common/detail
-- Up-to-date: /home/unitree/Desktop/unitree_dex3/install/fcl/include/fcl/common/detail/profiler.h
-- Up-to-date: /home/unitree/Desktop/unitree_dex3/install/fcl/include/fcl/math
-- Up-to-date: /home/unitree/Desktop/unitree_dex3/install/fcl/include/fcl/math/rng-inl.h
-- Up-to-date: /home/unitree/Desktop/unitree_dex3/install/fcl/include/fcl/math/motion
-- Up-to-date: /home/unitree/Desktop/unitree_dex3/install/fcl/include/fcl/math/motion/screw_motion.h
-- Up-to-date: /home/unitree/Desktop/unitree_dex3/install/fcl/include/fcl/math/motion/screw_motion-inl.h
-- Up-to-date: /home/unitree/Desktop/unitree_dex3/install/fcl/include/fcl/math/motion/translation_motion.h
-- Up-to-date: /home/unitree/Desktop/unitree_dex3/install/fcl/include/fcl/math/motion/translation_motion-inl.h
-- Up-to-date: /home/unitree/Desktop/unitree_dex3/install/fcl/include/fcl/math/motion/motion_base.h
-- Up-to-date: /home/unitree/Desktop/unitree_dex3/install/fcl/include/fcl/math/motion/tbv_motion_bound_visitor.h
-- Up-to-date: /home/unitree/Desktop/unitree_dex3/install/fcl/include/fcl/math/motion/spline_motion.h
-- Up-to-date: /home/unitree/Desktop/unitree_dex3/install/fcl/include/fcl/math/motion/motion_base-inl.h
-- Up-to-date: /home/unitree/Desktop/unitree_dex3/install/fcl/include/fcl/math/motion/triangle_motion_bound_visitor-inl.h
-- Up-to-date: /home/unitree/Desktop/unitree_dex3/install/fcl/include/fcl/math/motion/bv_motion_bound_visitor.h
-- Up-to-date: /home/unitree/Desktop/unitree_dex3/install/fcl/include/fcl/math/motion/taylor_model
-- Up-to-date: /home/unitree/Desktop/unitree_dex3/install/fcl/include/fcl/math/motion/taylor_model/interval_vector.h
-- Up-to-date: /home/unitree/Desktop/unitree_dex3/install/fcl/include/fcl/math/motion/taylor_model/interval_matrix-inl.h
-- Up-to-date: /home/unitree/Desktop/unitree_dex3/install/fcl/include/fcl/math/motion/taylor_model/taylor_vector.h
-- Up-to-date: /home/unitree/Desktop/unitree_dex3/install/fcl/include/fcl/math/motion/taylor_model/interval.h
-- Up-to-date: /home/unitree/Desktop/unitree_dex3/install/fcl/include/fcl/math/motion/taylor_model/taylor_vector-inl.h
-- Up-to-date: /home/unitree/Desktop/unitree_dex3/install/fcl/include/fcl/math/motion/taylor_model/taylor_model.h
-- Up-to-date: /home/unitree/Desktop/unitree_dex3/install/fcl/include/fcl/math/motion/taylor_model/taylor_model-inl.h
-- Up-to-date: /home/unitree/Desktop/unitree_dex3/install/fcl/include/fcl/math/motion/taylor_model/interval_vector-inl.h
-- Up-to-date: /home/unitree/Desktop/unitree_dex3/install/fcl/include/fcl/math/motion/taylor_model/taylor_matrix.h
-- Up-to-date: /home/unitree/Desktop/unitree_dex3/install/fcl/include/fcl/math/motion/taylor_model/interval-inl.h
-- Up-to-date: /home/unitree/Desktop/unitree_dex3/install/fcl/include/fcl/math/motion/taylor_model/time_interval.h
-- Up-to-date: /home/unitree/Desktop/unitree_dex3/install/fcl/include/fcl/math/motion/taylor_model/taylor_matrix-inl.h
-- Up-to-date: /home/unitree/Desktop/unitree_dex3/install/fcl/include/fcl/math/motion/taylor_model/time_interval-inl.h
-- Up-to-date: /home/unitree/Desktop/unitree_dex3/install/fcl/include/fcl/math/motion/taylor_model/interval_matrix.h
-- Up-to-date: /home/unitree/Desktop/unitree_dex3/install/fcl/include/fcl/math/motion/interp_motion.h
-- Up-to-date: /home/unitree/Desktop/unitree_dex3/install/fcl/include/fcl/math/motion/interp_motion-inl.h
-- Up-to-date: /home/unitree/Desktop/unitree_dex3/install/fcl/include/fcl/math/motion/tbv_motion_bound_visitor-inl.h
-- Up-to-date: /home/unitree/Desktop/unitree_dex3/install/fcl/include/fcl/math/motion/spline_motion-inl.h
-- Up-to-date: /home/unitree/Desktop/unitree_dex3/install/fcl/include/fcl/math/motion/triangle_motion_bound_visitor.h
-- Up-to-date: /home/unitree/Desktop/unitree_dex3/install/fcl/include/fcl/math/variance3-inl.h
-- Up-to-date: /home/unitree/Desktop/unitree_dex3/install/fcl/include/fcl/math/constants.h
-- Up-to-date: /home/unitree/Desktop/unitree_dex3/install/fcl/include/fcl/math/geometry-inl.h
-- Up-to-date: /home/unitree/Desktop/unitree_dex3/install/fcl/include/fcl/math/bv
-- Up-to-date: /home/unitree/Desktop/unitree_dex3/install/fcl/include/fcl/math/bv/kIOS.h
-- Up-to-date: /home/unitree/Desktop/unitree_dex3/install/fcl/include/fcl/math/bv/OBB-inl.h
-- Up-to-date: /home/unitree/Desktop/unitree_dex3/install/fcl/include/fcl/math/bv/RSS-inl.h
-- Up-to-date: /home/unitree/Desktop/unitree_dex3/install/fcl/include/fcl/math/bv/OBB.h
-- Up-to-date: /home/unitree/Desktop/unitree_dex3/install/fcl/include/fcl/math/bv/RSS.h
-- Up-to-date: /home/unitree/Desktop/unitree_dex3/install/fcl/include/fcl/math/bv/OBBRSS-inl.h
-- Up-to-date: /home/unitree/Desktop/unitree_dex3/install/fcl/include/fcl/math/bv/OBBRSS.h
-- Up-to-date: /home/unitree/Desktop/unitree_dex3/install/fcl/include/fcl/math/bv/kIOS-inl.h
-- Up-to-date: /home/unitree/Desktop/unitree_dex3/install/fcl/include/fcl/math/bv/kDOP-inl.h
-- Up-to-date: /home/unitree/Desktop/unitree_dex3/install/fcl/include/fcl/math/bv/AABB.h
-- Up-to-date: /home/unitree/Desktop/unitree_dex3/install/fcl/include/fcl/math/bv/kDOP.h
-- Up-to-date: /home/unitree/Desktop/unitree_dex3/install/fcl/include/fcl/math/bv/utility.h
-- Up-to-date: /home/unitree/Desktop/unitree_dex3/install/fcl/include/fcl/math/bv/utility-inl.h
-- Up-to-date: /home/unitree/Desktop/unitree_dex3/install/fcl/include/fcl/math/bv/AABB-inl.h
-- Up-to-date: /home/unitree/Desktop/unitree_dex3/install/fcl/include/fcl/math/sampler
-- Up-to-date: /home/unitree/Desktop/unitree_dex3/install/fcl/include/fcl/math/sampler/sampler_se3_quat_ball.h
-- Up-to-date: /home/unitree/Desktop/unitree_dex3/install/fcl/include/fcl/math/sampler/sampler_se3_euler_ball.h
-- Up-to-date: /home/unitree/Desktop/unitree_dex3/install/fcl/include/fcl/math/sampler/sampler_se3_quat_ball-inl.h
-- Up-to-date: /home/unitree/Desktop/unitree_dex3/install/fcl/include/fcl/math/sampler/sampler_base.h
-- Up-to-date: /home/unitree/Desktop/unitree_dex3/install/fcl/include/fcl/math/sampler/sampler_se3_euler.h
-- Up-to-date: /home/unitree/Desktop/unitree_dex3/install/fcl/include/fcl/math/sampler/sampler_r.h
-- Up-to-date: /home/unitree/Desktop/unitree_dex3/install/fcl/include/fcl/math/sampler/sampler_se3_euler_ball-inl.h
-- Up-to-date: /home/unitree/Desktop/unitree_dex3/install/fcl/include/fcl/math/sampler/sampler_se3_quat.h
-- Up-to-date: /home/unitree/Desktop/unitree_dex3/install/fcl/include/fcl/math/sampler/sampler_se3_quat-inl.h
-- Up-to-date: /home/unitree/Desktop/unitree_dex3/install/fcl/include/fcl/math/sampler/sampler_se2.h
-- Up-to-date: /home/unitree/Desktop/unitree_dex3/install/fcl/include/fcl/math/sampler/sampler_r-inl.h
-- Up-to-date: /home/unitree/Desktop/unitree_dex3/install/fcl/include/fcl/math/sampler/sampler_se3_euler-inl.h
-- Up-to-date: /home/unitree/Desktop/unitree_dex3/install/fcl/include/fcl/math/sampler/sampler_se2-inl.h
-- Up-to-date: /home/unitree/Desktop/unitree_dex3/install/fcl/include/fcl/math/sampler/sampler_se2_disk.h
-- Up-to-date: /home/unitree/Desktop/unitree_dex3/install/fcl/include/fcl/math/sampler/sampler_se2_disk-inl.h
-- Up-to-date: /home/unitree/Desktop/unitree_dex3/install/fcl/include/fcl/math/triangle.h
-- Up-to-date: /home/unitree/Desktop/unitree_dex3/install/fcl/include/fcl/math/rng.h
-- Up-to-date: /home/unitree/Desktop/unitree_dex3/install/fcl/include/fcl/math/detail
-- Up-to-date: /home/unitree/Desktop/unitree_dex3/install/fcl/include/fcl/math/detail/project-inl.h
-- Up-to-date: /home/unitree/Desktop/unitree_dex3/install/fcl/include/fcl/math/detail/polysolver.h
-- Up-to-date: /home/unitree/Desktop/unitree_dex3/install/fcl/include/fcl/math/detail/seed.h
-- Up-to-date: /home/unitree/Desktop/unitree_dex3/install/fcl/include/fcl/math/detail/polysolver-inl.h
-- Up-to-date: /home/unitree/Desktop/unitree_dex3/install/fcl/include/fcl/math/detail/project.h
-- Up-to-date: /home/unitree/Desktop/unitree_dex3/install/fcl/include/fcl/math/geometry.h
-- Up-to-date: /home/unitree/Desktop/unitree_dex3/install/fcl/include/fcl/math/variance3.h
-- Up-to-date: /home/unitree/Desktop/unitree_dex3/install/fcl/include/fcl/broadphase
-- Up-to-date: /home/unitree/Desktop/unitree_dex3/install/fcl/include/fcl/broadphase/broadphase_bruteforce-inl.h
-- Up-to-date: /home/unitree/Desktop/unitree_dex3/install/fcl/include/fcl/broadphase/broadphase_collision_manager-inl.h
-- Up-to-date: /home/unitree/Desktop/unitree_dex3/install/fcl/include/fcl/broadphase/broadphase_dynamic_AABB_tree-inl.h
-- Up-to-date: /home/unitree/Desktop/unitree_dex3/install/fcl/include/fcl/broadphase/broadphase_SSaP.h
-- Up-to-date: /home/unitree/Desktop/unitree_dex3/install/fcl/include/fcl/broadphase/broadphase_spatialhash-inl.h
-- Up-to-date: /home/unitree/Desktop/unitree_dex3/install/fcl/include/fcl/broadphase/broadphase_SaP.h
-- Up-to-date: /home/unitree/Desktop/unitree_dex3/install/fcl/include/fcl/broadphase/broadphase_continuous_collision_manager.h
-- Up-to-date: /home/unitree/Desktop/unitree_dex3/install/fcl/include/fcl/broadphase/default_broadphase_callbacks.h
-- Up-to-date: /home/unitree/Desktop/unitree_dex3/install/fcl/include/fcl/broadphase/broadphase_interval_tree.h
-- Up-to-date: /home/unitree/Desktop/unitree_dex3/install/fcl/include/fcl/broadphase/broadphase_SSaP-inl.h
-- Up-to-date: /home/unitree/Desktop/unitree_dex3/install/fcl/include/fcl/broadphase/broadphase_dynamic_AABB_tree_array-inl.h
-- Up-to-date: /home/unitree/Desktop/unitree_dex3/install/fcl/include/fcl/broadphase/broadphase_SaP-inl.h
-- Up-to-date: /home/unitree/Desktop/unitree_dex3/install/fcl/include/fcl/broadphase/broadphase_dynamic_AABB_tree.h
-- Up-to-date: /home/unitree/Desktop/unitree_dex3/install/fcl/include/fcl/broadphase/broadphase_collision_manager.h
-- Up-to-date: /home/unitree/Desktop/unitree_dex3/install/fcl/include/fcl/broadphase/broadphase_continuous_collision_manager-inl.h
-- Up-to-date: /home/unitree/Desktop/unitree_dex3/install/fcl/include/fcl/broadphase/broadphase_interval_tree-inl.h
-- Up-to-date: /home/unitree/Desktop/unitree_dex3/install/fcl/include/fcl/broadphase/broadphase_dynamic_AABB_tree_array.h
-- Up-to-date: /home/unitree/Desktop/unitree_dex3/install/fcl/include/fcl/broadphase/detail
-- Up-to-date: /home/unitree/Desktop/unitree_dex3/install/fcl/include/fcl/broadphase/detail/simple_interval.h
-- Up-to-date: /home/unitree/Desktop/unitree_dex3/install/fcl/include/fcl/broadphase/detail/hierarchy_tree_array-inl.h
-- Up-to-date: /home/unitree/Desktop/unitree_dex3/install/fcl/include/fcl/broadphase/detail/simple_interval-inl.h
-- Up-to-date: /home/unitree/Desktop/unitree_dex3/install/fcl/include/fcl/broadphase/detail/hierarchy_tree-inl.h
-- Up-to-date: /home/unitree/Desktop/unitree_dex3/install/fcl/include/fcl/broadphase/detail/spatial_hash.h
-- Up-to-date: /home/unitree/Desktop/unitree_dex3/install/fcl/include/fcl/broadphase/detail/node_base.h
-- Up-to-date: /home/unitree/Desktop/unitree_dex3/install/fcl/include/fcl/broadphase/detail/interval_tree.h
-- Up-to-date: /home/unitree/Desktop/unitree_dex3/install/fcl/include/fcl/broadphase/detail/simple_hash_table.h
-- Up-to-date: /home/unitree/Desktop/unitree_dex3/install/fcl/include/fcl/broadphase/detail/hierarchy_tree_array.h
-- Up-to-date: /home/unitree/Desktop/unitree_dex3/install/fcl/include/fcl/broadphase/detail/spatial_hash-inl.h
-- Up-to-date: /home/unitree/Desktop/unitree_dex3/install/fcl/include/fcl/broadphase/detail/morton.h
-- Up-to-date: /home/unitree/Desktop/unitree_dex3/install/fcl/include/fcl/broadphase/detail/hierarchy_tree.h
-- Up-to-date: /home/unitree/Desktop/unitree_dex3/install/fcl/include/fcl/broadphase/detail/interval_tree_node.h
-- Up-to-date: /home/unitree/Desktop/unitree_dex3/install/fcl/include/fcl/broadphase/detail/node_base-inl.h
-- Up-to-date: /home/unitree/Desktop/unitree_dex3/install/fcl/include/fcl/broadphase/detail/simple_hash_table-inl.h
-- Up-to-date: /home/unitree/Desktop/unitree_dex3/install/fcl/include/fcl/broadphase/detail/interval_tree-inl.h
-- Up-to-date: /home/unitree/Desktop/unitree_dex3/install/fcl/include/fcl/broadphase/detail/sparse_hash_table.h
-- Up-to-date: /home/unitree/Desktop/unitree_dex3/install/fcl/include/fcl/broadphase/detail/morton-inl.h
-- Up-to-date: /home/unitree/Desktop/unitree_dex3/install/fcl/include/fcl/broadphase/detail/node_base_array-inl.h
-- Up-to-date: /home/unitree/Desktop/unitree_dex3/install/fcl/include/fcl/broadphase/detail/sparse_hash_table-inl.h
-- Up-to-date: /home/unitree/Desktop/unitree_dex3/install/fcl/include/fcl/broadphase/detail/node_base_array.h
-- Up-to-date: /home/unitree/Desktop/unitree_dex3/install/fcl/include/fcl/broadphase/detail/interval_tree_node-inl.h
-- Up-to-date: /home/unitree/Desktop/unitree_dex3/install/fcl/include/fcl/broadphase/broadphase_spatialhash.h
-- Up-to-date: /home/unitree/Desktop/unitree_dex3/install/fcl/include/fcl/broadphase/broadphase_bruteforce.h
