[0.062s] Invoking command in '/home/unitree/Desktop/unitree_dex3/build/fcl': CMAKE_PREFIX_PATH=${CMAKE_PREFIX_PATH}:/opt/ros/foxy CONDA_PROMPT_MODIFIER=(base) /usr/bin/cmake --build /home/unitree/Desktop/unitree_dex3/build/fcl -- -j8 -l8
[0.628s] [100%] Built target fcl
[0.735s] Invoked command in '/home/unitree/Desktop/unitree_dex3/build/fcl' returned '0': CMAKE_PREFIX_PATH=${CMAKE_PREFIX_PATH}:/opt/ros/foxy CONDA_PROMPT_MODIFIER=(base) /usr/bin/cmake --build /home/unitree/Desktop/unitree_dex3/build/fcl -- -j8 -l8
[0.742s] Invoking command in '/home/unitree/Desktop/unitree_dex3/build/fcl': CMAKE_PREFIX_PATH=${CMAKE_PREFIX_PATH}:/opt/ros/foxy CONDA_PROMPT_MODIFIER=(base) /usr/bin/cmake --install /home/unitree/Desktop/unitree_dex3/build/fcl
[0.769s] -- Install configuration: "Release"
[0.770s] -- Up-to-date: /home/unitree/Desktop/unitree_dex3/install/fcl/lib/cmake/fcl/fcl-config.cmake
[0.770s] -- Up-to-date: /home/unitree/Desktop/unitree_dex3/install/fcl/lib/cmake/fcl/fcl-config-version.cmake
[0.770s] -- Up-to-date: /home/unitree/Desktop/unitree_dex3/install/fcl/lib/pkgconfig/fcl.pc
[0.771s] -- Up-to-date: /home/unitree/Desktop/unitree_dex3/install/fcl/share/fcl/package.xml
[0.771s] -- Up-to-date: /home/unitree/Desktop/unitree_dex3/install/fcl/lib/libfcl.so.0.7.0
[0.771s] -- Up-to-date: /home/unitree/Desktop/unitree_dex3/install/fcl/lib/libfcl.so.0.7
[0.771s] -- Up-to-date: /home/unitree/Desktop/unitree_dex3/install/fcl/lib/libfcl.so
[0.771s] -- Up-to-date: /home/unitree/Desktop/unitree_dex3/install/fcl/lib/cmake/fcl/fcl-targets.cmake
[0.771s] -- Up-to-date: /home/unitree/Desktop/unitree_dex3/install/fcl/lib/cmake/fcl/fcl-targets-release.cmake
[0.774s] -- Up-to-date: /home/unitree/Desktop/unitree_dex3/install/fcl/include
[0.775s] -- Up-to-date: /home/unitree/Desktop/unitree_dex3/install/fcl/include/fcl
[0.775s] -- Up-to-date: /home/unitree/Desktop/unitree_dex3/install/fcl/include/fcl/config.h
[0.775s] -- Up-to-date: /home/unitree/Desktop/unitree_dex3/install/fcl/include/fcl/fcl.h
[0.776s] -- Up-to-date: /home/unitree/Desktop/unitree_dex3/install/fcl/include/fcl/export.h
[0.776s] -- Up-to-date: /home/unitree/Desktop/unitree_dex3/install/fcl/include
[0.776s] -- Up-to-date: /home/unitree/Desktop/unitree_dex3/install/fcl/include/fcl
[0.776s] -- Up-to-date: /home/unitree/Desktop/unitree_dex3/install/fcl/include/fcl/geometry
[0.777s] -- Up-to-date: /home/unitree/Desktop/unitree_dex3/install/fcl/include/fcl/geometry/collision_geometry.h
[0.777s] -- Up-to-date: /home/unitree/Desktop/unitree_dex3/install/fcl/include/fcl/geometry/bvh
[0.777s] -- Up-to-date: /home/unitree/Desktop/unitree_dex3/install/fcl/include/fcl/geometry/bvh/BVH_model-inl.h
[0.777s] -- Up-to-date: /home/unitree/Desktop/unitree_dex3/install/fcl/include/fcl/geometry/bvh/BVH_internal.h
[0.777s] -- Up-to-date: /home/unitree/Desktop/unitree_dex3/install/fcl/include/fcl/geometry/bvh/BVH_utility-inl.h
[0.778s] -- Up-to-date: /home/unitree/Desktop/unitree_dex3/install/fcl/include/fcl/geometry/bvh/BVH_model.h
[0.778s] -- Up-to-date: /home/unitree/Desktop/unitree_dex3/install/fcl/include/fcl/geometry/bvh/BV_node-inl.h
[0.778s] -- Up-to-date: /home/unitree/Desktop/unitree_dex3/install/fcl/include/fcl/geometry/bvh/BV_node_base.h
[0.778s] -- Up-to-date: /home/unitree/Desktop/unitree_dex3/install/fcl/include/fcl/geometry/bvh/detail
[0.779s] -- Up-to-date: /home/unitree/Desktop/unitree_dex3/install/fcl/include/fcl/geometry/bvh/detail/BV_splitter.h
[0.779s] -- Up-to-date: /home/unitree/Desktop/unitree_dex3/install/fcl/include/fcl/geometry/bvh/detail/BV_splitter-inl.h
[0.781s] -- Up-to-date: /home/unitree/Desktop/unitree_dex3/install/fcl/include/fcl/geometry/bvh/detail/BV_fitter_base.h
[0.781s] -- Up-to-date: /home/unitree/Desktop/unitree_dex3/install/fcl/include/fcl/geometry/bvh/detail/BV_fitter-inl.h
[0.781s] -- Up-to-date: /home/unitree/Desktop/unitree_dex3/install/fcl/include/fcl/geometry/bvh/detail/BVH_front.h
[0.782s] -- Up-to-date: /home/unitree/Desktop/unitree_dex3/install/fcl/include/fcl/geometry/bvh/detail/BV_splitter_base.h
[0.782s] -- Up-to-date: /home/unitree/Desktop/unitree_dex3/install/fcl/include/fcl/geometry/bvh/detail/BV_fitter.h
[0.783s] -- Up-to-date: /home/unitree/Desktop/unitree_dex3/install/fcl/include/fcl/geometry/bvh/BVH_utility.h
[0.783s] -- Up-to-date: /home/unitree/Desktop/unitree_dex3/install/fcl/include/fcl/geometry/bvh/BV_node.h
[0.784s] -- Up-to-date: /home/unitree/Desktop/unitree_dex3/install/fcl/include/fcl/geometry/geometric_shape_to_BVH_model-inl.h
[0.784s] -- Up-to-date: /home/unitree/Desktop/unitree_dex3/install/fcl/include/fcl/geometry/geometric_shape_to_BVH_model.h
[0.785s] -- Up-to-date: /home/unitree/Desktop/unitree_dex3/install/fcl/include/fcl/geometry/shape
[0.785s] -- Up-to-date: /home/unitree/Desktop/unitree_dex3/install/fcl/include/fcl/geometry/shape/cylinder.h
[0.785s] -- Up-to-date: /home/unitree/Desktop/unitree_dex3/install/fcl/include/fcl/geometry/shape/convex.h
[0.785s] -- Up-to-date: /home/unitree/Desktop/unitree_dex3/install/fcl/include/fcl/geometry/shape/triangle_p-inl.h
[0.785s] -- Up-to-date: /home/unitree/Desktop/unitree_dex3/install/fcl/include/fcl/geometry/shape/plane-inl.h
[0.786s] -- Up-to-date: /home/unitree/Desktop/unitree_dex3/install/fcl/include/fcl/geometry/shape/convex-inl.h
[0.786s] -- Up-to-date: /home/unitree/Desktop/unitree_dex3/install/fcl/include/fcl/geometry/shape/capsule.h
[0.787s] -- Up-to-date: /home/unitree/Desktop/unitree_dex3/install/fcl/include/fcl/geometry/shape/triangle_p.h
[0.787s] -- Up-to-date: /home/unitree/Desktop/unitree_dex3/install/fcl/include/fcl/geometry/shape/shape_base.h
[0.788s] -- Up-to-date: /home/unitree/Desktop/unitree_dex3/install/fcl/include/fcl/geometry/shape/capsule-inl.h
[0.788s] -- Up-to-date: /home/unitree/Desktop/unitree_dex3/install/fcl/include/fcl/geometry/shape/ellipsoid.h
[0.788s] -- Up-to-date: /home/unitree/Desktop/unitree_dex3/install/fcl/include/fcl/geometry/shape/cone.h
[0.789s] -- Up-to-date: /home/unitree/Desktop/unitree_dex3/install/fcl/include/fcl/geometry/shape/sphere-inl.h
[0.789s] -- Up-to-date: /home/unitree/Desktop/unitree_dex3/install/fcl/include/fcl/geometry/shape/box.h
[0.789s] -- Up-to-date: /home/unitree/Desktop/unitree_dex3/install/fcl/include/fcl/geometry/shape/cylinder-inl.h
[0.789s] -- Up-to-date: /home/unitree/Desktop/unitree_dex3/install/fcl/include/fcl/geometry/shape/cone-inl.h
[0.789s] -- Up-to-date: /home/unitree/Desktop/unitree_dex3/install/fcl/include/fcl/geometry/shape/sphere.h
[0.789s] -- Up-to-date: /home/unitree/Desktop/unitree_dex3/install/fcl/include/fcl/geometry/shape/utility.h
[0.789s] -- Up-to-date: /home/unitree/Desktop/unitree_dex3/install/fcl/include/fcl/geometry/shape/plane.h
[0.789s] -- Up-to-date: /home/unitree/Desktop/unitree_dex3/install/fcl/include/fcl/geometry/shape/halfspace-inl.h
[0.789s] -- Up-to-date: /home/unitree/Desktop/unitree_dex3/install/fcl/include/fcl/geometry/shape/utility-inl.h
[0.790s] -- Up-to-date: /home/unitree/Desktop/unitree_dex3/install/fcl/include/fcl/geometry/shape/shape_base-inl.h
[0.790s] -- Up-to-date: /home/unitree/Desktop/unitree_dex3/install/fcl/include/fcl/geometry/shape/halfspace.h
[0.790s] -- Up-to-date: /home/unitree/Desktop/unitree_dex3/install/fcl/include/fcl/geometry/shape/box-inl.h
[0.790s] -- Up-to-date: /home/unitree/Desktop/unitree_dex3/install/fcl/include/fcl/geometry/shape/ellipsoid-inl.h
[0.790s] -- Up-to-date: /home/unitree/Desktop/unitree_dex3/install/fcl/include/fcl/geometry/collision_geometry-inl.h
[0.790s] -- Up-to-date: /home/unitree/Desktop/unitree_dex3/install/fcl/include/fcl/geometry/octree
[0.790s] -- Up-to-date: /home/unitree/Desktop/unitree_dex3/install/fcl/include/fcl/geometry/octree/octree.h
[0.790s] -- Up-to-date: /home/unitree/Desktop/unitree_dex3/install/fcl/include/fcl/geometry/octree/octree-inl.h
[0.790s] -- Up-to-date: /home/unitree/Desktop/unitree_dex3/install/fcl/include/fcl/narrowphase
[0.790s] -- Up-to-date: /home/unitree/Desktop/unitree_dex3/install/fcl/include/fcl/narrowphase/continuous_collision_request-inl.h
[0.791s] -- Up-to-date: /home/unitree/Desktop/unitree_dex3/install/fcl/include/fcl/narrowphase/distance.h
[0.791s] -- Up-to-date: /home/unitree/Desktop/unitree_dex3/install/fcl/include/fcl/narrowphase/contact-inl.h
[0.791s] -- Up-to-date: /home/unitree/Desktop/unitree_dex3/install/fcl/include/fcl/narrowphase/cost_source.h
[0.791s] -- Up-to-date: /home/unitree/Desktop/unitree_dex3/install/fcl/include/fcl/narrowphase/contact_point-inl.h
[0.791s] -- Up-to-date: /home/unitree/Desktop/unitree_dex3/install/fcl/include/fcl/narrowphase/collision_request.h
[0.791s] -- Up-to-date: /home/unitree/Desktop/unitree_dex3/install/fcl/include/fcl/narrowphase/collision_result-inl.h
[0.791s] -- Up-to-date: /home/unitree/Desktop/unitree_dex3/install/fcl/include/fcl/narrowphase/distance_request.h
[0.792s] -- Up-to-date: /home/unitree/Desktop/unitree_dex3/install/fcl/include/fcl/narrowphase/distance_request-inl.h
[0.793s] -- Up-to-date: /home/unitree/Desktop/unitree_dex3/install/fcl/include/fcl/narrowphase/gjk_solver_type.h
[0.802s] -- Up-to-date: /home/unitree/Desktop/unitree_dex3/install/fcl/include/fcl/narrowphase/collision.h
[0.803s] -- Up-to-date: /home/unitree/Desktop/unitree_dex3/install/fcl/include/fcl/narrowphase/distance_result.h
[0.803s] -- Up-to-date: /home/unitree/Desktop/unitree_dex3/install/fcl/include/fcl/narrowphase/continuous_collision_object.h
[0.804s] -- Up-to-date: /home/unitree/Desktop/unitree_dex3/install/fcl/include/fcl/narrowphase/distance_result-inl.h
[0.804s] -- Up-to-date: /home/unitree/Desktop/unitree_dex3/install/fcl/include/fcl/narrowphase/contact_point.h
[0.804s] -- Up-to-date: /home/unitree/Desktop/unitree_dex3/install/fcl/include/fcl/narrowphase/collision_object.h
[0.804s] -- Up-to-date: /home/unitree/Desktop/unitree_dex3/install/fcl/include/fcl/narrowphase/continuous_collision_request.h
[0.804s] -- Up-to-date: /home/unitree/Desktop/unitree_dex3/install/fcl/include/fcl/narrowphase/continuous_collision_object-inl.h
[0.804s] -- Up-to-date: /home/unitree/Desktop/unitree_dex3/install/fcl/include/fcl/narrowphase/collision_result.h
[0.804s] -- Up-to-date: /home/unitree/Desktop/unitree_dex3/install/fcl/include/fcl/narrowphase/distance-inl.h
[0.804s] -- Up-to-date: /home/unitree/Desktop/unitree_dex3/install/fcl/include/fcl/narrowphase/collision_request-inl.h
[0.805s] -- Up-to-date: /home/unitree/Desktop/unitree_dex3/install/fcl/include/fcl/narrowphase/continuous_collision-inl.h
[0.805s] -- Up-to-date: /home/unitree/Desktop/unitree_dex3/install/fcl/include/fcl/narrowphase/continuous_collision_result-inl.h
[0.805s] -- Up-to-date: /home/unitree/Desktop/unitree_dex3/install/fcl/include/fcl/narrowphase/continuous_collision.h
[0.805s] -- Up-to-date: /home/unitree/Desktop/unitree_dex3/install/fcl/include/fcl/narrowphase/detail
[0.805s] -- Up-to-date: /home/unitree/Desktop/unitree_dex3/install/fcl/include/fcl/narrowphase/detail/collision_func_matrix-inl.h
[0.805s] -- Up-to-date: /home/unitree/Desktop/unitree_dex3/install/fcl/include/fcl/narrowphase/detail/gjk_solver_libccd-inl.h
[0.805s] -- Up-to-date: /home/unitree/Desktop/unitree_dex3/install/fcl/include/fcl/narrowphase/detail/collision_func_matrix.h
[0.805s] -- Up-to-date: /home/unitree/Desktop/unitree_dex3/install/fcl/include/fcl/narrowphase/detail/distance_func_matrix-inl.h
[0.806s] -- Up-to-date: /home/unitree/Desktop/unitree_dex3/install/fcl/include/fcl/narrowphase/detail/failed_at_this_configuration.h
[0.806s] -- Up-to-date: /home/unitree/Desktop/unitree_dex3/install/fcl/include/fcl/narrowphase/detail/distance_func_matrix.h
[0.806s] -- Up-to-date: /home/unitree/Desktop/unitree_dex3/install/fcl/include/fcl/narrowphase/detail/conservative_advancement_func_matrix.h
[0.806s] -- Up-to-date: /home/unitree/Desktop/unitree_dex3/install/fcl/include/fcl/narrowphase/detail/conservative_advancement_func_matrix-inl.h
[0.806s] -- Up-to-date: /home/unitree/Desktop/unitree_dex3/install/fcl/include/fcl/narrowphase/detail/gjk_solver_libccd.h
[0.806s] -- Up-to-date: /home/unitree/Desktop/unitree_dex3/install/fcl/include/fcl/narrowphase/detail/convexity_based_algorithm
[0.806s] -- Up-to-date: /home/unitree/Desktop/unitree_dex3/install/fcl/include/fcl/narrowphase/detail/convexity_based_algorithm/polytope.h
[0.806s] -- Up-to-date: /home/unitree/Desktop/unitree_dex3/install/fcl/include/fcl/narrowphase/detail/convexity_based_algorithm/minkowski_diff-inl.h
[0.807s] -- Up-to-date: /home/unitree/Desktop/unitree_dex3/install/fcl/include/fcl/narrowphase/detail/convexity_based_algorithm/gjk-inl.h
[0.807s] -- Up-to-date: /home/unitree/Desktop/unitree_dex3/install/fcl/include/fcl/narrowphase/detail/convexity_based_algorithm/gjk_libccd-inl.h
[0.807s] -- Up-to-date: /home/unitree/Desktop/unitree_dex3/install/fcl/include/fcl/narrowphase/detail/convexity_based_algorithm/epa-inl.h
[0.807s] -- Up-to-date: /home/unitree/Desktop/unitree_dex3/install/fcl/include/fcl/narrowphase/detail/convexity_based_algorithm/minkowski_diff.h
[0.807s] -- Up-to-date: /home/unitree/Desktop/unitree_dex3/install/fcl/include/fcl/narrowphase/detail/convexity_based_algorithm/epa.h
[0.807s] -- Up-to-date: /home/unitree/Desktop/unitree_dex3/install/fcl/include/fcl/narrowphase/detail/convexity_based_algorithm/gjk.h
[0.807s] -- Up-to-date: /home/unitree/Desktop/unitree_dex3/install/fcl/include/fcl/narrowphase/detail/convexity_based_algorithm/support.h
[0.808s] -- Up-to-date: /home/unitree/Desktop/unitree_dex3/install/fcl/include/fcl/narrowphase/detail/convexity_based_algorithm/alloc.h
[0.825s] -- Up-to-date: /home/unitree/Desktop/unitree_dex3/install/fcl/include/fcl/narrowphase/detail/convexity_based_algorithm/simplex.h
[0.828s] -- Up-to-date: /home/unitree/Desktop/unitree_dex3/install/fcl/include/fcl/narrowphase/detail/convexity_based_algorithm/gjk_libccd.h
[0.829s] -- Up-to-date: /home/unitree/Desktop/unitree_dex3/install/fcl/include/fcl/narrowphase/detail/convexity_based_algorithm/list.h
[0.829s] -- Up-to-date: /home/unitree/Desktop/unitree_dex3/install/fcl/include/fcl/narrowphase/detail/gjk_solver_indep.h
[0.829s] -- Up-to-date: /home/unitree/Desktop/unitree_dex3/install/fcl/include/fcl/narrowphase/detail/traversal
[0.830s] -- Up-to-date: /home/unitree/Desktop/unitree_dex3/install/fcl/include/fcl/narrowphase/detail/traversal/collision
[0.830s] -- Up-to-date: /home/unitree/Desktop/unitree_dex3/install/fcl/include/fcl/narrowphase/detail/traversal/collision/collision_traversal_node_base-inl.h
[0.830s] -- Up-to-date: /home/unitree/Desktop/unitree_dex3/install/fcl/include/fcl/narrowphase/detail/traversal/collision/shape_bvh_collision_traversal_node-inl.h
[0.830s] -- Up-to-date: /home/unitree/Desktop/unitree_dex3/install/fcl/include/fcl/narrowphase/detail/traversal/collision/mesh_shape_collision_traversal_node.h
[0.830s] -- Up-to-date: /home/unitree/Desktop/unitree_dex3/install/fcl/include/fcl/narrowphase/detail/traversal/collision/intersect-inl.h
[0.830s] -- Up-to-date: /home/unitree/Desktop/unitree_dex3/install/fcl/include/fcl/narrowphase/detail/traversal/collision/shape_mesh_collision_traversal_node-inl.h
[0.830s] -- Up-to-date: /home/unitree/Desktop/unitree_dex3/install/fcl/include/fcl/narrowphase/detail/traversal/collision/bvh_collision_traversal_node-inl.h
[0.830s] -- Up-to-date: /home/unitree/Desktop/unitree_dex3/install/fcl/include/fcl/narrowphase/detail/traversal/collision/bvh_collision_traversal_node.h
[0.830s] -- Up-to-date: /home/unitree/Desktop/unitree_dex3/install/fcl/include/fcl/narrowphase/detail/traversal/collision/intersect.h
[0.831s] -- Up-to-date: /home/unitree/Desktop/unitree_dex3/install/fcl/include/fcl/narrowphase/detail/traversal/collision/mesh_collision_traversal_node-inl.h
[0.831s] -- Up-to-date: /home/unitree/Desktop/unitree_dex3/install/fcl/include/fcl/narrowphase/detail/traversal/collision/mesh_continuous_collision_traversal_node.h
[0.831s] -- Up-to-date: /home/unitree/Desktop/unitree_dex3/install/fcl/include/fcl/narrowphase/detail/traversal/collision/shape_collision_traversal_node-inl.h
[0.831s] -- Up-to-date: /home/unitree/Desktop/unitree_dex3/install/fcl/include/fcl/narrowphase/detail/traversal/collision/shape_bvh_collision_traversal_node.h
[0.831s] -- Up-to-date: /home/unitree/Desktop/unitree_dex3/install/fcl/include/fcl/narrowphase/detail/traversal/collision/bvh_shape_collision_traversal_node-inl.h
[0.831s] -- Up-to-date: /home/unitree/Desktop/unitree_dex3/install/fcl/include/fcl/narrowphase/detail/traversal/collision/mesh_collision_traversal_node.h
[0.831s] -- Up-to-date: /home/unitree/Desktop/unitree_dex3/install/fcl/include/fcl/narrowphase/detail/traversal/collision/mesh_continuous_collision_traversal_node-inl.h
[0.831s] -- Up-to-date: /home/unitree/Desktop/unitree_dex3/install/fcl/include/fcl/narrowphase/detail/traversal/collision/mesh_shape_collision_traversal_node-inl.h
[0.831s] -- Up-to-date: /home/unitree/Desktop/unitree_dex3/install/fcl/include/fcl/narrowphase/detail/traversal/collision/shape_collision_traversal_node.h
[0.832s] -- Up-to-date: /home/unitree/Desktop/unitree_dex3/install/fcl/include/fcl/narrowphase/detail/traversal/collision/shape_mesh_collision_traversal_node.h
[0.832s] -- Up-to-date: /home/unitree/Desktop/unitree_dex3/install/fcl/include/fcl/narrowphase/detail/traversal/collision/bvh_shape_collision_traversal_node.h
[0.832s] -- Up-to-date: /home/unitree/Desktop/unitree_dex3/install/fcl/include/fcl/narrowphase/detail/traversal/collision/collision_traversal_node_base.h
[0.832s] -- Up-to-date: /home/unitree/Desktop/unitree_dex3/install/fcl/include/fcl/narrowphase/detail/traversal/distance
[0.832s] -- Up-to-date: /home/unitree/Desktop/unitree_dex3/install/fcl/include/fcl/narrowphase/detail/traversal/distance/shape_mesh_conservative_advancement_traversal_node-inl.h
[0.832s] -- Up-to-date: /home/unitree/Desktop/unitree_dex3/install/fcl/include/fcl/narrowphase/detail/traversal/distance/conservative_advancement_stack_data-inl.h
[0.832s] -- Up-to-date: /home/unitree/Desktop/unitree_dex3/install/fcl/include/fcl/narrowphase/detail/traversal/distance/bvh_distance_traversal_node.h
[0.832s] -- Up-to-date: /home/unitree/Desktop/unitree_dex3/install/fcl/include/fcl/narrowphase/detail/traversal/distance/bvh_shape_distance_traversal_node.h
[0.832s] -- Up-to-date: /home/unitree/Desktop/unitree_dex3/install/fcl/include/fcl/narrowphase/detail/traversal/distance/shape_distance_traversal_node.h
[0.833s] -- Up-to-date: /home/unitree/Desktop/unitree_dex3/install/fcl/include/fcl/narrowphase/detail/traversal/distance/shape_mesh_conservative_advancement_traversal_node.h
[0.833s] -- Up-to-date: /home/unitree/Desktop/unitree_dex3/install/fcl/include/fcl/narrowphase/detail/traversal/distance/distance_traversal_node_base-inl.h
[0.833s] -- Up-to-date: /home/unitree/Desktop/unitree_dex3/install/fcl/include/fcl/narrowphase/detail/traversal/distance/shape_bvh_distance_traversal_node-inl.h
[0.833s] -- Up-to-date: /home/unitree/Desktop/unitree_dex3/install/fcl/include/fcl/narrowphase/detail/traversal/distance/bvh_shape_distance_traversal_node-inl.h
[0.833s] -- Up-to-date: /home/unitree/Desktop/unitree_dex3/install/fcl/include/fcl/narrowphase/detail/traversal/distance/bvh_distance_traversal_node-inl.h
[0.833s] -- Up-to-date: /home/unitree/Desktop/unitree_dex3/install/fcl/include/fcl/narrowphase/detail/traversal/distance/shape_mesh_distance_traversal_node.h
[0.833s] -- Up-to-date: /home/unitree/Desktop/unitree_dex3/install/fcl/include/fcl/narrowphase/detail/traversal/distance/shape_conservative_advancement_traversal_node-inl.h
[0.833s] -- Up-to-date: /home/unitree/Desktop/unitree_dex3/install/fcl/include/fcl/narrowphase/detail/traversal/distance/shape_bvh_distance_traversal_node.h
[0.833s] -- Up-to-date: /home/unitree/Desktop/unitree_dex3/install/fcl/include/fcl/narrowphase/detail/traversal/distance/mesh_shape_conservative_advancement_traversal_node.h
[0.834s] -- Up-to-date: /home/unitree/Desktop/unitree_dex3/install/fcl/include/fcl/narrowphase/detail/traversal/distance/mesh_conservative_advancement_traversal_node.h
[0.834s] -- Up-to-date: /home/unitree/Desktop/unitree_dex3/install/fcl/include/fcl/narrowphase/detail/traversal/distance/shape_conservative_advancement_traversal_node.h
[0.834s] -- Up-to-date: /home/unitree/Desktop/unitree_dex3/install/fcl/include/fcl/narrowphase/detail/traversal/distance/mesh_shape_conservative_advancement_traversal_node-inl.h
[0.834s] -- Up-to-date: /home/unitree/Desktop/unitree_dex3/install/fcl/include/fcl/narrowphase/detail/traversal/distance/shape_mesh_distance_traversal_node-inl.h
[0.834s] -- Up-to-date: /home/unitree/Desktop/unitree_dex3/install/fcl/include/fcl/narrowphase/detail/traversal/distance/mesh_distance_traversal_node-inl.h
[0.834s] -- Up-to-date: /home/unitree/Desktop/unitree_dex3/install/fcl/include/fcl/narrowphase/detail/traversal/distance/mesh_distance_traversal_node.h
[0.834s] -- Up-to-date: /home/unitree/Desktop/unitree_dex3/install/fcl/include/fcl/narrowphase/detail/traversal/distance/shape_distance_traversal_node-inl.h
[0.834s] -- Up-to-date: /home/unitree/Desktop/unitree_dex3/install/fcl/include/fcl/narrowphase/detail/traversal/distance/distance_traversal_node_base.h
[0.834s] -- Up-to-date: /home/unitree/Desktop/unitree_dex3/install/fcl/include/fcl/narrowphase/detail/traversal/distance/mesh_shape_distance_traversal_node.h
[0.835s] -- Up-to-date: /home/unitree/Desktop/unitree_dex3/install/fcl/include/fcl/narrowphase/detail/traversal/distance/conservative_advancement_stack_data.h
[0.835s] -- Up-to-date: /home/unitree/Desktop/unitree_dex3/install/fcl/include/fcl/narrowphase/detail/traversal/distance/mesh_conservative_advancement_traversal_node-inl.h
[0.835s] -- Up-to-date: /home/unitree/Desktop/unitree_dex3/install/fcl/include/fcl/narrowphase/detail/traversal/distance/mesh_shape_distance_traversal_node-inl.h
[0.835s] -- Up-to-date: /home/unitree/Desktop/unitree_dex3/install/fcl/include/fcl/narrowphase/detail/traversal/traversal_recurse-inl.h
[0.835s] -- Up-to-date: /home/unitree/Desktop/unitree_dex3/install/fcl/include/fcl/narrowphase/detail/traversal/collision_node.h
[0.835s] -- Up-to-date: /home/unitree/Desktop/unitree_dex3/install/fcl/include/fcl/narrowphase/detail/traversal/traversal_recurse.h
[0.835s] -- Up-to-date: /home/unitree/Desktop/unitree_dex3/install/fcl/include/fcl/narrowphase/detail/traversal/collision_node-inl.h
[0.835s] -- Up-to-date: /home/unitree/Desktop/unitree_dex3/install/fcl/include/fcl/narrowphase/detail/traversal/traversal_node_base.h
[0.835s] -- Up-to-date: /home/unitree/Desktop/unitree_dex3/install/fcl/include/fcl/narrowphase/detail/traversal/octree
[0.835s] -- Up-to-date: /home/unitree/Desktop/unitree_dex3/install/fcl/include/fcl/narrowphase/detail/traversal/octree/collision
[0.836s] -- Up-to-date: /home/unitree/Desktop/unitree_dex3/install/fcl/include/fcl/narrowphase/detail/traversal/octree/collision/mesh_octree_collision_traversal_node.h
[0.836s] -- Up-to-date: /home/unitree/Desktop/unitree_dex3/install/fcl/include/fcl/narrowphase/detail/traversal/octree/collision/octree_mesh_collision_traversal_node.h
[0.836s] -- Up-to-date: /home/unitree/Desktop/unitree_dex3/install/fcl/include/fcl/narrowphase/detail/traversal/octree/collision/octree_shape_collision_traversal_node-inl.h
[0.836s] -- Up-to-date: /home/unitree/Desktop/unitree_dex3/install/fcl/include/fcl/narrowphase/detail/traversal/octree/collision/mesh_octree_collision_traversal_node-inl.h
[0.836s] -- Up-to-date: /home/unitree/Desktop/unitree_dex3/install/fcl/include/fcl/narrowphase/detail/traversal/octree/collision/octree_collision_traversal_node-inl.h
[0.836s] -- Up-to-date: /home/unitree/Desktop/unitree_dex3/install/fcl/include/fcl/narrowphase/detail/traversal/octree/collision/octree_mesh_collision_traversal_node-inl.h
[0.836s] -- Up-to-date: /home/unitree/Desktop/unitree_dex3/install/fcl/include/fcl/narrowphase/detail/traversal/octree/collision/shape_octree_collision_traversal_node.h
[0.836s] -- Up-to-date: /home/unitree/Desktop/unitree_dex3/install/fcl/include/fcl/narrowphase/detail/traversal/octree/collision/octree_collision_traversal_node.h
[0.836s] -- Up-to-date: /home/unitree/Desktop/unitree_dex3/install/fcl/include/fcl/narrowphase/detail/traversal/octree/collision/octree_shape_collision_traversal_node.h
[0.837s] -- Up-to-date: /home/unitree/Desktop/unitree_dex3/install/fcl/include/fcl/narrowphase/detail/traversal/octree/collision/shape_octree_collision_traversal_node-inl.h
[0.837s] -- Up-to-date: /home/unitree/Desktop/unitree_dex3/install/fcl/include/fcl/narrowphase/detail/traversal/octree/distance
[0.837s] -- Up-to-date: /home/unitree/Desktop/unitree_dex3/install/fcl/include/fcl/narrowphase/detail/traversal/octree/distance/octree_distance_traversal_node-inl.h
[0.837s] -- Up-to-date: /home/unitree/Desktop/unitree_dex3/install/fcl/include/fcl/narrowphase/detail/traversal/octree/distance/shape_octree_distance_traversal_node.h
[0.837s] -- Up-to-date: /home/unitree/Desktop/unitree_dex3/install/fcl/include/fcl/narrowphase/detail/traversal/octree/distance/mesh_octree_distance_traversal_node-inl.h
[0.837s] -- Up-to-date: /home/unitree/Desktop/unitree_dex3/install/fcl/include/fcl/narrowphase/detail/traversal/octree/distance/octree_mesh_distance_traversal_node.h
[0.837s] -- Up-to-date: /home/unitree/Desktop/unitree_dex3/install/fcl/include/fcl/narrowphase/detail/traversal/octree/distance/shape_octree_distance_traversal_node-inl.h
[0.838s] -- Up-to-date: /home/unitree/Desktop/unitree_dex3/install/fcl/include/fcl/narrowphase/detail/traversal/octree/distance/octree_shape_distance_traversal_node.h
[0.838s] -- Up-to-date: /home/unitree/Desktop/unitree_dex3/install/fcl/include/fcl/narrowphase/detail/traversal/octree/distance/octree_mesh_distance_traversal_node-inl.h
[0.838s] -- Up-to-date: /home/unitree/Desktop/unitree_dex3/install/fcl/include/fcl/narrowphase/detail/traversal/octree/distance/octree_shape_distance_traversal_node-inl.h
[0.838s] -- Up-to-date: /home/unitree/Desktop/unitree_dex3/install/fcl/include/fcl/narrowphase/detail/traversal/octree/distance/mesh_octree_distance_traversal_node.h
[0.838s] -- Up-to-date: /home/unitree/Desktop/unitree_dex3/install/fcl/include/fcl/narrowphase/detail/traversal/octree/distance/octree_distance_traversal_node.h
[0.838s] -- Up-to-date: /home/unitree/Desktop/unitree_dex3/install/fcl/include/fcl/narrowphase/detail/traversal/octree/octree_solver-inl.h
[0.838s] -- Up-to-date: /home/unitree/Desktop/unitree_dex3/install/fcl/include/fcl/narrowphase/detail/traversal/octree/octree_solver.h
[0.838s] -- Up-to-date: /home/unitree/Desktop/unitree_dex3/install/fcl/include/fcl/narrowphase/detail/traversal/traversal_node_base-inl.h
[0.838s] -- Up-to-date: /home/unitree/Desktop/unitree_dex3/install/fcl/include/fcl/narrowphase/detail/gjk_solver_indep-inl.h
[0.839s] -- Up-to-date: /home/unitree/Desktop/unitree_dex3/install/fcl/include/fcl/narrowphase/detail/primitive_shape_algorithm
[0.839s] -- Up-to-date: /home/unitree/Desktop/unitree_dex3/install/fcl/include/fcl/narrowphase/detail/primitive_shape_algorithm/sphere_triangle.h
[0.839s] -- Up-to-date: /home/unitree/Desktop/unitree_dex3/install/fcl/include/fcl/narrowphase/detail/primitive_shape_algorithm/sphere_box-inl.h
[0.839s] -- Up-to-date: /home/unitree/Desktop/unitree_dex3/install/fcl/include/fcl/narrowphase/detail/primitive_shape_algorithm/plane-inl.h
[0.839s] -- Up-to-date: /home/unitree/Desktop/unitree_dex3/install/fcl/include/fcl/narrowphase/detail/primitive_shape_algorithm/capsule_capsule-inl.h
[0.839s] -- Up-to-date: /home/unitree/Desktop/unitree_dex3/install/fcl/include/fcl/narrowphase/detail/primitive_shape_algorithm/sphere_cylinder.h
[0.839s] -- Up-to-date: /home/unitree/Desktop/unitree_dex3/install/fcl/include/fcl/narrowphase/detail/primitive_shape_algorithm/sphere_capsule-inl.h
[0.839s] -- Up-to-date: /home/unitree/Desktop/unitree_dex3/install/fcl/include/fcl/narrowphase/detail/primitive_shape_algorithm/sphere_capsule.h
[0.839s] -- Up-to-date: /home/unitree/Desktop/unitree_dex3/install/fcl/include/fcl/narrowphase/detail/primitive_shape_algorithm/capsule_capsule.h
[0.840s] -- Up-to-date: /home/unitree/Desktop/unitree_dex3/install/fcl/include/fcl/narrowphase/detail/primitive_shape_algorithm/box_box-inl.h
[0.840s] -- Up-to-date: /home/unitree/Desktop/unitree_dex3/install/fcl/include/fcl/narrowphase/detail/primitive_shape_algorithm/sphere_box.h
[0.840s] -- Up-to-date: /home/unitree/Desktop/unitree_dex3/install/fcl/include/fcl/narrowphase/detail/primitive_shape_algorithm/sphere_cylinder-inl.h
[0.840s] -- Up-to-date: /home/unitree/Desktop/unitree_dex3/install/fcl/include/fcl/narrowphase/detail/primitive_shape_algorithm/triangle_distance-inl.h
[0.840s] -- Up-to-date: /home/unitree/Desktop/unitree_dex3/install/fcl/include/fcl/narrowphase/detail/primitive_shape_algorithm/plane.h
[0.840s] -- Up-to-date: /home/unitree/Desktop/unitree_dex3/install/fcl/include/fcl/narrowphase/detail/primitive_shape_algorithm/halfspace-inl.h
[0.840s] -- Up-to-date: /home/unitree/Desktop/unitree_dex3/install/fcl/include/fcl/narrowphase/detail/primitive_shape_algorithm/sphere_sphere.h
[0.840s] -- Up-to-date: /home/unitree/Desktop/unitree_dex3/install/fcl/include/fcl/narrowphase/detail/primitive_shape_algorithm/halfspace.h
[0.840s] -- Up-to-date: /home/unitree/Desktop/unitree_dex3/install/fcl/include/fcl/narrowphase/detail/primitive_shape_algorithm/triangle_distance.h
[0.841s] -- Up-to-date: /home/unitree/Desktop/unitree_dex3/install/fcl/include/fcl/narrowphase/detail/primitive_shape_algorithm/box_box.h
[0.841s] -- Up-to-date: /home/unitree/Desktop/unitree_dex3/install/fcl/include/fcl/narrowphase/detail/primitive_shape_algorithm/sphere_sphere-inl.h
[0.841s] -- Up-to-date: /home/unitree/Desktop/unitree_dex3/install/fcl/include/fcl/narrowphase/detail/primitive_shape_algorithm/sphere_triangle-inl.h
[0.841s] -- Up-to-date: /home/unitree/Desktop/unitree_dex3/install/fcl/include/fcl/narrowphase/contact.h
[0.841s] -- Up-to-date: /home/unitree/Desktop/unitree_dex3/install/fcl/include/fcl/narrowphase/cost_source-inl.h
[0.841s] -- Up-to-date: /home/unitree/Desktop/unitree_dex3/install/fcl/include/fcl/narrowphase/continuous_collision_result.h
[0.841s] -- Up-to-date: /home/unitree/Desktop/unitree_dex3/install/fcl/include/fcl/narrowphase/collision_object-inl.h
[0.841s] -- Up-to-date: /home/unitree/Desktop/unitree_dex3/install/fcl/include/fcl/narrowphase/collision-inl.h
[0.841s] -- Up-to-date: /home/unitree/Desktop/unitree_dex3/install/fcl/include/fcl/common
[0.842s] -- Up-to-date: /home/unitree/Desktop/unitree_dex3/install/fcl/include/fcl/common/time.h
[0.842s] -- Up-to-date: /home/unitree/Desktop/unitree_dex3/install/fcl/include/fcl/common/unused.h
[0.842s] -- Up-to-date: /home/unitree/Desktop/unitree_dex3/install/fcl/include/fcl/common/profiler.h
[0.842s] -- Up-to-date: /home/unitree/Desktop/unitree_dex3/install/fcl/include/fcl/common/types.h
[0.842s] -- Up-to-date: /home/unitree/Desktop/unitree_dex3/install/fcl/include/fcl/common/warning.h
[0.842s] -- Up-to-date: /home/unitree/Desktop/unitree_dex3/install/fcl/include/fcl/common/exception.h
[0.842s] -- Up-to-date: /home/unitree/Desktop/unitree_dex3/install/fcl/include/fcl/common/detail
[0.842s] -- Up-to-date: /home/unitree/Desktop/unitree_dex3/install/fcl/include/fcl/common/detail/profiler.h
[0.842s] -- Up-to-date: /home/unitree/Desktop/unitree_dex3/install/fcl/include/fcl/math
[0.843s] -- Up-to-date: /home/unitree/Desktop/unitree_dex3/install/fcl/include/fcl/math/rng-inl.h
[0.843s] -- Up-to-date: /home/unitree/Desktop/unitree_dex3/install/fcl/include/fcl/math/motion
[0.843s] -- Up-to-date: /home/unitree/Desktop/unitree_dex3/install/fcl/include/fcl/math/motion/screw_motion.h
[0.843s] -- Up-to-date: /home/unitree/Desktop/unitree_dex3/install/fcl/include/fcl/math/motion/screw_motion-inl.h
[0.843s] -- Up-to-date: /home/unitree/Desktop/unitree_dex3/install/fcl/include/fcl/math/motion/translation_motion.h
[0.843s] -- Up-to-date: /home/unitree/Desktop/unitree_dex3/install/fcl/include/fcl/math/motion/translation_motion-inl.h
[0.843s] -- Up-to-date: /home/unitree/Desktop/unitree_dex3/install/fcl/include/fcl/math/motion/motion_base.h
[0.843s] -- Up-to-date: /home/unitree/Desktop/unitree_dex3/install/fcl/include/fcl/math/motion/tbv_motion_bound_visitor.h
[0.843s] -- Up-to-date: /home/unitree/Desktop/unitree_dex3/install/fcl/include/fcl/math/motion/spline_motion.h
[0.843s] -- Up-to-date: /home/unitree/Desktop/unitree_dex3/install/fcl/include/fcl/math/motion/motion_base-inl.h
[0.844s] -- Up-to-date: /home/unitree/Desktop/unitree_dex3/install/fcl/include/fcl/math/motion/triangle_motion_bound_visitor-inl.h
[0.844s] -- Up-to-date: /home/unitree/Desktop/unitree_dex3/install/fcl/include/fcl/math/motion/bv_motion_bound_visitor.h
[0.844s] -- Up-to-date: /home/unitree/Desktop/unitree_dex3/install/fcl/include/fcl/math/motion/taylor_model
[0.844s] -- Up-to-date: /home/unitree/Desktop/unitree_dex3/install/fcl/include/fcl/math/motion/taylor_model/interval_vector.h
[0.844s] -- Up-to-date: /home/unitree/Desktop/unitree_dex3/install/fcl/include/fcl/math/motion/taylor_model/interval_matrix-inl.h
[0.844s] -- Up-to-date: /home/unitree/Desktop/unitree_dex3/install/fcl/include/fcl/math/motion/taylor_model/taylor_vector.h
[0.844s] -- Up-to-date: /home/unitree/Desktop/unitree_dex3/install/fcl/include/fcl/math/motion/taylor_model/interval.h
[0.844s] -- Up-to-date: /home/unitree/Desktop/unitree_dex3/install/fcl/include/fcl/math/motion/taylor_model/taylor_vector-inl.h
[0.844s] -- Up-to-date: /home/unitree/Desktop/unitree_dex3/install/fcl/include/fcl/math/motion/taylor_model/taylor_model.h
[0.845s] -- Up-to-date: /home/unitree/Desktop/unitree_dex3/install/fcl/include/fcl/math/motion/taylor_model/taylor_model-inl.h
[0.845s] -- Up-to-date: /home/unitree/Desktop/unitree_dex3/install/fcl/include/fcl/math/motion/taylor_model/interval_vector-inl.h
[0.845s] -- Up-to-date: /home/unitree/Desktop/unitree_dex3/install/fcl/include/fcl/math/motion/taylor_model/taylor_matrix.h
[0.845s] -- Up-to-date: /home/unitree/Desktop/unitree_dex3/install/fcl/include/fcl/math/motion/taylor_model/interval-inl.h
[0.845s] -- Up-to-date: /home/unitree/Desktop/unitree_dex3/install/fcl/include/fcl/math/motion/taylor_model/time_interval.h
[0.845s] -- Up-to-date: /home/unitree/Desktop/unitree_dex3/install/fcl/include/fcl/math/motion/taylor_model/taylor_matrix-inl.h
[0.846s] -- Up-to-date: /home/unitree/Desktop/unitree_dex3/install/fcl/include/fcl/math/motion/taylor_model/time_interval-inl.h
[0.846s] -- Up-to-date: /home/unitree/Desktop/unitree_dex3/install/fcl/include/fcl/math/motion/taylor_model/interval_matrix.h
[0.846s] -- Up-to-date: /home/unitree/Desktop/unitree_dex3/install/fcl/include/fcl/math/motion/interp_motion.h
[0.846s] -- Up-to-date: /home/unitree/Desktop/unitree_dex3/install/fcl/include/fcl/math/motion/interp_motion-inl.h
[0.846s] -- Up-to-date: /home/unitree/Desktop/unitree_dex3/install/fcl/include/fcl/math/motion/tbv_motion_bound_visitor-inl.h
[0.846s] -- Up-to-date: /home/unitree/Desktop/unitree_dex3/install/fcl/include/fcl/math/motion/spline_motion-inl.h
[0.846s] -- Up-to-date: /home/unitree/Desktop/unitree_dex3/install/fcl/include/fcl/math/motion/triangle_motion_bound_visitor.h
[0.846s] -- Up-to-date: /home/unitree/Desktop/unitree_dex3/install/fcl/include/fcl/math/variance3-inl.h
[0.846s] -- Up-to-date: /home/unitree/Desktop/unitree_dex3/install/fcl/include/fcl/math/constants.h
[0.846s] -- Up-to-date: /home/unitree/Desktop/unitree_dex3/install/fcl/include/fcl/math/geometry-inl.h
[0.847s] -- Up-to-date: /home/unitree/Desktop/unitree_dex3/install/fcl/include/fcl/math/bv
[0.847s] -- Up-to-date: /home/unitree/Desktop/unitree_dex3/install/fcl/include/fcl/math/bv/kIOS.h
[0.847s] -- Up-to-date: /home/unitree/Desktop/unitree_dex3/install/fcl/include/fcl/math/bv/OBB-inl.h
[0.847s] -- Up-to-date: /home/unitree/Desktop/unitree_dex3/install/fcl/include/fcl/math/bv/RSS-inl.h
[0.847s] -- Up-to-date: /home/unitree/Desktop/unitree_dex3/install/fcl/include/fcl/math/bv/OBB.h
[0.847s] -- Up-to-date: /home/unitree/Desktop/unitree_dex3/install/fcl/include/fcl/math/bv/RSS.h
[0.847s] -- Up-to-date: /home/unitree/Desktop/unitree_dex3/install/fcl/include/fcl/math/bv/OBBRSS-inl.h
[0.847s] -- Up-to-date: /home/unitree/Desktop/unitree_dex3/install/fcl/include/fcl/math/bv/OBBRSS.h
[0.847s] -- Up-to-date: /home/unitree/Desktop/unitree_dex3/install/fcl/include/fcl/math/bv/kIOS-inl.h
[0.847s] -- Up-to-date: /home/unitree/Desktop/unitree_dex3/install/fcl/include/fcl/math/bv/kDOP-inl.h
[0.848s] -- Up-to-date: /home/unitree/Desktop/unitree_dex3/install/fcl/include/fcl/math/bv/AABB.h
[0.848s] -- Up-to-date: /home/unitree/Desktop/unitree_dex3/install/fcl/include/fcl/math/bv/kDOP.h
[0.848s] -- Up-to-date: /home/unitree/Desktop/unitree_dex3/install/fcl/include/fcl/math/bv/utility.h
[0.848s] -- Up-to-date: /home/unitree/Desktop/unitree_dex3/install/fcl/include/fcl/math/bv/utility-inl.h
[0.848s] -- Up-to-date: /home/unitree/Desktop/unitree_dex3/install/fcl/include/fcl/math/bv/AABB-inl.h
[0.848s] -- Up-to-date: /home/unitree/Desktop/unitree_dex3/install/fcl/include/fcl/math/sampler
[0.848s] -- Up-to-date: /home/unitree/Desktop/unitree_dex3/install/fcl/include/fcl/math/sampler/sampler_se3_quat_ball.h
[0.848s] -- Up-to-date: /home/unitree/Desktop/unitree_dex3/install/fcl/include/fcl/math/sampler/sampler_se3_euler_ball.h
[0.848s] -- Up-to-date: /home/unitree/Desktop/unitree_dex3/install/fcl/include/fcl/math/sampler/sampler_se3_quat_ball-inl.h
[0.849s] -- Up-to-date: /home/unitree/Desktop/unitree_dex3/install/fcl/include/fcl/math/sampler/sampler_base.h
[0.849s] -- Up-to-date: /home/unitree/Desktop/unitree_dex3/install/fcl/include/fcl/math/sampler/sampler_se3_euler.h
[0.849s] -- Up-to-date: /home/unitree/Desktop/unitree_dex3/install/fcl/include/fcl/math/sampler/sampler_r.h
[0.849s] -- Up-to-date: /home/unitree/Desktop/unitree_dex3/install/fcl/include/fcl/math/sampler/sampler_se3_euler_ball-inl.h
[0.849s] -- Up-to-date: /home/unitree/Desktop/unitree_dex3/install/fcl/include/fcl/math/sampler/sampler_se3_quat.h
[0.849s] -- Up-to-date: /home/unitree/Desktop/unitree_dex3/install/fcl/include/fcl/math/sampler/sampler_se3_quat-inl.h
[0.849s] -- Up-to-date: /home/unitree/Desktop/unitree_dex3/install/fcl/include/fcl/math/sampler/sampler_se2.h
[0.850s] -- Up-to-date: /home/unitree/Desktop/unitree_dex3/install/fcl/include/fcl/math/sampler/sampler_r-inl.h
[0.850s] -- Up-to-date: /home/unitree/Desktop/unitree_dex3/install/fcl/include/fcl/math/sampler/sampler_se3_euler-inl.h
[0.850s] -- Up-to-date: /home/unitree/Desktop/unitree_dex3/install/fcl/include/fcl/math/sampler/sampler_se2-inl.h
[0.850s] -- Up-to-date: /home/unitree/Desktop/unitree_dex3/install/fcl/include/fcl/math/sampler/sampler_se2_disk.h
[0.850s] -- Up-to-date: /home/unitree/Desktop/unitree_dex3/install/fcl/include/fcl/math/sampler/sampler_se2_disk-inl.h
[0.850s] -- Up-to-date: /home/unitree/Desktop/unitree_dex3/install/fcl/include/fcl/math/triangle.h
[0.850s] -- Up-to-date: /home/unitree/Desktop/unitree_dex3/install/fcl/include/fcl/math/rng.h
[0.850s] -- Up-to-date: /home/unitree/Desktop/unitree_dex3/install/fcl/include/fcl/math/detail
[0.850s] -- Up-to-date: /home/unitree/Desktop/unitree_dex3/install/fcl/include/fcl/math/detail/project-inl.h
[0.850s] -- Up-to-date: /home/unitree/Desktop/unitree_dex3/install/fcl/include/fcl/math/detail/polysolver.h
[0.851s] -- Up-to-date: /home/unitree/Desktop/unitree_dex3/install/fcl/include/fcl/math/detail/seed.h
[0.851s] -- Up-to-date: /home/unitree/Desktop/unitree_dex3/install/fcl/include/fcl/math/detail/polysolver-inl.h
[0.851s] -- Up-to-date: /home/unitree/Desktop/unitree_dex3/install/fcl/include/fcl/math/detail/project.h
[0.851s] -- Up-to-date: /home/unitree/Desktop/unitree_dex3/install/fcl/include/fcl/math/geometry.h
[0.851s] -- Up-to-date: /home/unitree/Desktop/unitree_dex3/install/fcl/include/fcl/math/variance3.h
[0.851s] -- Up-to-date: /home/unitree/Desktop/unitree_dex3/install/fcl/include/fcl/broadphase
[0.851s] -- Up-to-date: /home/unitree/Desktop/unitree_dex3/install/fcl/include/fcl/broadphase/broadphase_bruteforce-inl.h
[0.851s] -- Up-to-date: /home/unitree/Desktop/unitree_dex3/install/fcl/include/fcl/broadphase/broadphase_collision_manager-inl.h
[0.851s] -- Up-to-date: /home/unitree/Desktop/unitree_dex3/install/fcl/include/fcl/broadphase/broadphase_dynamic_AABB_tree-inl.h
[0.851s] -- Up-to-date: /home/unitree/Desktop/unitree_dex3/install/fcl/include/fcl/broadphase/broadphase_SSaP.h
[0.852s] -- Up-to-date: /home/unitree/Desktop/unitree_dex3/install/fcl/include/fcl/broadphase/broadphase_spatialhash-inl.h
[0.852s] -- Up-to-date: /home/unitree/Desktop/unitree_dex3/install/fcl/include/fcl/broadphase/broadphase_SaP.h
[0.852s] -- Up-to-date: /home/unitree/Desktop/unitree_dex3/install/fcl/include/fcl/broadphase/broadphase_continuous_collision_manager.h
[0.852s] -- Up-to-date: /home/unitree/Desktop/unitree_dex3/install/fcl/include/fcl/broadphase/default_broadphase_callbacks.h
[0.852s] -- Up-to-date: /home/unitree/Desktop/unitree_dex3/install/fcl/include/fcl/broadphase/broadphase_interval_tree.h
[0.852s] -- Up-to-date: /home/unitree/Desktop/unitree_dex3/install/fcl/include/fcl/broadphase/broadphase_SSaP-inl.h
[0.852s] -- Up-to-date: /home/unitree/Desktop/unitree_dex3/install/fcl/include/fcl/broadphase/broadphase_dynamic_AABB_tree_array-inl.h
[0.852s] -- Up-to-date: /home/unitree/Desktop/unitree_dex3/install/fcl/include/fcl/broadphase/broadphase_SaP-inl.h
[0.852s] -- Up-to-date: /home/unitree/Desktop/unitree_dex3/install/fcl/include/fcl/broadphase/broadphase_dynamic_AABB_tree.h
[0.853s] -- Up-to-date: /home/unitree/Desktop/unitree_dex3/install/fcl/include/fcl/broadphase/broadphase_collision_manager.h
[0.853s] -- Up-to-date: /home/unitree/Desktop/unitree_dex3/install/fcl/include/fcl/broadphase/broadphase_continuous_collision_manager-inl.h
[0.853s] -- Up-to-date: /home/unitree/Desktop/unitree_dex3/install/fcl/include/fcl/broadphase/broadphase_interval_tree-inl.h
[0.853s] -- Up-to-date: /home/unitree/Desktop/unitree_dex3/install/fcl/include/fcl/broadphase/broadphase_dynamic_AABB_tree_array.h
[0.853s] -- Up-to-date: /home/unitree/Desktop/unitree_dex3/install/fcl/include/fcl/broadphase/detail
[0.853s] -- Up-to-date: /home/unitree/Desktop/unitree_dex3/install/fcl/include/fcl/broadphase/detail/simple_interval.h
[0.853s] -- Up-to-date: /home/unitree/Desktop/unitree_dex3/install/fcl/include/fcl/broadphase/detail/hierarchy_tree_array-inl.h
[0.853s] -- Up-to-date: /home/unitree/Desktop/unitree_dex3/install/fcl/include/fcl/broadphase/detail/simple_interval-inl.h
[0.853s] -- Up-to-date: /home/unitree/Desktop/unitree_dex3/install/fcl/include/fcl/broadphase/detail/hierarchy_tree-inl.h
[0.854s] -- Up-to-date: /home/unitree/Desktop/unitree_dex3/install/fcl/include/fcl/broadphase/detail/spatial_hash.h
[0.854s] -- Up-to-date: /home/unitree/Desktop/unitree_dex3/install/fcl/include/fcl/broadphase/detail/node_base.h
[0.854s] -- Up-to-date: /home/unitree/Desktop/unitree_dex3/install/fcl/include/fcl/broadphase/detail/interval_tree.h
[0.854s] -- Up-to-date: /home/unitree/Desktop/unitree_dex3/install/fcl/include/fcl/broadphase/detail/simple_hash_table.h
[0.854s] -- Up-to-date: /home/unitree/Desktop/unitree_dex3/install/fcl/include/fcl/broadphase/detail/hierarchy_tree_array.h
[0.854s] -- Up-to-date: /home/unitree/Desktop/unitree_dex3/install/fcl/include/fcl/broadphase/detail/spatial_hash-inl.h
[0.854s] -- Up-to-date: /home/unitree/Desktop/unitree_dex3/install/fcl/include/fcl/broadphase/detail/morton.h
[0.854s] -- Up-to-date: /home/unitree/Desktop/unitree_dex3/install/fcl/include/fcl/broadphase/detail/hierarchy_tree.h
[0.854s] -- Up-to-date: /home/unitree/Desktop/unitree_dex3/install/fcl/include/fcl/broadphase/detail/interval_tree_node.h
[0.854s] -- Up-to-date: /home/unitree/Desktop/unitree_dex3/install/fcl/include/fcl/broadphase/detail/node_base-inl.h
[0.855s] -- Up-to-date: /home/unitree/Desktop/unitree_dex3/install/fcl/include/fcl/broadphase/detail/simple_hash_table-inl.h
[0.855s] -- Up-to-date: /home/unitree/Desktop/unitree_dex3/install/fcl/include/fcl/broadphase/detail/interval_tree-inl.h
[0.855s] -- Up-to-date: /home/unitree/Desktop/unitree_dex3/install/fcl/include/fcl/broadphase/detail/sparse_hash_table.h
[0.855s] -- Up-to-date: /home/unitree/Desktop/unitree_dex3/install/fcl/include/fcl/broadphase/detail/morton-inl.h
[0.855s] -- Up-to-date: /home/unitree/Desktop/unitree_dex3/install/fcl/include/fcl/broadphase/detail/node_base_array-inl.h
[0.855s] -- Up-to-date: /home/unitree/Desktop/unitree_dex3/install/fcl/include/fcl/broadphase/detail/sparse_hash_table-inl.h
[0.855s] -- Up-to-date: /home/unitree/Desktop/unitree_dex3/install/fcl/include/fcl/broadphase/detail/node_base_array.h
[0.855s] -- Up-to-date: /home/unitree/Desktop/unitree_dex3/install/fcl/include/fcl/broadphase/detail/interval_tree_node-inl.h
[0.855s] -- Up-to-date: /home/unitree/Desktop/unitree_dex3/install/fcl/include/fcl/broadphase/broadphase_spatialhash.h
[0.856s] -- Up-to-date: /home/unitree/Desktop/unitree_dex3/install/fcl/include/fcl/broadphase/broadphase_bruteforce.h
[0.856s] Invoked command in '/home/unitree/Desktop/unitree_dex3/build/fcl' returned '0': CMAKE_PREFIX_PATH=${CMAKE_PREFIX_PATH}:/opt/ros/foxy CONDA_PROMPT_MODIFIER=(base) /usr/bin/cmake --install /home/unitree/Desktop/unitree_dex3/build/fcl
