Scanning dependencies of target joint_trajectory_executor
[  5%] Building CXX object CMakeFiles/joint_trajectory_executor.dir/src/joint_trajectory_executor.cpp.o
[ 11%] Linking CXX executable joint_trajectory_executor
[ 11%] Built target joint_trajectory_executor
[ 22%] Built target ik_fcl_ompl_planner
[ 33%] Built target project_to_3d_node
[ 44%] Built target visual_detection_yolo_tester
[ 55%] Built target detection_to_goal_node
[ 66%] Built target visual_detection_tester
[ 77%] Built target right_hand_pressure_monitor
[ 88%] Built target dex3_controller
[100%] Built target joint_state_publisher
-- Install configuration: ""
-- Execute custom install script
-- Up-to-date symlink: /home/unitree/Desktop/unitree_dex3/install/unitree_g1_dex3_stack/lib/unitree_g1_dex3_stack/joint_state_publisher
-- Up-to-date symlink: /home/unitree/Desktop/unitree_dex3/install/unitree_g1_dex3_stack/lib/unitree_g1_dex3_stack/dex3_controller
-- Up-to-date symlink: /home/unitree/Desktop/unitree_dex3/install/unitree_g1_dex3_stack/lib/unitree_g1_dex3_stack/joint_trajectory_executor
-- Up-to-date symlink: /home/unitree/Desktop/unitree_dex3/install/unitree_g1_dex3_stack/lib/unitree_g1_dex3_stack/project_to_3d_node
-- Up-to-date symlink: /home/unitree/Desktop/unitree_dex3/install/unitree_g1_dex3_stack/lib/unitree_g1_dex3_stack/detection_to_goal_node
-- Up-to-date symlink: /home/unitree/Desktop/unitree_dex3/install/unitree_g1_dex3_stack/lib/unitree_g1_dex3_stack/right_hand_pressure_monitor
-- Up-to-date symlink: /home/unitree/Desktop/unitree_dex3/install/unitree_g1_dex3_stack/lib/unitree_g1_dex3_stack/visual_detection_tester
-- Up-to-date symlink: /home/unitree/Desktop/unitree_dex3/install/unitree_g1_dex3_stack/lib/unitree_g1_dex3_stack/visual_detection_yolo_tester
-- Up-to-date symlink: /home/unitree/Desktop/unitree_dex3/install/unitree_g1_dex3_stack/lib/unitree_g1_dex3_stack/ik_fcl_ompl_planner
-- Up-to-date symlink: /home/unitree/Desktop/unitree_dex3/install/unitree_g1_dex3_stack/lib/unitree_g1_dex3_stack/ultralytics_detector.py
-- Up-to-date symlink: /home/unitree/Desktop/unitree_dex3/install/unitree_g1_dex3_stack/share/unitree_g1_dex3_stack/launch/__pycache__/perception.launch.cpython-38.pyc
-- Up-to-date symlink: /home/unitree/Desktop/unitree_dex3/install/unitree_g1_dex3_stack/share/unitree_g1_dex3_stack/launch/control.launch.py
-- Up-to-date symlink: /home/unitree/Desktop/unitree_dex3/install/unitree_g1_dex3_stack/share/unitree_g1_dex3_stack/launch/perception.launch.py
-- Up-to-date symlink: /home/unitree/Desktop/unitree_dex3/install/unitree_g1_dex3_stack/share/unitree_g1_dex3_stack/launch/planner.launch.py
-- Up-to-date symlink: /home/unitree/Desktop/unitree_dex3/install/unitree_g1_dex3_stack/share/unitree_g1_dex3_stack/launch/robot.launch.py
-- Up-to-date symlink: /home/unitree/Desktop/unitree_dex3/install/unitree_g1_dex3_stack/share/unitree_g1_dex3_stack/launch/visual_detect_click.launch.py
-- Up-to-date symlink: /home/unitree/Desktop/unitree_dex3/install/unitree_g1_dex3_stack/share/unitree_g1_dex3_stack/launch/visual_detect_yolo.launch.py
-- Up-to-date symlink: /home/unitree/Desktop/unitree_dex3/install/unitree_g1_dex3_stack/share/unitree_g1_dex3_stack/robots/dexterous_hand_description/dex3_1/dex3_1_l.urdf
-- Up-to-date symlink: /home/unitree/Desktop/unitree_dex3/install/unitree_g1_dex3_stack/share/unitree_g1_dex3_stack/robots/dexterous_hand_description/dex3_1/dex3_1_r.urdf
-- Up-to-date symlink: /home/unitree/Desktop/unitree_dex3/install/unitree_g1_dex3_stack/share/unitree_g1_dex3_stack/robots/dexterous_hand_description/dex3_1/meshes/left_hand_index_0_link.STL
-- Up-to-date symlink: /home/unitree/Desktop/unitree_dex3/install/unitree_g1_dex3_stack/share/unitree_g1_dex3_stack/robots/dexterous_hand_description/dex3_1/meshes/left_hand_index_1_link.STL
-- Up-to-date symlink: /home/unitree/Desktop/unitree_dex3/install/unitree_g1_dex3_stack/share/unitree_g1_dex3_stack/robots/dexterous_hand_description/dex3_1/meshes/left_hand_middle_0_link.STL
-- Up-to-date symlink: /home/unitree/Desktop/unitree_dex3/install/unitree_g1_dex3_stack/share/unitree_g1_dex3_stack/robots/dexterous_hand_description/dex3_1/meshes/left_hand_middle_1_link.STL
-- Up-to-date symlink: /home/unitree/Desktop/unitree_dex3/install/unitree_g1_dex3_stack/share/unitree_g1_dex3_stack/robots/dexterous_hand_description/dex3_1/meshes/left_hand_palm_link.STL
-- Up-to-date symlink: /home/unitree/Desktop/unitree_dex3/install/unitree_g1_dex3_stack/share/unitree_g1_dex3_stack/robots/dexterous_hand_description/dex3_1/meshes/left_hand_thumb_0_link.STL
-- Up-to-date symlink: /home/unitree/Desktop/unitree_dex3/install/unitree_g1_dex3_stack/share/unitree_g1_dex3_stack/robots/dexterous_hand_description/dex3_1/meshes/left_hand_thumb_1_link.STL
-- Up-to-date symlink: /home/unitree/Desktop/unitree_dex3/install/unitree_g1_dex3_stack/share/unitree_g1_dex3_stack/robots/dexterous_hand_description/dex3_1/meshes/left_hand_thumb_2_link.STL
-- Up-to-date symlink: /home/unitree/Desktop/unitree_dex3/install/unitree_g1_dex3_stack/share/unitree_g1_dex3_stack/robots/dexterous_hand_description/dex3_1/meshes/right_hand_index_0_link.STL
-- Up-to-date symlink: /home/unitree/Desktop/unitree_dex3/install/unitree_g1_dex3_stack/share/unitree_g1_dex3_stack/robots/dexterous_hand_description/dex3_1/meshes/right_hand_index_1_link.STL
-- Up-to-date symlink: /home/unitree/Desktop/unitree_dex3/install/unitree_g1_dex3_stack/share/unitree_g1_dex3_stack/robots/dexterous_hand_description/dex3_1/meshes/right_hand_middle_0_link.STL
-- Up-to-date symlink: /home/unitree/Desktop/unitree_dex3/install/unitree_g1_dex3_stack/share/unitree_g1_dex3_stack/robots/dexterous_hand_description/dex3_1/meshes/right_hand_middle_1_link.STL
-- Up-to-date symlink: /home/unitree/Desktop/unitree_dex3/install/unitree_g1_dex3_stack/share/unitree_g1_dex3_stack/robots/dexterous_hand_description/dex3_1/meshes/right_hand_palm_link.STL
-- Up-to-date symlink: /home/unitree/Desktop/unitree_dex3/install/unitree_g1_dex3_stack/share/unitree_g1_dex3_stack/robots/dexterous_hand_description/dex3_1/meshes/right_hand_thumb_0_link.STL
-- Up-to-date symlink: /home/unitree/Desktop/unitree_dex3/install/unitree_g1_dex3_stack/share/unitree_g1_dex3_stack/robots/dexterous_hand_description/dex3_1/meshes/right_hand_thumb_1_link.STL
-- Up-to-date symlink: /home/unitree/Desktop/unitree_dex3/install/unitree_g1_dex3_stack/share/unitree_g1_dex3_stack/robots/dexterous_hand_description/dex3_1/meshes/right_hand_thumb_2_link.STL
-- Up-to-date symlink: /home/unitree/Desktop/unitree_dex3/install/unitree_g1_dex3_stack/share/unitree_g1_dex3_stack/robots/g1_description/collision_trimesh.py
-- Up-to-date symlink: /home/unitree/Desktop/unitree_dex3/install/unitree_g1_dex3_stack/share/unitree_g1_dex3_stack/robots/g1_description/g1_29dof_lock_waist_with_hand_rev_1_0.urdf
-- Up-to-date symlink: /home/unitree/Desktop/unitree_dex3/install/unitree_g1_dex3_stack/share/unitree_g1_dex3_stack/robots/g1_description/g1_29dof_lock_waist_with_hand_rev_1_0_collision_primitives.urdf
-- Up-to-date symlink: /home/unitree/Desktop/unitree_dex3/install/unitree_g1_dex3_stack/share/unitree_g1_dex3_stack/robots/g1_description/g1_29dof_with_hand_rev_1_0.urdf
-- Up-to-date symlink: /home/unitree/Desktop/unitree_dex3/install/unitree_g1_dex3_stack/share/unitree_g1_dex3_stack/robots/g1_description/meshes/L_hand_base_link.STL
-- Up-to-date symlink: /home/unitree/Desktop/unitree_dex3/install/unitree_g1_dex3_stack/share/unitree_g1_dex3_stack/robots/g1_description/meshes/Link11_L.STL
-- Up-to-date symlink: /home/unitree/Desktop/unitree_dex3/install/unitree_g1_dex3_stack/share/unitree_g1_dex3_stack/robots/g1_description/meshes/Link11_R.STL
-- Up-to-date symlink: /home/unitree/Desktop/unitree_dex3/install/unitree_g1_dex3_stack/share/unitree_g1_dex3_stack/robots/g1_description/meshes/Link12_L.STL
-- Up-to-date symlink: /home/unitree/Desktop/unitree_dex3/install/unitree_g1_dex3_stack/share/unitree_g1_dex3_stack/robots/g1_description/meshes/Link12_R.STL
-- Up-to-date symlink: /home/unitree/Desktop/unitree_dex3/install/unitree_g1_dex3_stack/share/unitree_g1_dex3_stack/robots/g1_description/meshes/Link13_L.STL
-- Up-to-date symlink: /home/unitree/Desktop/unitree_dex3/install/unitree_g1_dex3_stack/share/unitree_g1_dex3_stack/robots/g1_description/meshes/Link13_R.STL
-- Up-to-date symlink: /home/unitree/Desktop/unitree_dex3/install/unitree_g1_dex3_stack/share/unitree_g1_dex3_stack/robots/g1_description/meshes/Link14_L.STL
-- Up-to-date symlink: /home/unitree/Desktop/unitree_dex3/install/unitree_g1_dex3_stack/share/unitree_g1_dex3_stack/robots/g1_description/meshes/Link14_R.STL
-- Up-to-date symlink: /home/unitree/Desktop/unitree_dex3/install/unitree_g1_dex3_stack/share/unitree_g1_dex3_stack/robots/g1_description/meshes/Link15_L.STL
-- Up-to-date symlink: /home/unitree/Desktop/unitree_dex3/install/unitree_g1_dex3_stack/share/unitree_g1_dex3_stack/robots/g1_description/meshes/Link15_R.STL
-- Up-to-date symlink: /home/unitree/Desktop/unitree_dex3/install/unitree_g1_dex3_stack/share/unitree_g1_dex3_stack/robots/g1_description/meshes/Link16_L.STL
-- Up-to-date symlink: /home/unitree/Desktop/unitree_dex3/install/unitree_g1_dex3_stack/share/unitree_g1_dex3_stack/robots/g1_description/meshes/Link16_R.STL
-- Up-to-date symlink: /home/unitree/Desktop/unitree_dex3/install/unitree_g1_dex3_stack/share/unitree_g1_dex3_stack/robots/g1_description/meshes/Link17_L.STL
-- Up-to-date symlink: /home/unitree/Desktop/unitree_dex3/install/unitree_g1_dex3_stack/share/unitree_g1_dex3_stack/robots/g1_description/meshes/Link17_R.STL
-- Up-to-date symlink: /home/unitree/Desktop/unitree_dex3/install/unitree_g1_dex3_stack/share/unitree_g1_dex3_stack/robots/g1_description/meshes/Link18_L.STL
-- Up-to-date symlink: /home/unitree/Desktop/unitree_dex3/install/unitree_g1_dex3_stack/share/unitree_g1_dex3_stack/robots/g1_description/meshes/Link18_R.STL
-- Up-to-date symlink: /home/unitree/Desktop/unitree_dex3/install/unitree_g1_dex3_stack/share/unitree_g1_dex3_stack/robots/g1_description/meshes/Link19_L.STL
-- Up-to-date symlink: /home/unitree/Desktop/unitree_dex3/install/unitree_g1_dex3_stack/share/unitree_g1_dex3_stack/robots/g1_description/meshes/Link19_R.STL
-- Up-to-date symlink: /home/unitree/Desktop/unitree_dex3/install/unitree_g1_dex3_stack/share/unitree_g1_dex3_stack/robots/g1_description/meshes/Link20_L.STL
-- Up-to-date symlink: /home/unitree/Desktop/unitree_dex3/install/unitree_g1_dex3_stack/share/unitree_g1_dex3_stack/robots/g1_description/meshes/Link20_R.STL
-- Up-to-date symlink: /home/unitree/Desktop/unitree_dex3/install/unitree_g1_dex3_stack/share/unitree_g1_dex3_stack/robots/g1_description/meshes/Link21_L.STL
-- Up-to-date symlink: /home/unitree/Desktop/unitree_dex3/install/unitree_g1_dex3_stack/share/unitree_g1_dex3_stack/robots/g1_description/meshes/Link21_R.STL
-- Up-to-date symlink: /home/unitree/Desktop/unitree_dex3/install/unitree_g1_dex3_stack/share/unitree_g1_dex3_stack/robots/g1_description/meshes/Link22_L.STL
-- Up-to-date symlink: /home/unitree/Desktop/unitree_dex3/install/unitree_g1_dex3_stack/share/unitree_g1_dex3_stack/robots/g1_description/meshes/Link22_R.STL
-- Up-to-date symlink: /home/unitree/Desktop/unitree_dex3/install/unitree_g1_dex3_stack/share/unitree_g1_dex3_stack/robots/g1_description/meshes/R_hand_base_link.STL
-- Up-to-date symlink: /home/unitree/Desktop/unitree_dex3/install/unitree_g1_dex3_stack/share/unitree_g1_dex3_stack/robots/g1_description/meshes/d455_link.STL
-- Up-to-date symlink: /home/unitree/Desktop/unitree_dex3/install/unitree_g1_dex3_stack/share/unitree_g1_dex3_stack/robots/g1_description/meshes/head_link.STL
-- Up-to-date symlink: /home/unitree/Desktop/unitree_dex3/install/unitree_g1_dex3_stack/share/unitree_g1_dex3_stack/robots/g1_description/meshes/head_servo_link.STL
-- Up-to-date symlink: /home/unitree/Desktop/unitree_dex3/install/unitree_g1_dex3_stack/share/unitree_g1_dex3_stack/robots/g1_description/meshes/left_ankle_pitch_link.STL
-- Up-to-date symlink: /home/unitree/Desktop/unitree_dex3/install/unitree_g1_dex3_stack/share/unitree_g1_dex3_stack/robots/g1_description/meshes/left_ankle_roll_link.STL
-- Up-to-date symlink: /home/unitree/Desktop/unitree_dex3/install/unitree_g1_dex3_stack/share/unitree_g1_dex3_stack/robots/g1_description/meshes/left_base_link.STL
-- Up-to-date symlink: /home/unitree/Desktop/unitree_dex3/install/unitree_g1_dex3_stack/share/unitree_g1_dex3_stack/robots/g1_description/meshes/left_elbow_link.STL
-- Up-to-date symlink: /home/unitree/Desktop/unitree_dex3/install/unitree_g1_dex3_stack/share/unitree_g1_dex3_stack/robots/g1_description/meshes/left_hand_index_0_link.STL
-- Up-to-date symlink: /home/unitree/Desktop/unitree_dex3/install/unitree_g1_dex3_stack/share/unitree_g1_dex3_stack/robots/g1_description/meshes/left_hand_index_1_link.STL
-- Up-to-date symlink: /home/unitree/Desktop/unitree_dex3/install/unitree_g1_dex3_stack/share/unitree_g1_dex3_stack/robots/g1_description/meshes/left_hand_middle_0_link.STL
-- Up-to-date symlink: /home/unitree/Desktop/unitree_dex3/install/unitree_g1_dex3_stack/share/unitree_g1_dex3_stack/robots/g1_description/meshes/left_hand_middle_1_link.STL
-- Up-to-date symlink: /home/unitree/Desktop/unitree_dex3/install/unitree_g1_dex3_stack/share/unitree_g1_dex3_stack/robots/g1_description/meshes/left_hand_palm_link.STL
-- Up-to-date symlink: /home/unitree/Desktop/unitree_dex3/install/unitree_g1_dex3_stack/share/unitree_g1_dex3_stack/robots/g1_description/meshes/left_hand_thumb_0_link.STL
-- Up-to-date symlink: /home/unitree/Desktop/unitree_dex3/install/unitree_g1_dex3_stack/share/unitree_g1_dex3_stack/robots/g1_description/meshes/left_hand_thumb_1_link.STL
-- Up-to-date symlink: /home/unitree/Desktop/unitree_dex3/install/unitree_g1_dex3_stack/share/unitree_g1_dex3_stack/robots/g1_description/meshes/left_hand_thumb_2_link.STL
-- Up-to-date symlink: /home/unitree/Desktop/unitree_dex3/install/unitree_g1_dex3_stack/share/unitree_g1_dex3_stack/robots/g1_description/meshes/left_hip_pitch_link.STL
-- Up-to-date symlink: /home/unitree/Desktop/unitree_dex3/install/unitree_g1_dex3_stack/share/unitree_g1_dex3_stack/robots/g1_description/meshes/left_hip_roll_link.STL
-- Up-to-date symlink: /home/unitree/Desktop/unitree_dex3/install/unitree_g1_dex3_stack/share/unitree_g1_dex3_stack/robots/g1_description/meshes/left_hip_yaw_link.STL
-- Up-to-date symlink: /home/unitree/Desktop/unitree_dex3/install/unitree_g1_dex3_stack/share/unitree_g1_dex3_stack/robots/g1_description/meshes/left_index_1.STL
-- Up-to-date symlink: /home/unitree/Desktop/unitree_dex3/install/unitree_g1_dex3_stack/share/unitree_g1_dex3_stack/robots/g1_description/meshes/left_index_2.STL
-- Up-to-date symlink: /home/unitree/Desktop/unitree_dex3/install/unitree_g1_dex3_stack/share/unitree_g1_dex3_stack/robots/g1_description/meshes/left_index_force_sensor_1.STL
-- Up-to-date symlink: /home/unitree/Desktop/unitree_dex3/install/unitree_g1_dex3_stack/share/unitree_g1_dex3_stack/robots/g1_description/meshes/left_index_force_sensor_2.STL
-- Up-to-date symlink: /home/unitree/Desktop/unitree_dex3/install/unitree_g1_dex3_stack/share/unitree_g1_dex3_stack/robots/g1_description/meshes/left_index_force_sensor_3.STL
-- Up-to-date symlink: /home/unitree/Desktop/unitree_dex3/install/unitree_g1_dex3_stack/share/unitree_g1_dex3_stack/robots/g1_description/meshes/left_knee_link.STL
-- Up-to-date symlink: /home/unitree/Desktop/unitree_dex3/install/unitree_g1_dex3_stack/share/unitree_g1_dex3_stack/robots/g1_description/meshes/left_little_1.STL
-- Up-to-date symlink: /home/unitree/Desktop/unitree_dex3/install/unitree_g1_dex3_stack/share/unitree_g1_dex3_stack/robots/g1_description/meshes/left_little_2.STL
-- Up-to-date symlink: /home/unitree/Desktop/unitree_dex3/install/unitree_g1_dex3_stack/share/unitree_g1_dex3_stack/robots/g1_description/meshes/left_little_force_sensor_1.STL
-- Up-to-date symlink: /home/unitree/Desktop/unitree_dex3/install/unitree_g1_dex3_stack/share/unitree_g1_dex3_stack/robots/g1_description/meshes/left_little_force_sensor_2.STL
-- Up-to-date symlink: /home/unitree/Desktop/unitree_dex3/install/unitree_g1_dex3_stack/share/unitree_g1_dex3_stack/robots/g1_description/meshes/left_little_force_sensor_3.STL
-- Up-to-date symlink: /home/unitree/Desktop/unitree_dex3/install/unitree_g1_dex3_stack/share/unitree_g1_dex3_stack/robots/g1_description/meshes/left_middle_1.STL
-- Up-to-date symlink: /home/unitree/Desktop/unitree_dex3/install/unitree_g1_dex3_stack/share/unitree_g1_dex3_stack/robots/g1_description/meshes/left_middle_2.STL
-- Up-to-date symlink: /home/unitree/Desktop/unitree_dex3/install/unitree_g1_dex3_stack/share/unitree_g1_dex3_stack/robots/g1_description/meshes/left_middle_force_sensor_1.STL
-- Up-to-date symlink: /home/unitree/Desktop/unitree_dex3/install/unitree_g1_dex3_stack/share/unitree_g1_dex3_stack/robots/g1_description/meshes/left_middle_force_sensor_2.STL
-- Up-to-date symlink: /home/unitree/Desktop/unitree_dex3/install/unitree_g1_dex3_stack/share/unitree_g1_dex3_stack/robots/g1_description/meshes/left_middle_force_sensor_3.STL
-- Up-to-date symlink: /home/unitree/Desktop/unitree_dex3/install/unitree_g1_dex3_stack/share/unitree_g1_dex3_stack/robots/g1_description/meshes/left_palm_force_sensor.STL
-- Up-to-date symlink: /home/unitree/Desktop/unitree_dex3/install/unitree_g1_dex3_stack/share/unitree_g1_dex3_stack/robots/g1_description/meshes/left_ring_1.STL
-- Up-to-date symlink: /home/unitree/Desktop/unitree_dex3/install/unitree_g1_dex3_stack/share/unitree_g1_dex3_stack/robots/g1_description/meshes/left_ring_2.STL
-- Up-to-date symlink: /home/unitree/Desktop/unitree_dex3/install/unitree_g1_dex3_stack/share/unitree_g1_dex3_stack/robots/g1_description/meshes/left_ring_force_sensor_1.STL
-- Up-to-date symlink: /home/unitree/Desktop/unitree_dex3/install/unitree_g1_dex3_stack/share/unitree_g1_dex3_stack/robots/g1_description/meshes/left_ring_force_sensor_2.STL
-- Up-to-date symlink: /home/unitree/Desktop/unitree_dex3/install/unitree_g1_dex3_stack/share/unitree_g1_dex3_stack/robots/g1_description/meshes/left_ring_force_sensor_3.STL
-- Up-to-date symlink: /home/unitree/Desktop/unitree_dex3/install/unitree_g1_dex3_stack/share/unitree_g1_dex3_stack/robots/g1_description/meshes/left_rubber_hand.STL
-- Up-to-date symlink: /home/unitree/Desktop/unitree_dex3/install/unitree_g1_dex3_stack/share/unitree_g1_dex3_stack/robots/g1_description/meshes/left_shoulder_pitch_link.STL
-- Up-to-date symlink: /home/unitree/Desktop/unitree_dex3/install/unitree_g1_dex3_stack/share/unitree_g1_dex3_stack/robots/g1_description/meshes/left_shoulder_roll_link.STL
-- Up-to-date symlink: /home/unitree/Desktop/unitree_dex3/install/unitree_g1_dex3_stack/share/unitree_g1_dex3_stack/robots/g1_description/meshes/left_shoulder_yaw_link.STL
-- Up-to-date symlink: /home/unitree/Desktop/unitree_dex3/install/unitree_g1_dex3_stack/share/unitree_g1_dex3_stack/robots/g1_description/meshes/left_thumb_1.STL
-- Up-to-date symlink: /home/unitree/Desktop/unitree_dex3/install/unitree_g1_dex3_stack/share/unitree_g1_dex3_stack/robots/g1_description/meshes/left_thumb_2.STL
-- Up-to-date symlink: /home/unitree/Desktop/unitree_dex3/install/unitree_g1_dex3_stack/share/unitree_g1_dex3_stack/robots/g1_description/meshes/left_thumb_3.STL
-- Up-to-date symlink: /home/unitree/Desktop/unitree_dex3/install/unitree_g1_dex3_stack/share/unitree_g1_dex3_stack/robots/g1_description/meshes/left_thumb_4.STL
-- Up-to-date symlink: /home/unitree/Desktop/unitree_dex3/install/unitree_g1_dex3_stack/share/unitree_g1_dex3_stack/robots/g1_description/meshes/left_thumb_force_sensor_1.STL
-- Up-to-date symlink: /home/unitree/Desktop/unitree_dex3/install/unitree_g1_dex3_stack/share/unitree_g1_dex3_stack/robots/g1_description/meshes/left_thumb_force_sensor_2.STL
-- Up-to-date symlink: /home/unitree/Desktop/unitree_dex3/install/unitree_g1_dex3_stack/share/unitree_g1_dex3_stack/robots/g1_description/meshes/left_thumb_force_sensor_3.STL
-- Up-to-date symlink: /home/unitree/Desktop/unitree_dex3/install/unitree_g1_dex3_stack/share/unitree_g1_dex3_stack/robots/g1_description/meshes/left_thumb_force_sensor_4.STL
-- Up-to-date symlink: /home/unitree/Desktop/unitree_dex3/install/unitree_g1_dex3_stack/share/unitree_g1_dex3_stack/robots/g1_description/meshes/left_thumb_swing.STL
-- Up-to-date symlink: /home/unitree/Desktop/unitree_dex3/install/unitree_g1_dex3_stack/share/unitree_g1_dex3_stack/robots/g1_description/meshes/left_wrist_pitch_link.STL
-- Up-to-date symlink: /home/unitree/Desktop/unitree_dex3/install/unitree_g1_dex3_stack/share/unitree_g1_dex3_stack/robots/g1_description/meshes/left_wrist_roll_link.STL
-- Up-to-date symlink: /home/unitree/Desktop/unitree_dex3/install/unitree_g1_dex3_stack/share/unitree_g1_dex3_stack/robots/g1_description/meshes/left_wrist_roll_rubber_hand.STL
-- Up-to-date symlink: /home/unitree/Desktop/unitree_dex3/install/unitree_g1_dex3_stack/share/unitree_g1_dex3_stack/robots/g1_description/meshes/left_wrist_yaw_link.STL
-- Up-to-date symlink: /home/unitree/Desktop/unitree_dex3/install/unitree_g1_dex3_stack/share/unitree_g1_dex3_stack/robots/g1_description/meshes/logo_link.STL
-- Up-to-date symlink: /home/unitree/Desktop/unitree_dex3/install/unitree_g1_dex3_stack/share/unitree_g1_dex3_stack/robots/g1_description/meshes/pelvis.STL
-- Up-to-date symlink: /home/unitree/Desktop/unitree_dex3/install/unitree_g1_dex3_stack/share/unitree_g1_dex3_stack/robots/g1_description/meshes/pelvis_contour_link.STL
-- Up-to-date symlink: /home/unitree/Desktop/unitree_dex3/install/unitree_g1_dex3_stack/share/unitree_g1_dex3_stack/robots/g1_description/meshes/right_ankle_pitch_link.STL
-- Up-to-date symlink: /home/unitree/Desktop/unitree_dex3/install/unitree_g1_dex3_stack/share/unitree_g1_dex3_stack/robots/g1_description/meshes/right_ankle_roll_link.STL
-- Up-to-date symlink: /home/unitree/Desktop/unitree_dex3/install/unitree_g1_dex3_stack/share/unitree_g1_dex3_stack/robots/g1_description/meshes/right_base_link.STL
-- Up-to-date symlink: /home/unitree/Desktop/unitree_dex3/install/unitree_g1_dex3_stack/share/unitree_g1_dex3_stack/robots/g1_description/meshes/right_elbow_link.STL
-- Up-to-date symlink: /home/unitree/Desktop/unitree_dex3/install/unitree_g1_dex3_stack/share/unitree_g1_dex3_stack/robots/g1_description/meshes/right_hand_index_0_link.STL
-- Up-to-date symlink: /home/unitree/Desktop/unitree_dex3/install/unitree_g1_dex3_stack/share/unitree_g1_dex3_stack/robots/g1_description/meshes/right_hand_index_1_link.STL
-- Up-to-date symlink: /home/unitree/Desktop/unitree_dex3/install/unitree_g1_dex3_stack/share/unitree_g1_dex3_stack/robots/g1_description/meshes/right_hand_middle_0_link.STL
-- Up-to-date symlink: /home/unitree/Desktop/unitree_dex3/install/unitree_g1_dex3_stack/share/unitree_g1_dex3_stack/robots/g1_description/meshes/right_hand_middle_1_link.STL
-- Up-to-date symlink: /home/unitree/Desktop/unitree_dex3/install/unitree_g1_dex3_stack/share/unitree_g1_dex3_stack/robots/g1_description/meshes/right_hand_palm_link.STL
-- Up-to-date symlink: /home/unitree/Desktop/unitree_dex3/install/unitree_g1_dex3_stack/share/unitree_g1_dex3_stack/robots/g1_description/meshes/right_hand_thumb_0_link.STL
-- Up-to-date symlink: /home/unitree/Desktop/unitree_dex3/install/unitree_g1_dex3_stack/share/unitree_g1_dex3_stack/robots/g1_description/meshes/right_hand_thumb_1_link.STL
-- Up-to-date symlink: /home/unitree/Desktop/unitree_dex3/install/unitree_g1_dex3_stack/share/unitree_g1_dex3_stack/robots/g1_description/meshes/right_hand_thumb_2_link.STL
-- Up-to-date symlink: /home/unitree/Desktop/unitree_dex3/install/unitree_g1_dex3_stack/share/unitree_g1_dex3_stack/robots/g1_description/meshes/right_hip_pitch_link.STL
-- Up-to-date symlink: /home/unitree/Desktop/unitree_dex3/install/unitree_g1_dex3_stack/share/unitree_g1_dex3_stack/robots/g1_description/meshes/right_hip_roll_link.STL
-- Up-to-date symlink: /home/unitree/Desktop/unitree_dex3/install/unitree_g1_dex3_stack/share/unitree_g1_dex3_stack/robots/g1_description/meshes/right_hip_yaw_link.STL
-- Up-to-date symlink: /home/unitree/Desktop/unitree_dex3/install/unitree_g1_dex3_stack/share/unitree_g1_dex3_stack/robots/g1_description/meshes/right_index_1.STL
-- Up-to-date symlink: /home/unitree/Desktop/unitree_dex3/install/unitree_g1_dex3_stack/share/unitree_g1_dex3_stack/robots/g1_description/meshes/right_index_2.STL
-- Up-to-date symlink: /home/unitree/Desktop/unitree_dex3/install/unitree_g1_dex3_stack/share/unitree_g1_dex3_stack/robots/g1_description/meshes/right_index_force_sensor_1.STL
-- Up-to-date symlink: /home/unitree/Desktop/unitree_dex3/install/unitree_g1_dex3_stack/share/unitree_g1_dex3_stack/robots/g1_description/meshes/right_index_force_sensor_2.STL
-- Up-to-date symlink: /home/unitree/Desktop/unitree_dex3/install/unitree_g1_dex3_stack/share/unitree_g1_dex3_stack/robots/g1_description/meshes/right_index_force_sensor_3.STL
-- Up-to-date symlink: /home/unitree/Desktop/unitree_dex3/install/unitree_g1_dex3_stack/share/unitree_g1_dex3_stack/robots/g1_description/meshes/right_knee_link.STL
-- Up-to-date symlink: /home/unitree/Desktop/unitree_dex3/install/unitree_g1_dex3_stack/share/unitree_g1_dex3_stack/robots/g1_description/meshes/right_little_1.STL
-- Up-to-date symlink: /home/unitree/Desktop/unitree_dex3/install/unitree_g1_dex3_stack/share/unitree_g1_dex3_stack/robots/g1_description/meshes/right_little_2.STL
-- Up-to-date symlink: /home/unitree/Desktop/unitree_dex3/install/unitree_g1_dex3_stack/share/unitree_g1_dex3_stack/robots/g1_description/meshes/right_little_force_sensor_1.STL
-- Up-to-date symlink: /home/unitree/Desktop/unitree_dex3/install/unitree_g1_dex3_stack/share/unitree_g1_dex3_stack/robots/g1_description/meshes/right_little_force_sensor_2.STL
-- Up-to-date symlink: /home/unitree/Desktop/unitree_dex3/install/unitree_g1_dex3_stack/share/unitree_g1_dex3_stack/robots/g1_description/meshes/right_little_force_sensor_3.STL
-- Up-to-date symlink: /home/unitree/Desktop/unitree_dex3/install/unitree_g1_dex3_stack/share/unitree_g1_dex3_stack/robots/g1_description/meshes/right_middle_1.STL
-- Up-to-date symlink: /home/unitree/Desktop/unitree_dex3/install/unitree_g1_dex3_stack/share/unitree_g1_dex3_stack/robots/g1_description/meshes/right_middle_2.STL
-- Up-to-date symlink: /home/unitree/Desktop/unitree_dex3/install/unitree_g1_dex3_stack/share/unitree_g1_dex3_stack/robots/g1_description/meshes/right_middle_force_sensor_1.STL
-- Up-to-date symlink: /home/unitree/Desktop/unitree_dex3/install/unitree_g1_dex3_stack/share/unitree_g1_dex3_stack/robots/g1_description/meshes/right_middle_force_sensor_2.STL
-- Up-to-date symlink: /home/unitree/Desktop/unitree_dex3/install/unitree_g1_dex3_stack/share/unitree_g1_dex3_stack/robots/g1_description/meshes/right_middle_force_sensor_3.STL
-- Up-to-date symlink: /home/unitree/Desktop/unitree_dex3/install/unitree_g1_dex3_stack/share/unitree_g1_dex3_stack/robots/g1_description/meshes/right_palm_force_sensor.STL
-- Up-to-date symlink: /home/unitree/Desktop/unitree_dex3/install/unitree_g1_dex3_stack/share/unitree_g1_dex3_stack/robots/g1_description/meshes/right_ring_1.STL
-- Up-to-date symlink: /home/unitree/Desktop/unitree_dex3/install/unitree_g1_dex3_stack/share/unitree_g1_dex3_stack/robots/g1_description/meshes/right_ring_2.STL
-- Up-to-date symlink: /home/unitree/Desktop/unitree_dex3/install/unitree_g1_dex3_stack/share/unitree_g1_dex3_stack/robots/g1_description/meshes/right_ring_force_sensor_1.STL
-- Up-to-date symlink: /home/unitree/Desktop/unitree_dex3/install/unitree_g1_dex3_stack/share/unitree_g1_dex3_stack/robots/g1_description/meshes/right_ring_force_sensor_2.STL
-- Up-to-date symlink: /home/unitree/Desktop/unitree_dex3/install/unitree_g1_dex3_stack/share/unitree_g1_dex3_stack/robots/g1_description/meshes/right_ring_force_sensor_3.STL
-- Up-to-date symlink: /home/unitree/Desktop/unitree_dex3/install/unitree_g1_dex3_stack/share/unitree_g1_dex3_stack/robots/g1_description/meshes/right_rubber_hand.STL
-- Up-to-date symlink: /home/unitree/Desktop/unitree_dex3/install/unitree_g1_dex3_stack/share/unitree_g1_dex3_stack/robots/g1_description/meshes/right_shoulder_pitch_link.STL
-- Up-to-date symlink: /home/unitree/Desktop/unitree_dex3/install/unitree_g1_dex3_stack/share/unitree_g1_dex3_stack/robots/g1_description/meshes/right_shoulder_roll_link.STL
-- Up-to-date symlink: /home/unitree/Desktop/unitree_dex3/install/unitree_g1_dex3_stack/share/unitree_g1_dex3_stack/robots/g1_description/meshes/right_shoulder_yaw_link.STL
-- Up-to-date symlink: /home/unitree/Desktop/unitree_dex3/install/unitree_g1_dex3_stack/share/unitree_g1_dex3_stack/robots/g1_description/meshes/right_thumb_1.STL
-- Up-to-date symlink: /home/unitree/Desktop/unitree_dex3/install/unitree_g1_dex3_stack/share/unitree_g1_dex3_stack/robots/g1_description/meshes/right_thumb_2.STL
-- Up-to-date symlink: /home/unitree/Desktop/unitree_dex3/install/unitree_g1_dex3_stack/share/unitree_g1_dex3_stack/robots/g1_description/meshes/right_thumb_3.STL
-- Up-to-date symlink: /home/unitree/Desktop/unitree_dex3/install/unitree_g1_dex3_stack/share/unitree_g1_dex3_stack/robots/g1_description/meshes/right_thumb_4.STL
-- Up-to-date symlink: /home/unitree/Desktop/unitree_dex3/install/unitree_g1_dex3_stack/share/unitree_g1_dex3_stack/robots/g1_description/meshes/right_thumb_force_sensor_1.STL
-- Up-to-date symlink: /home/unitree/Desktop/unitree_dex3/install/unitree_g1_dex3_stack/share/unitree_g1_dex3_stack/robots/g1_description/meshes/right_thumb_force_sensor_2.STL
-- Up-to-date symlink: /home/unitree/Desktop/unitree_dex3/install/unitree_g1_dex3_stack/share/unitree_g1_dex3_stack/robots/g1_description/meshes/right_thumb_force_sensor_3.STL
-- Up-to-date symlink: /home/unitree/Desktop/unitree_dex3/install/unitree_g1_dex3_stack/share/unitree_g1_dex3_stack/robots/g1_description/meshes/right_thumb_force_sensor_4.STL
-- Up-to-date symlink: /home/unitree/Desktop/unitree_dex3/install/unitree_g1_dex3_stack/share/unitree_g1_dex3_stack/robots/g1_description/meshes/right_wrist_pitch_link.STL
-- Up-to-date symlink: /home/unitree/Desktop/unitree_dex3/install/unitree_g1_dex3_stack/share/unitree_g1_dex3_stack/robots/g1_description/meshes/right_wrist_roll_link.STL
-- Up-to-date symlink: /home/unitree/Desktop/unitree_dex3/install/unitree_g1_dex3_stack/share/unitree_g1_dex3_stack/robots/g1_description/meshes/right_wrist_roll_rubber_hand.STL
-- Up-to-date symlink: /home/unitree/Desktop/unitree_dex3/install/unitree_g1_dex3_stack/share/unitree_g1_dex3_stack/robots/g1_description/meshes/right_wrist_yaw_link.STL
-- Up-to-date symlink: /home/unitree/Desktop/unitree_dex3/install/unitree_g1_dex3_stack/share/unitree_g1_dex3_stack/robots/g1_description/meshes/torso_constraint_L_link.STL
-- Up-to-date symlink: /home/unitree/Desktop/unitree_dex3/install/unitree_g1_dex3_stack/share/unitree_g1_dex3_stack/robots/g1_description/meshes/torso_constraint_L_rod_link.STL
-- Up-to-date symlink: /home/unitree/Desktop/unitree_dex3/install/unitree_g1_dex3_stack/share/unitree_g1_dex3_stack/robots/g1_description/meshes/torso_constraint_R_link.STL
-- Up-to-date symlink: /home/unitree/Desktop/unitree_dex3/install/unitree_g1_dex3_stack/share/unitree_g1_dex3_stack/robots/g1_description/meshes/torso_constraint_R_rod_link.STL
-- Up-to-date symlink: /home/unitree/Desktop/unitree_dex3/install/unitree_g1_dex3_stack/share/unitree_g1_dex3_stack/robots/g1_description/meshes/torso_link.STL
-- Up-to-date symlink: /home/unitree/Desktop/unitree_dex3/install/unitree_g1_dex3_stack/share/unitree_g1_dex3_stack/robots/g1_description/meshes/torso_link_23dof_rev_1_0.STL
-- Up-to-date symlink: /home/unitree/Desktop/unitree_dex3/install/unitree_g1_dex3_stack/share/unitree_g1_dex3_stack/robots/g1_description/meshes/torso_link_rev_1_0.STL
-- Up-to-date symlink: /home/unitree/Desktop/unitree_dex3/install/unitree_g1_dex3_stack/share/unitree_g1_dex3_stack/robots/g1_description/meshes/waist_constraint_L.STL
-- Up-to-date symlink: /home/unitree/Desktop/unitree_dex3/install/unitree_g1_dex3_stack/share/unitree_g1_dex3_stack/robots/g1_description/meshes/waist_constraint_R.STL
-- Up-to-date symlink: /home/unitree/Desktop/unitree_dex3/install/unitree_g1_dex3_stack/share/unitree_g1_dex3_stack/robots/g1_description/meshes/waist_roll_link.STL
-- Up-to-date symlink: /home/unitree/Desktop/unitree_dex3/install/unitree_g1_dex3_stack/share/unitree_g1_dex3_stack/robots/g1_description/meshes/waist_roll_link_rev_1_0.STL
-- Up-to-date symlink: /home/unitree/Desktop/unitree_dex3/install/unitree_g1_dex3_stack/share/unitree_g1_dex3_stack/robots/g1_description/meshes/waist_support_link.STL
-- Up-to-date symlink: /home/unitree/Desktop/unitree_dex3/install/unitree_g1_dex3_stack/share/unitree_g1_dex3_stack/robots/g1_description/meshes/waist_yaw_link.STL
-- Up-to-date symlink: /home/unitree/Desktop/unitree_dex3/install/unitree_g1_dex3_stack/share/unitree_g1_dex3_stack/robots/g1_description/meshes/waist_yaw_link_rev_1_0.STL
-- Up-to-date symlink: /home/unitree/Desktop/unitree_dex3/install/unitree_g1_dex3_stack/share/unitree_g1_dex3_stack/robots/g1_description/meshes/xl330_link.STL
-- Up-to-date symlink: /home/unitree/Desktop/unitree_dex3/install/unitree_g1_dex3_stack/share/ament_index/resource_index/package_run_dependencies/unitree_g1_dex3_stack
-- Up-to-date symlink: /home/unitree/Desktop/unitree_dex3/install/unitree_g1_dex3_stack/share/ament_index/resource_index/parent_prefix_path/unitree_g1_dex3_stack
-- Up-to-date symlink: /home/unitree/Desktop/unitree_dex3/install/unitree_g1_dex3_stack/share/unitree_g1_dex3_stack/environment/ament_prefix_path.sh
-- Up-to-date symlink: /home/unitree/Desktop/unitree_dex3/install/unitree_g1_dex3_stack/share/unitree_g1_dex3_stack/environment/ament_prefix_path.dsv
-- Up-to-date symlink: /home/unitree/Desktop/unitree_dex3/install/unitree_g1_dex3_stack/share/unitree_g1_dex3_stack/environment/path.sh
-- Up-to-date symlink: /home/unitree/Desktop/unitree_dex3/install/unitree_g1_dex3_stack/share/unitree_g1_dex3_stack/environment/path.dsv
-- Up-to-date symlink: /home/unitree/Desktop/unitree_dex3/install/unitree_g1_dex3_stack/share/unitree_g1_dex3_stack/local_setup.bash
-- Up-to-date symlink: /home/unitree/Desktop/unitree_dex3/install/unitree_g1_dex3_stack/share/unitree_g1_dex3_stack/local_setup.sh
-- Up-to-date symlink: /home/unitree/Desktop/unitree_dex3/install/unitree_g1_dex3_stack/share/unitree_g1_dex3_stack/local_setup.zsh
-- Up-to-date symlink: /home/unitree/Desktop/unitree_dex3/install/unitree_g1_dex3_stack/share/unitree_g1_dex3_stack/local_setup.dsv
-- Symlinking: /home/unitree/Desktop/unitree_dex3/install/unitree_g1_dex3_stack/share/unitree_g1_dex3_stack/package.dsv
-- Up-to-date symlink: /home/unitree/Desktop/unitree_dex3/install/unitree_g1_dex3_stack/share/ament_index/resource_index/packages/unitree_g1_dex3_stack
-- Up-to-date symlink: /home/unitree/Desktop/unitree_dex3/install/unitree_g1_dex3_stack/share/unitree_g1_dex3_stack/cmake/unitree_g1_dex3_stackConfig.cmake
-- Up-to-date symlink: /home/unitree/Desktop/unitree_dex3/install/unitree_g1_dex3_stack/share/unitree_g1_dex3_stack/cmake/unitree_g1_dex3_stackConfig-version.cmake
-- Up-to-date symlink: /home/unitree/Desktop/unitree_dex3/install/unitree_g1_dex3_stack/share/unitree_g1_dex3_stack/package.xml
